[2015.10.31-00.53.48:321][  0]Log file open, 10/31/15 08:53:48
[2015.10.31-00.53.48:321][  0]LogInit:Display: Running engine for game: Introduction
[2015.10.31-00.53.48:321][  0]LogInit:Display: RandInit(-1224264572) SRandInit(-1224264571).
[2015.10.31-00.53.48:321][  0]LogTaskGraph: Started task graph with 4 named threads and 5 total threads.
[2015.10.31-00.53.48:321][  0]LogStats: Stats thread started at 0.077204
[2015.10.31-00.53.48:321][  0]LogInit: Version: 4.9.2-2707645+++depot+UE4-Releases+4.9
[2015.10.31-00.53.48:321][  0]LogInit: API Version: 2672455
[2015.10.31-00.53.48:321][  0]LogInit: Compiled (64-bit): Sep 28 2015 10:25:44
[2015.10.31-00.53.48:321][  0]LogInit: Compiled with Visual C++: 18.00.21005.01
[2015.10.31-00.53.48:321][  0]LogInit: Build Configuration: Development
[2015.10.31-00.53.48:321][  0]LogInit: Branch Name: ++depot+UE4-Releases+4.9
[2015.10.31-00.53.48:321][  0]LogInit: Command line: 
[2015.10.31-00.53.48:321][  0]LogInit: Base directory: D:/Work/UE4/Epic Games/4.9/Engine/Binaries/Win64/
[2015.10.31-00.53.48:321][  0]LogInit: Rocket: 1
[2015.10.31-00.53.48:336][  0]LogInit: Using libcurl 7.41.0
[2015.10.31-00.53.48:336][  0]LogInit:  - built for x86_64-pc-win32
[2015.10.31-00.53.48:336][  0]LogInit:  - supports SSL with WinSSL
[2015.10.31-00.53.48:336][  0]LogInit:  - other features:
[2015.10.31-00.53.48:336][  0]LogInit:      CURL_VERSION_SSL
[2015.10.31-00.53.48:336][  0]LogInit:      CURL_VERSION_IPV6
[2015.10.31-00.53.48:336][  0]LogInit:      CURL_VERSION_ASYNCHDNS
[2015.10.31-00.53.48:336][  0]LogInit:      CURL_VERSION_LARGEFILE
[2015.10.31-00.53.48:336][  0]LogInit:      CURL_VERSION_IDN
[2015.10.31-00.53.48:336][  0]LogInit:  CurlRequestOptions (configurable via config and command line):
[2015.10.31-00.53.48:336][  0]LogInit:  - bVerifyPeer = true  - Libcurl will verify peer certificate
[2015.10.31-00.53.48:336][  0]LogInit:  - bUseHttpProxy = false  - Libcurl will NOT use HTTP proxy
[2015.10.31-00.53.48:336][  0]LogInit:  - bDontReuseConnections = false  - Libcurl will reuse connections
[2015.10.31-00.53.48:336][  0]LogInit:  - CertBundlePath = nullptr  - Libcurl will use whatever was configured at build time.
[2015.10.31-00.53.48:345][  0]LogInit: Presizing for 0 objects not considered by GC, pre-allocating 0 bytes.
[2015.10.31-00.53.48:355][  0]LogInit: Object subsystem initialized
[2015.10.31-00.53.48:357][  0]LogInit: Selected Device Profile: [Windows]
[2015.10.31-00.53.48:357][  0]LogInit: Applying CVar settings loaded from the selected device profile: [Windows]
[2015.10.31-00.53.48:368][  0]LogInit: Computer: LENOVO-PC
[2015.10.31-00.53.48:368][  0]LogInit: User: user
[2015.10.31-00.53.48:368][  0]LogInit: CPU Page size=4096, Cores=2
[2015.10.31-00.53.48:368][  0]LogInit: High frequency timer resolution =2.825502 MHz
[2015.10.31-00.53.48:368][  0]LogMemory: Memory total: Physical=11.9GB (12GB approx)
[2015.10.31-00.53.48:368][  0]LogMemory: Platform Memory Stats for Windows
[2015.10.31-00.53.48:368][  0]LogMemory: Process Physical Memory: 52.38 MB used, 52.38 MB peak
[2015.10.31-00.53.48:368][  0]LogMemory: Process Virtual Memory: 57.14 MB used, 57.14 MB peak
[2015.10.31-00.53.48:368][  0]LogMemory: Physical Memory: 2540.50 MB used, 12200.27 MB total
[2015.10.31-00.53.48:368][  0]LogMemory: Virtual Memory: 349.79 MB used, 134217728.00 MB total
[2015.10.31-00.53.48:423][  0]LogTextLocalizationManager: No specific translations for ('en-AS') exist, so ('en') translations will be used.
[2015.10.31-00.53.49:615][  0]LogD3D11RHI: Found D3D11 adapter 0: NVIDIA GeForce GTX 860M   (Feature Level 11_0)
[2015.10.31-00.53.49:615][  0]LogD3D11RHI: Adapter has 1972MB of dedicated video memory, 0MB of dedicated system memory, and 2048MB of shared system memory, 1 output[s]
[2015.10.31-00.53.49:623][  0]LogD3D11RHI: Found D3D11 adapter 1: Intel(R) HD Graphics 4600 (Feature Level 11_0)
[2015.10.31-00.53.49:623][  0]LogD3D11RHI: Adapter has 0MB of dedicated video memory, 0MB of dedicated system memory, and 1792MB of shared system memory, 0 output[s]
[2015.10.31-00.53.49:626][  0]LogD3D11RHI: Found D3D11 adapter 2: Microsoft Basic Render Driver (Feature Level 11_0)
[2015.10.31-00.53.49:626][  0]LogD3D11RHI: Adapter has 0MB of dedicated video memory, 0MB of dedicated system memory, and 256MB of shared system memory, 0 output[s]
[2015.10.31-00.53.49:626][  0]LogD3D11RHI: Chosen D3D11 Adapter Id = 0
[2015.10.31-00.53.49:631][  0]LogD3D11RHI: !Direct3DDevice
[2015.10.31-00.53.49:631][  0]LogRHI: Texture pool is 1361 MB (70% of 1945 MB)
[2015.10.31-00.53.49:655][  0]LogD3D11RHI: Async texture creation enabled
[2015.10.31-00.53.49:669][  0]LogShaderCompilers: Guid format shader working directory is 15 characters bigger than the processId version (../../../../../Projects/UE4Study/Intermediate/Shaders/WorkingDirectory/4184/).
[2015.10.31-00.53.49:669][  0]LogShaderCompilers: Cleaned the shader compiler working directory '../../../../../Projects/UE4Study/Intermediate/Shaders/tmp/A453A18C4CDF90E55AFBD29BA3FCC2E2/'.
[2015.10.31-00.53.49:669][  0]LogShaderCompilers:Display: Using Local Shader Compiler.
[2015.10.31-00.53.51:551][  0]LogTemp:Display: Loaded TP AllDesktopTargetPlatform
[2015.10.31-00.53.51:559][  0]LogTemp:Display: Loaded TP WindowsClientTargetPlatform
[2015.10.31-00.53.51:568][  0]LogTemp:Display: Loaded TP WindowsNoEditorTargetPlatform
[2015.10.31-00.53.51:576][  0]LogTemp:Display: Loaded TP WindowsServerTargetPlatform
[2015.10.31-00.53.51:584][  0]LogTemp:Display: Loaded TP WindowsTargetPlatform
[2015.10.31-00.53.51:591][  0]LogTemp:Display: Loaded TP AndroidTargetPlatform
[2015.10.31-00.53.51:596][  0]LogTemp:Display: Loaded TP Android_ASTCTargetPlatform
[2015.10.31-00.53.51:603][  0]LogTemp:Display: Loaded TP Android_ATCTargetPlatform
[2015.10.31-00.53.51:609][  0]LogTemp:Display: Loaded TP Android_DXTTargetPlatform
[2015.10.31-00.53.51:615][  0]LogTemp:Display: Loaded TP Android_ETC1TargetPlatform
[2015.10.31-00.53.51:620][  0]LogTemp:Display: Loaded TP Android_ETC2TargetPlatform
[2015.10.31-00.53.51:627][  0]LogTemp:Display: Loaded TP Android_PVRTCTargetPlatform
[2015.10.31-00.53.51:628][  0]LogTemp:Display: Loaded TP HTML5TargetPlatform
[2015.10.31-00.53.51:649][  0]LogTemp:Display: Loaded TP IOSTargetPlatform
[2015.10.31-00.53.51:654][  0]LogTemp:Display: Loaded TP LinuxNoEditorTargetPlatform
[2015.10.31-00.53.51:661][  0]LogTemp:Display: Loaded TP LinuxServerTargetPlatform
[2015.10.31-00.53.51:668][  0]LogTemp:Display: Loaded TP LinuxTargetPlatform
[2015.10.31-00.53.51:668][  0]LogTargetPlatformManager:Display: Building Assets For Windows
[2015.10.31-00.53.51:794][  0]LogDerivedDataCache:Display: Max Cache Size: 512 MB
[2015.10.31-00.53.51:869][  0]LogDerivedDataCache: Loaded boot cache 0.07s 41MB C:/Users/user/AppData/Local/UnrealEngine/4.9/DerivedDataCache/Boot.ddc.
[2015.10.31-00.53.51:869][  0]LogDerivedDataCache:Display: Loaded Boot cache: C:/Users/user/AppData/Local/UnrealEngine/4.9/DerivedDataCache/Boot.ddc
[2015.10.31-00.53.51:869][  0]LogDerivedDataCache: FDerivedDataBackendGraph:  Pak pak cache file ../../../../../Projects/UE4Study/DerivedDataCache/DDC.ddp not found, will not use a pak cache.
[2015.10.31-00.53.51:869][  0]LogDerivedDataCache: Unable to find inner node Pak for hierarchical cache Hierarchy.
[2015.10.31-00.53.51:869][  0]LogDerivedDataCache: FDerivedDataBackendGraph:  CompressedPak pak cache file ../../../../../Projects/UE4Study/DerivedDataCache/Compressed.ddp not found, will not use a pak cache.
[2015.10.31-00.53.51:870][  0]LogDerivedDataCache: Unable to find inner node CompressedPak for hierarchical cache Hierarchy.
[2015.10.31-00.53.52:102][  0]LogDerivedDataCache:Display: Pak cache opened for reading ../../../Engine/DerivedDataCache/Compressed.ddp.
[2015.10.31-00.53.52:116][  0]LogDerivedDataCache: Using Local data cache path C:/Users/user/AppData/Local/UnrealEngine/Common/DerivedDataCache: Writable
[2015.10.31-00.53.52:443][  0]LogInit: Selected Device Profile: [Windows]
[2015.10.31-00.53.52:447][  0]LogContentStreaming: Texture pool size is 0.000000MB
[2015.10.31-00.53.52:661][  0]LogMeshUtilities: No automatic mesh reduction module available
[2015.10.31-00.53.52:661][  0]LogMeshUtilities: No automatic mesh merging module available
[2015.10.31-00.53.53:195][  0]LogInit: WinSock: version 1.1 (2.2), MaxSocks=32767, MaxUdp=65467
[2015.10.31-00.53.54:279][  0]UdpMessaging: Initializing bridge on interface 0.0.0.0:0 to multicast group 230.0.0.1:6666.
[2015.10.31-00.53.54:381][  0]LogAssetRegistry: FAssetRegistry took 0.0106 seconds to start up
[2015.10.31-00.53.54:612][  0]SourceControl: Info Source control is disabled
[2015.10.31-00.53.54:701][  0]SourceControl: Info Source control is disabled
[2015.10.31-00.53.54:716][  0]SourceControl: Info Source control is disabled
[2015.10.31-00.53.54:731][  0]SourceControl: Info Source control is disabled
[2015.10.31-00.53.54:944][  0]LogLinker:Warning: Asset '../../../Engine/Plugins/Runtime/LeapMotionController/Content/LM_PassthroughMaterial.uasset' has been saved with empty engine version. The asset will be loaded but may be incompatible.
[2015.10.31-00.53.55:055][  0]LogObj: 28361 objects as part of root set at end of initial load.
[2015.10.31-00.53.55:055][  0]LogUObjectAllocator: 6038872 out of 0 bytes used by permanent object pool.
[2015.10.31-00.53.55:139][  0]LogEngine: Initializing Engine...
[2015.10.31-00.53.55:143][  0]LogHMD: Can't find Oculus library dev build: is proper Runtime installed? Version: 0.7.0.0
[2015.10.31-00.53.55:144][  0]LogHMD: SteamVR failed to initialize.  Err: 110
[2015.10.31-00.53.55:354][  0]LogAIModule: Creating AISystem for world NewWorld
[2015.10.31-00.53.55:364][  0]LogInit: XAudio2 using '扬声器 (Realtek High Definition Audio)' : 2 channels at 48 kHz using 32 bits per sample (channel mask 0x3)
[2015.10.31-00.53.55:413][  0]LogInit: FAudioDevice initialized.
[2015.10.31-00.53.55:447][  0]LogDerivedDataCache: Saved boot cache 0.03s 41MB C:/Users/user/AppData/Local/UnrealEngine/4.9/DerivedDataCache/Boot.ddc.
[2015.10.31-00.53.55:451][  0]LogInit: Texture streaming: Enabled
[2015.10.31-00.53.55:459][  0]LogAnalytics: Creating configured Analytics provider AnalyticsET
[2015.10.31-00.53.55:459][  0]LogAnalytics: [UEEditor.Rocket.Release] APIServer = http://et2.epicgames.com/ET2/. AppVersion = 4.9.2-2707645+++depot+UE4-Releases+4.9
[2015.10.31-00.53.55:459][  0]LogAnalytics: [UEEditor.Rocket.Release] SetUserId 9f32512f489ba9d85b11adafcc898a7b|b0673e94d52d486cbdf3580f32be2351|a1368a20-e5a8-4867-a4a8-60870698c502
[2015.10.31-00.53.55:459][  0]LogAnalytics: [UEEditor.Rocket.Release] AnalyticsET::StartSession
[2015.10.31-00.53.55:481][  0]LogWindowsTextInputMethodSystem:Display: IME system now activated using TSF (搜狗拼音输入法).
[2015.10.31-00.53.55:566][  0]LogInit: Transaction tracking system initialized
[2015.10.31-00.53.55:606][  0]BlueprintLog: New page: Editor Load
[2015.10.31-00.53.55:717][  0]LocalizationService: Info Localization service is disabled
[2015.10.31-00.53.55:842][  0]LogConsoleResponse:Display: 
[2015.10.31-00.53.56:030][  0]LogFileCache: Scanning file cache for directory 'D:/Work/UE4/Projects/UE4Study/Content/' took 0.01s
[2015.10.31-00.53.56:030][  0]LogCook:Display: Done creating registry. It took  0.00s.
[2015.10.31-00.53.56:105][  0]SourceControl: Info Source control is disabled
[2015.10.31-00.53.56:105][  0]Cmd: MAP LOAD FILE="../../../../../Projects/UE4Study/Content/StarterContent/Maps/Minimal_Default.umap" TEMPLATE=0 SHOWPROGRESS=1 FEATURELEVEL=3
[2015.10.31-00.53.56:106][  0]LightingResults: New page: Lighting Build
[2015.10.31-00.53.56:109][  0]MapCheck: New page: Map Check
[2015.10.31-00.53.56:109][  0]LightingResults: New page: Lighting Build
[2015.10.31-00.53.56:138][  0]LogParticles: Destroying 0 GPU particle simulations for FXSystem 0x0000006566879E40
[2015.10.31-00.54.03:090][  0]LogMaterial: Missing cached shader map for material MyBasicMat, compiling. 
[2015.10.31-00.54.04:010][  0]LogAIModule: Creating AISystem for world Minimal_Default
[2015.10.31-00.54.04:117][  0]LogEditorServer: Finished looking for orphan Actors (0.000 secs)
[2015.10.31-00.54.04:117][  0]Cmd: MAP CHECKDEP NOCLEARLOG
[2015.10.31-00.54.04:188][  0]MapCheck: Info Map check complete: 0 Error(s), 0 Warning(s), took 70.447ms to complete.
[2015.10.31-00.54.04:188][  0]LogFileHelpers: Loading map 'Minimal_Default' took 8.083
[2015.10.31-00.54.07:864][  0]LogCrashTracker: Crashtracker disabled due to settings.
[2015.10.31-00.54.07:933][  0]LogUObjectGlobals:Warning: Failed to find object 'Class None.'
[2015.10.31-00.54.08:091][  0]LogLoad: Full Startup: 20.44 seconds (BP compile: 0.08 seconds)
[2015.10.31-00.54.09:315][  0]LogContentStreaming: Texture pool size now 1000 MB
[2015.10.31-00.54.09:645][  0]LogRenderer: Reallocating scene render targets to support 1208x924 (Frame:2).
[2015.10.31-00.54.18:241][379]LogAssetRegistry: Asset discovery search completed in 23.8702 seconds
[2015.10.31-00.54.18:258][379]LogCollectionManager: Loaded 0 collections in 0.002775 seconds
[2015.10.31-00.54.18:297][379]LogFileCache: Scanning file cache for directory 'D:/Work/UE4/Projects/UE4Study/Saved/Collections/' took 0.01s
[2015.10.31-00.54.18:297][379]LogFileCache: Scanning file cache for directory 'D:/Work/UE4/Projects/UE4Study/Content/Developers/user/Collections/' took 0.01s
[2015.10.31-00.54.18:297][379]LogFileCache: Scanning file cache for directory 'D:/Work/UE4/Projects/UE4Study/Content/Collections/' took 0.01s
[2015.10.31-00.54.18:297][379]LogCollectionManager: Rebuilt the object cache for 0 collections in 0.000004 seconds (found 0 objects)
[2015.10.31-00.54.18:297][379]LogCollectionManager: Fixed up redirectors for 0 collections in 0.000089 seconds (updated 0 objects)
[2015.10.31-00.54.19:062][413]LogEditorViewport: Clicking on Actor (LMB): StaticMeshActor (SM_MatPreviewMesh_02)
[2015.10.31-00.54.25:767][626]LogContentBrowser: Native class hierarchy populated in 0.0349 seconds. Added 1868 classes and 335 folders.
[2015.10.31-00.54.29:633][798]LogCollectionManager: Rebuilt the GUID cache for 0 collections in 0.000001 seconds
[2015.10.31-00.54.29:789][798]LogContentBrowser: Native class hierarchy updated for 'WidgetCarousel' in 0.0006 seconds. Added 0 classes and 0 folders.
[2015.10.31-00.54.30:380][798]LogContentBrowser: Native class hierarchy updated for 'AddContentDialog' in 0.0005 seconds. Added 0 classes and 0 folders.
[2015.10.31-00.54.32:584][908]LogMaterial: Missing cached shader map for material MyBasicMat, compiling. 
[2015.10.31-00.54.32:984][908]LogMaterial: Missing cached shader map for material MyBasicMat, compiling. 
[2015.10.31-00.54.33:004][908]LogMaterial: 0.000027 seconds spent updating 1 materials, 1 interfaces, 0 instances, 0 with static permutations.
[2015.10.31-00.54.33:033][908]LogMaterial: Missing cached shader map for material FMatExpressionPreview MaterialExpressionTextureSample_4, compiling. 
[2015.10.31-00.54.33:038][908]LogMaterial: Missing cached shader map for material FMatExpressionPreview MaterialExpressionTextureSample_2, compiling. 
[2015.10.31-00.54.33:042][908]LogMaterial: Missing cached shader map for material FMatExpressionPreview MaterialExpressionConstant3Vector_9, compiling. 
[2015.10.31-00.54.33:047][908]LogMaterial: Missing cached shader map for material FMatExpressionPreview MaterialExpressionTextureSample_0, compiling. 
[2015.10.31-00.54.33:051][908]LogMaterial: Missing cached shader map for material FMatExpressionPreview MaterialExpressionConstant3Vector_3, compiling. 
[2015.10.31-00.54.33:056][908]LogMaterial: Missing cached shader map for material FMatExpressionPreview MaterialExpressionPanner_0, compiling. 
[2015.10.31-00.54.33:060][908]LogMaterial: Missing cached shader map for material FMatExpressionPreview MaterialExpressionConstant3Vector_7, compiling. 
[2015.10.31-00.54.33:064][908]LogMaterial: Missing cached shader map for material FMatExpressionPreview MaterialExpressionConstant3Vector_10, compiling. 
[2015.10.31-00.54.33:068][908]LogMaterial: Missing cached shader map for material FMatExpressionPreview MaterialExpressionTextureSample_5, compiling. 
[2015.10.31-00.54.53:519][ 39]MaterialEditorStats: Info Base pass shader with static lighting: 82 instructions
[2015.10.31-00.54.53:519][ 39]MaterialEditorStats: Info Base pass shader with only dynamic lighting: 50 instructions
[2015.10.31-00.54.53:519][ 39]MaterialEditorStats: Info Vertex shader: 28 instructions
[2015.10.31-00.54.53:519][ 39]MaterialEditorStats: Info Texture samplers: 4/16
[2015.10.31-00.55.25:552][372]LogMaterial: Missing cached shader map for material MyBasicMat, compiling. 
[2015.10.31-00.55.25:579][372]LogMaterial: 0.000168 seconds spent updating 1 materials, 1 interfaces, 0 instances, 0 with static permutations.
[2015.10.31-00.55.39:626][166]LogMaterial: Missing cached shader map for material MyBasicMat, compiling. 
[2015.10.31-00.55.39:693][166]LogMaterial: Missing cached shader map for material MyBasicMat, compiling. 
[2015.10.31-00.55.39:709][166]LogMaterial: 0.000044 seconds spent updating 1 materials, 1 interfaces, 0 instances, 0 with static permutations.
[2015.10.31-00.56.00:109][335]MaterialEditorStats: Info Base pass shader with static lighting: 65 instructions
[2015.10.31-00.56.00:110][335]MaterialEditorStats: Info Base pass shader with only dynamic lighting: 25 instructions
[2015.10.31-00.56.00:110][335]MaterialEditorStats: Info Base pass shader for self shadowed translucency: 61 instructions
[2015.10.31-00.56.00:110][335]MaterialEditorStats: Info Vertex shader: 65 instructions
[2015.10.31-00.56.00:110][335]MaterialEditorStats: Info Texture samplers: 5/16
[2015.10.31-00.56.37:251][326]LogMaterial: Missing cached shader map for material MyBasicMat, compiling. 
[2015.10.31-00.56.37:269][326]LogMaterial: Missing cached shader map for material MyBasicMat, compiling. 
[2015.10.31-00.56.37:278][326]LogMaterial: 0.000057 seconds spent updating 1 materials, 1 interfaces, 0 instances, 0 with static permutations.
[2015.10.31-00.56.46:210][835]MaterialEditorStats: Info Base pass shader without light map: 4 instructions
[2015.10.31-00.56.46:210][835]MaterialEditorStats: Info Vertex shader: 63 instructions
[2015.10.31-00.56.46:210][835]MaterialEditorStats: Info Texture samplers: 3/16
[2015.10.31-00.56.51:535][152]LogMaterial: Missing cached shader map for material MyBasicMat, compiling. 
[2015.10.31-00.56.51:560][152]LogMaterial: Missing cached shader map for material MyBasicMat, compiling. 
[2015.10.31-00.56.51:575][152]LogMaterial: 0.000038 seconds spent updating 1 materials, 1 interfaces, 0 instances, 0 with static permutations.
[2015.10.31-00.57.02:745][796]LogMaterial: Missing cached shader map for material MyBasicMat, compiling. 
[2015.10.31-00.57.02:765][796]LogMaterial: 0.000031 seconds spent updating 1 materials, 1 interfaces, 0 instances, 0 with static permutations.
[2015.10.31-00.57.02:817][796]LogMaterial: Missing cached shader map for material FMatExpressionPreview MaterialExpressionConstant3Vector_9, compiling. 
[2015.10.31-00.57.29:251][ 83]MaterialEditorStats: Info Base pass shader with static lighting: 67 instructions
[2015.10.31-00.57.29:251][ 83]MaterialEditorStats: Info Base pass shader with only dynamic lighting: 25 instructions
[2015.10.31-00.57.29:251][ 83]MaterialEditorStats: Info Base pass shader for self shadowed translucency: 73 instructions
[2015.10.31-00.57.29:251][ 83]MaterialEditorStats: Info Vertex shader: 65 instructions
[2015.10.31-00.57.29:251][ 83]MaterialEditorStats: Info Texture samplers: 5/16
[2015.10.31-00.57.32:302][239]LogMaterialEditor: Applying material MyBasicMat
[2015.10.31-00.57.33:256][239]LogMaterial: Missing cached shader map for material MyBasicMat, compiling. 
[2015.10.31-00.57.33:324][239]LogMaterial: 0.000139 seconds spent updating 1 materials, 1 interfaces, 0 instances, 0 with static permutations.
[2015.10.31-00.57.33:406][239]LogMaterial: Missing cached shader map for material MyBasicMat, compiling. 
[2015.10.31-00.57.33:535][239]LogMaterial: Missing cached shader map for material MyBasicMat, compiling. 
[2015.10.31-00.57.33:565][239]LogMaterial: 0.000677 seconds spent updating 1 materials, 1 interfaces, 0 instances, 0 with static permutations.
[2015.10.31-00.59.29:577][277]MaterialEditorStats: Info Base pass shader with static lighting: 84 instructions
[2015.10.31-00.59.29:578][277]MaterialEditorStats: Info Base pass shader with only dynamic lighting: 41 instructions
[2015.10.31-00.59.29:578][277]MaterialEditorStats: Info Base pass shader for self shadowed translucency: 89 instructions
[2015.10.31-00.59.29:578][277]MaterialEditorStats: Info Vertex shader: 65 instructions
[2015.10.31-00.59.29:578][277]MaterialEditorStats: Info Texture samplers: 5/16
[2015.10.31-00.59.51:747][469]LogMaterial: Missing cached shader map for material MyBasicMat, compiling. 
[2015.10.31-00.59.51:764][469]LogMaterial: 0.000079 seconds spent updating 1 materials, 1 interfaces, 0 instances, 0 with static permutations.
[2015.10.31-00.59.51:791][469]LogMaterial: Missing cached shader map for material FMatExpressionPreview MaterialExpressionConstant3Vector_9, compiling. 
[2015.10.31-01.00.00:512][706]MaterialEditorStats: Info Base pass shader with static lighting: 67 instructions
[2015.10.31-01.00.00:512][706]MaterialEditorStats: Info Base pass shader with only dynamic lighting: 25 instructions
[2015.10.31-01.00.00:512][706]MaterialEditorStats: Info Base pass shader for self shadowed translucency: 73 instructions
[2015.10.31-01.00.00:512][706]MaterialEditorStats: Info Vertex shader: 65 instructions
[2015.10.31-01.00.00:512][706]MaterialEditorStats: Info Texture samplers: 5/16
[2015.10.31-01.00.06:242][ 17]LogMaterial: Missing cached shader map for material MyBasicMat, compiling. 
[2015.10.31-01.00.06:260][ 17]LogMaterial: 0.000092 seconds spent updating 1 materials, 1 interfaces, 0 instances, 0 with static permutations.
[2015.10.31-01.00.08:273][130]LogMaterial: Missing cached shader map for material MyBasicMat, compiling. 
[2015.10.31-01.00.08:298][130]LogMaterial: 0.000030 seconds spent updating 1 materials, 1 interfaces, 0 instances, 0 with static permutations.
[2015.10.31-01.00.26:451][176]MaterialEditorStats: Info Base pass shader with static lighting: 67 instructions
[2015.10.31-01.00.26:452][176]MaterialEditorStats: Info Base pass shader with only dynamic lighting: 25 instructions
[2015.10.31-01.00.26:452][176]MaterialEditorStats: Info Base pass shader for self shadowed translucency: 73 instructions
[2015.10.31-01.00.26:452][176]MaterialEditorStats: Info Vertex shader: 65 instructions
[2015.10.31-01.00.26:452][176]MaterialEditorStats: Info Texture samplers: 5/16
[2015.10.31-01.00.49:744][458]LogMaterial: Missing cached shader map for material MyBasicMat, compiling. 
[2015.10.31-01.00.49:766][458]LogMaterial: 0.000101 seconds spent updating 1 materials, 1 interfaces, 0 instances, 0 with static permutations.
[2015.10.31-01.00.51:215][535]Cmd: OBJ SAVEPACKAGE PACKAGE="/Game/MyMats/MyBasicMat" FILE="../../../../../Projects/UE4Study/Content/MyMats/MyBasicMat.uasset" SILENT=true
[2015.10.31-01.00.51:246][535]LogSavePackage: Save=18.721628ms
[2015.10.31-01.00.51:246][535]LogSavePackage: Moving '../../../../../Projects/UE4Study/Saved/MyBasicMat66CED93A4C3F95E2CDA58EB75D34B135.tmp' to '../../../../../Projects/UE4Study/Content/MyMats/MyBasicMat.uasset'
[2015.10.31-01.00.51:250][535]LogSavePackage: Total save time: 33.099961ms
[2015.10.31-01.00.51:250][535]LogSavePackage:Warning: Finished SavePackage ../../../../../Projects/UE4Study/Content/MyMats/MyBasicMat.uasset
[2015.10.31-01.01.07:755][487]MaterialEditorStats: Info Base pass shader with static lighting: 67 instructions
[2015.10.31-01.01.07:755][487]MaterialEditorStats: Info Base pass shader with only dynamic lighting: 25 instructions
[2015.10.31-01.01.07:755][487]MaterialEditorStats: Info Base pass shader for self shadowed translucency: 73 instructions
[2015.10.31-01.01.07:755][487]MaterialEditorStats: Info Vertex shader: 65 instructions
[2015.10.31-01.01.07:755][487]MaterialEditorStats: Info Texture samplers: 5/16
[2015.10.31-01.01.12:661][748]LogMaterialEditor: Applying material MyBasicMat
[2015.10.31-01.01.13:585][748]LogMaterial: Missing cached shader map for material MyBasicMat, compiling. 
[2015.10.31-01.01.13:674][748]LogMaterial: 0.000073 seconds spent updating 1 materials, 1 interfaces, 0 instances, 0 with static permutations.
[2015.10.31-01.01.13:727][748]LogMaterial: Missing cached shader map for material MyBasicMat, compiling. 
[2015.10.31-01.01.13:859][748]LogMaterial: Missing cached shader map for material MyBasicMat, compiling. 
[2015.10.31-01.01.13:890][748]LogMaterial: 0.000537 seconds spent updating 1 materials, 1 interfaces, 0 instances, 0 with static permutations.
[2015.10.31-01.01.31:303][746]LogMaterial: Missing cached shader map for material MyBasicMat, compiling. 
[2015.10.31-01.01.31:322][746]LogMaterial: 0.000033 seconds spent updating 1 materials, 1 interfaces, 0 instances, 0 with static permutations.
[2015.10.31-01.01.31:348][746]LogMaterial: Missing cached shader map for material FMatExpressionPreview MaterialExpressionTextureSample_4, compiling. 
[2015.10.31-01.01.33:140][849]LogMaterialEditor: Applying material MyBasicMat
[2015.10.31-01.01.34:031][849]LogMaterial: Missing cached shader map for material MyBasicMat, compiling. 
[2015.10.31-01.01.34:122][849]LogMaterial: 0.000173 seconds spent updating 1 materials, 1 interfaces, 0 instances, 0 with static permutations.
[2015.10.31-01.01.34:175][849]LogMaterial: Missing cached shader map for material MyBasicMat, compiling. 
[2015.10.31-01.01.34:302][849]LogMaterial: Missing cached shader map for material MyBasicMat, compiling. 
[2015.10.31-01.01.34:333][849]LogMaterial: 0.000507 seconds spent updating 1 materials, 1 interfaces, 0 instances, 0 with static permutations.
[2015.10.31-01.03.37:511][969]MaterialEditorStats: Info Base pass shader with static lighting: 89 instructions
[2015.10.31-01.03.37:511][969]MaterialEditorStats: Info Base pass shader with only dynamic lighting: 46 instructions
[2015.10.31-01.03.37:511][969]MaterialEditorStats: Info Base pass shader for self shadowed translucency: 94 instructions
[2015.10.31-01.03.37:511][969]MaterialEditorStats: Info Vertex shader: 65 instructions
[2015.10.31-01.03.37:511][969]MaterialEditorStats: Info Texture samplers: 6/16
[2015.10.31-01.04.08:834][351]LogFileHelpers: Editor autosave (incl. sublevels) for '/Game/StarterContent/Maps/Minimal_Default' took 0.033
[2015.10.31-01.04.08:840][351]OBJ SavePackage: Generating thumbnails for [1] asset(s) in package [/Game/MyMats/MyBasicMat] ([1] browsable assets)...
[2015.10.31-01.04.08:894][351]OBJ SavePackage:     Rendered thumbnail for [Material /Game/MyMats/MyBasicMat.MyBasicMat]
[2015.10.31-01.04.08:895][351]OBJ SavePackage: Finished generating thumbnails for package [/Game/MyMats/MyBasicMat]
[2015.10.31-01.04.08:895][351]Cmd: OBJ SAVEPACKAGE PACKAGE="/Game/MyMats/MyBasicMat" FILE="../../../../../Projects/UE4Study/Saved/Autosaves/Game/MyMats/MyBasicMat_Auto1.uasset" SILENT=false AUTOSAVING=true
[2015.10.31-01.04.08:927][351]LogSavePackage: Save=22.121025ms
[2015.10.31-01.04.08:927][351]LogSavePackage: Moving '../../../../../Projects/UE4Study/Saved/MyBasicMat_Auto15087B65348C2D65D4416A7B193B3F174.tmp' to '../../../../../Projects/UE4Study/Saved/Autosaves/Game/MyMats/MyBasicMat_Auto1.uasset'
[2015.10.31-01.04.08:929][351]LogSavePackage: Total save time: 33.007231ms
[2015.10.31-01.04.08:929][351]LogSavePackage:Warning: Finished SavePackage ../../../../../Projects/UE4Study/Saved/Autosaves/Game/MyMats/MyBasicMat_Auto1.uasset
[2015.10.31-01.04.08:929][351]LogFileHelpers: Auto-saving content packages took 0.094
[2015.10.31-01.05.36:734][640]LogMaterial: Missing cached shader map for material MyBasicMat, compiling. 
[2015.10.31-01.05.36:762][640]LogMaterial: Missing cached shader map for material MyBasicMat, compiling. 
[2015.10.31-01.05.36:777][640]LogMaterial: 0.000053 seconds spent updating 1 materials, 1 interfaces, 0 instances, 0 with static permutations.
[2015.10.31-01.05.56:842][805]MaterialEditorStats: Info Base pass shader with static lighting: 66 instructions
[2015.10.31-01.05.56:842][805]MaterialEditorStats: Info Base pass shader with only dynamic lighting: 26 instructions
[2015.10.31-01.05.56:842][805]MaterialEditorStats: Info Base pass shader for self shadowed translucency: 62 instructions
[2015.10.31-01.05.56:842][805]MaterialEditorStats: Info Vertex shader: 65 instructions
[2015.10.31-01.05.56:842][805]MaterialEditorStats: Info Texture samplers: 6/16
[2015.10.31-01.06.11:599][617]LogMaterialEditor: Applying material MyBasicMat
[2015.10.31-01.06.12:533][617]LogMaterial: Missing cached shader map for material MyBasicMat, compiling. 
[2015.10.31-01.06.12:612][617]LogMaterial: 0.000076 seconds spent updating 1 materials, 1 interfaces, 0 instances, 0 with static permutations.
[2015.10.31-01.06.12:665][617]LogMaterial: Missing cached shader map for material MyBasicMat, compiling. 
[2015.10.31-01.06.12:793][617]LogMaterial: Missing cached shader map for material MyBasicMat, compiling. 
[2015.10.31-01.06.12:825][617]LogMaterial: 0.000621 seconds spent updating 1 materials, 1 interfaces, 0 instances, 0 with static permutations.
[2015.10.31-01.07.43:851][882]MaterialEditorStats: Info Base pass shader with static lighting: 87 instructions
[2015.10.31-01.07.43:851][882]MaterialEditorStats: Info Base pass shader with only dynamic lighting: 46 instructions
[2015.10.31-01.07.43:851][882]MaterialEditorStats: Info Base pass shader for self shadowed translucency: 82 instructions
[2015.10.31-01.07.43:851][882]MaterialEditorStats: Info Vertex shader: 65 instructions
[2015.10.31-01.07.43:851][882]MaterialEditorStats: Info Texture samplers: 6/16
[2015.10.31-01.10.13:751][416]Cmd: OBJ SAVEPACKAGE PACKAGE="/Game/MyMats/MyBasicMat" FILE="../../../../../Projects/UE4Study/Content/MyMats/MyBasicMat.uasset" SILENT=true
[2015.10.31-01.10.13:783][416]LogSavePackage: Save=19.827272ms
[2015.10.31-01.10.13:783][416]LogSavePackage: Moving '../../../../../Projects/UE4Study/Saved/MyBasicMat844C190A41518F1F569FF79A80D70731.tmp' to '../../../../../Projects/UE4Study/Content/MyMats/MyBasicMat.uasset'
[2015.10.31-01.10.13:787][416]LogSavePackage: Total save time: 34.573328ms
[2015.10.31-01.10.13:787][416]LogSavePackage:Warning: Finished SavePackage ../../../../../Projects/UE4Study/Content/MyMats/MyBasicMat.uasset
[2015.10.31-01.10.31:099][372]LogParticles: Destroying 0 GPU particle simulations for FXSystem 0x0000006573CC74C0
[2015.10.31-01.10.31:106][372]Cmd: MAP LOAD FILE="../../../../../Projects/UE4Study/Content/StarterContent/Maps/My_ComplexRoom.umap" TEMPLATE=0 SHOWPROGRESS=1 FEATURELEVEL=3
[2015.10.31-01.10.31:154][372]LightingResults: New page: Lighting Build
[2015.10.31-01.10.31:187][372]LoadErrors: New page: Loading map: My_ComplexRoom.umap
[2015.10.31-01.10.31:189][372]MapCheck: New page: Map Check
[2015.10.31-01.10.31:189][372]LightingResults: New page: Lighting Build
[2015.10.31-01.10.31:219][372]LogParticles: Destroying 0 GPU particle simulations for FXSystem 0x00000065691AEE80
[2015.10.31-01.10.32:455][372]LogStaticMesh: Building static mesh SM_Electrical_Outlet...
[2015.10.31-01.10.32:613][372]LogStaticMesh: Built static mesh [0.165697.2s] /Game/DT_Props/SM_Electrical_Outlet.SM_Electrical_Outlet
[2015.10.31-01.10.32:619][372]LogMaterial: Missing cached shader map for material M_Plastic, compiling. 
[2015.10.31-01.10.32:658][372]LogMaterial: Missing cached shader map for material M_Wire, compiling. 
[2015.10.31-01.10.32:711][372]LogMaterial: Missing cached shader map for material M_PaintedMetal, compiling. 
[2015.10.31-01.10.32:758][372]LogTexture:Display: Building textures: T_COG_Foliage_Leaves_D (AutoDXT)
[2015.10.31-01.10.33:525][372]LogTexture:Display: Building textures: T_COG_Foliage_Leaves_N (BC5)
[2015.10.31-01.10.33:604][372]LogMaterial: Missing cached shader map for material M_Tree_Branches, compiling. 
[2015.10.31-01.10.33:883][372]LogStaticMesh: Building static mesh S_BuildingSetA_Tree_02...
[2015.10.31-01.10.34:443][372]LogStaticMesh: Built static mesh [0.559218.2s] /Game/Assets/Meshes/S_BuildingSetA_Tree_02.S_BuildingSetA_Tree_02
[2015.10.31-01.10.34:541][372]LogTexture:Display: Building textures: Soul_Tree01DF (AutoDXT)
[2015.10.31-01.10.36:067][372]LogTexture:Display: Building textures: Soul_Tree01NRM (BC5)
[2015.10.31-01.10.36:776][372]LogTexture:Display: Building textures: T_Bark01_D (AutoDXT)
[2015.10.31-01.10.49:749][372]LogStaticMesh: Building static mesh Soul_FG01...
[2015.10.31-01.10.49:762][372]LogStaticMesh: Built static mesh [0.013249.2s] /Game/Assets/Meshes/Soul_FG01.Soul_FG01
[2015.10.31-01.10.49:820][372]LogTexture:Display: Building textures: Texture2D_5 (BGRA8)
[2015.10.31-01.10.49:876][372]LogTexture:Display: Building textures: HQ_Lightmap0_1 (AutoDXT)
[2015.10.31-01.10.50:917][372]LogTexture:Display: Building textures: HQ_Lightmap0_10 (AutoDXT)
[2015.10.31-01.10.50:932][372]LogTexture:Display: Building textures: HQ_Lightmap0_11 (AutoDXT)
[2015.10.31-01.10.50:935][372]LogTexture:Display: Building textures: HQ_Lightmap0_12 (AutoDXT)
[2015.10.31-01.10.50:938][372]LogTexture:Display: Building textures: HQ_Lightmap0_13 (AutoDXT)
[2015.10.31-01.10.50:940][372]LogTexture:Display: Building textures: HQ_Lightmap0_14 (AutoDXT)
[2015.10.31-01.10.50:943][372]LogTexture:Display: Building textures: HQ_Lightmap0_15 (AutoDXT)
[2015.10.31-01.10.50:945][372]LogTexture:Display: Building textures: HQ_Lightmap0_16 (AutoDXT)
[2015.10.31-01.10.50:948][372]LogTexture:Display: Building textures: HQ_Lightmap0_17 (AutoDXT)
[2015.10.31-01.10.50:950][372]LogTexture:Display: Building textures: HQ_Lightmap0_18 (AutoDXT)
[2015.10.31-01.10.50:953][372]LogTexture:Display: Building textures: HQ_Lightmap0_19 (AutoDXT)
[2015.10.31-01.10.50:982][372]LogTexture:Display: Building textures: HQ_Lightmap0_2 (AutoDXT)
[2015.10.31-01.10.51:609][372]LogTexture:Display: Building textures: HQ_Lightmap0_20 (AutoDXT)
[2015.10.31-01.10.51:614][372]LogTexture:Display: Building textures: HQ_Lightmap0_21 (AutoDXT)
[2015.10.31-01.10.51:617][372]LogTexture:Display: Building textures: HQ_Lightmap0_22 (AutoDXT)
[2015.10.31-01.10.51:620][372]LogTexture:Display: Building textures: HQ_Lightmap0_23 (AutoDXT)
[2015.10.31-01.10.51:623][372]LogTexture:Display: Building textures: HQ_Lightmap0_24 (AutoDXT)
[2015.10.31-01.10.51:626][372]LogTexture:Display: Building textures: HQ_Lightmap0_25 (AutoDXT)
[2015.10.31-01.10.51:629][372]LogTexture:Display: Building textures: HQ_Lightmap0_26 (AutoDXT)
[2015.10.31-01.10.51:632][372]LogTexture:Display: Building textures: HQ_Lightmap0_27 (AutoDXT)
[2015.10.31-01.10.51:634][372]LogTexture:Display: Building textures: HQ_Lightmap0_28 (AutoDXT)
[2015.10.31-01.10.51:638][372]LogTexture:Display: Building textures: HQ_Lightmap0_29 (AutoDXT)
[2015.10.31-01.10.51:646][372]LogTexture:Display: Building textures: HQ_Lightmap0_3 (AutoDXT)
[2015.10.31-01.10.51:734][372]LogTexture:Display: Building textures: HQ_Lightmap0_30 (AutoDXT)
[2015.10.31-01.10.51:736][372]LogTexture:Display: Building textures: HQ_Lightmap0_31 (AutoDXT)
[2015.10.31-01.10.51:739][372]LogTexture:Display: Building textures: HQ_Lightmap0_32 (AutoDXT)
[2015.10.31-01.10.51:741][372]LogTexture:Display: Building textures: HQ_Lightmap0_33 (AutoDXT)
[2015.10.31-01.10.51:744][372]LogTexture:Display: Building textures: HQ_Lightmap0_34 (AutoDXT)
[2015.10.31-01.10.51:746][372]LogTexture:Display: Building textures: HQ_Lightmap0_35 (AutoDXT)
[2015.10.31-01.10.51:749][372]LogTexture:Display: Building textures: HQ_Lightmap0_36 (AutoDXT)
[2015.10.31-01.10.51:752][372]LogTexture:Display: Building textures: HQ_Lightmap0_37 (AutoDXT)
[2015.10.31-01.10.51:755][372]LogTexture:Display: Building textures: HQ_Lightmap0_38 (AutoDXT)
[2015.10.31-01.10.51:758][372]LogTexture:Display: Building textures: HQ_Lightmap0_39 (AutoDXT)
[2015.10.31-01.10.51:760][372]LogTexture:Display: Building textures: HQ_Lightmap0_4 (AutoDXT)
[2015.10.31-01.10.51:763][372]LogTexture:Display: Building textures: HQ_Lightmap0_40 (AutoDXT)
[2015.10.31-01.10.51:766][372]LogTexture:Display: Building textures: HQ_Lightmap0_41 (AutoDXT)
[2015.10.31-01.10.51:768][372]LogTexture:Display: Building textures: HQ_Lightmap0_42 (AutoDXT)
[2015.10.31-01.10.51:771][372]LogTexture:Display: Building textures: HQ_Lightmap0_43 (AutoDXT)
[2015.10.31-01.10.51:775][372]LogTexture:Display: Building textures: HQ_Lightmap0_44 (AutoDXT)
[2015.10.31-01.10.51:777][372]LogTexture:Display: Building textures: HQ_Lightmap0_45 (AutoDXT)
[2015.10.31-01.10.51:780][372]LogTexture:Display: Building textures: HQ_Lightmap0_46 (AutoDXT)
[2015.10.31-01.10.51:785][372]LogTexture:Display: Building textures: HQ_Lightmap0_47 (AutoDXT)
[2015.10.31-01.10.51:788][372]LogTexture:Display: Building textures: HQ_Lightmap0_48 (AutoDXT)
[2015.10.31-01.10.51:791][372]LogTexture:Display: Building textures: HQ_Lightmap0_49 (AutoDXT)
[2015.10.31-01.10.51:799][372]LogTexture:Display: Building textures: HQ_Lightmap0_5 (AutoDXT)
[2015.10.31-01.10.51:801][372]LogTexture:Display: Building textures: HQ_Lightmap0_50 (AutoDXT)
[2015.10.31-01.10.51:827][372]LogTexture:Display: Building textures: HQ_Lightmap0_51 (AutoDXT)
[2015.10.31-01.10.51:842][372]LogTexture:Display: Building textures: HQ_Lightmap0_52 (AutoDXT)
[2015.10.31-01.10.51:845][372]LogTexture:Display: Building textures: HQ_Lightmap0_53 (AutoDXT)
[2015.10.31-01.10.51:847][372]LogTexture:Display: Building textures: HQ_Lightmap0_54 (AutoDXT)
[2015.10.31-01.10.51:850][372]LogTexture:Display: Building textures: HQ_Lightmap0_55 (AutoDXT)
[2015.10.31-01.10.51:853][372]LogTexture:Display: Building textures: HQ_Lightmap0_56 (AutoDXT)
[2015.10.31-01.10.51:881][372]LogTexture:Display: Building textures: HQ_Lightmap0_57 (AutoDXT)
[2015.10.31-01.10.51:909][372]LogTexture:Display: Building textures: HQ_Lightmap0_58 (AutoDXT)
[2015.10.31-01.10.51:937][372]LogTexture:Display: Building textures: HQ_Lightmap0_59 (AutoDXT)
[2015.10.31-01.10.51:945][372]LogTexture:Display: Building textures: HQ_Lightmap0_6 (AutoDXT)
[2015.10.31-01.10.51:949][372]LogTexture:Display: Building textures: HQ_Lightmap0_60 (AutoDXT)
[2015.10.31-01.10.51:952][372]LogTexture:Display: Building textures: HQ_Lightmap0_61 (AutoDXT)
[2015.10.31-01.10.51:955][372]LogTexture:Display: Building textures: HQ_Lightmap0_62 (AutoDXT)
[2015.10.31-01.10.51:958][372]LogTexture:Display: Building textures: HQ_Lightmap0_63 (AutoDXT)
[2015.10.31-01.10.51:961][372]LogTexture:Display: Building textures: HQ_Lightmap0_64 (AutoDXT)
[2015.10.31-01.10.51:974][372]LogTexture:Display: Building textures: HQ_Lightmap0_65 (AutoDXT)
[2015.10.31-01.10.51:999][372]LogTexture:Display: Building textures: HQ_Lightmap0_66 (AutoDXT)
[2015.10.31-01.10.52:003][372]LogTexture:Display: Building textures: HQ_Lightmap0_67 (AutoDXT)
[2015.10.31-01.10.52:006][372]LogTexture:Display: Building textures: HQ_Lightmap0_7 (AutoDXT)
[2015.10.31-01.10.52:032][372]LogTexture:Display: Building textures: HQ_Lightmap0_8 (AutoDXT)
[2015.10.31-01.10.52:038][372]LogTexture:Display: Building textures: HQ_Lightmap0_9 (AutoDXT)
[2015.10.31-01.10.52:071][372]LogTexture:Display: Building textures: LQ_Lightmap_0_1 (DXT1)
[2015.10.31-01.10.52:679][372]LogTexture:Display: Building textures: LQ_Lightmap_0_10 (DXT1)
[2015.10.31-01.10.52:688][372]LogTexture:Display: Building textures: LQ_Lightmap_0_11 (DXT1)
[2015.10.31-01.10.52:696][372]LogTexture:Display: Building textures: LQ_Lightmap_0_12 (DXT1)
[2015.10.31-01.10.52:705][372]LogTexture:Display: Building textures: LQ_Lightmap_0_13 (DXT1)
[2015.10.31-01.10.52:714][372]LogTexture:Display: Building textures: LQ_Lightmap_0_14 (DXT1)
[2015.10.31-01.10.52:724][372]LogTexture:Display: Building textures: LQ_Lightmap_0_15 (DXT1)
[2015.10.31-01.10.52:733][372]LogTexture:Display: Building textures: LQ_Lightmap_0_16 (DXT1)
[2015.10.31-01.10.52:742][372]LogTexture:Display: Building textures: LQ_Lightmap_0_17 (DXT1)
[2015.10.31-01.10.52:753][372]LogTexture:Display: Building textures: LQ_Lightmap_0_18 (DXT1)
[2015.10.31-01.10.52:762][372]LogTexture:Display: Building textures: LQ_Lightmap_0_19 (DXT1)
[2015.10.31-01.10.52:790][372]LogTexture:Display: Building textures: LQ_Lightmap_0_2 (DXT1)
[2015.10.31-01.10.53:207][372]LogTexture:Display: Building textures: LQ_Lightmap_0_20 (DXT1)
[2015.10.31-01.10.53:216][372]LogTexture:Display: Building textures: LQ_Lightmap_0_21 (DXT1)
[2015.10.31-01.10.53:224][372]LogTexture:Display: Building textures: LQ_Lightmap_0_22 (DXT1)
[2015.10.31-01.10.53:233][372]LogTexture:Display: Building textures: LQ_Lightmap_0_23 (DXT1)
[2015.10.31-01.10.53:242][372]LogTexture:Display: Building textures: LQ_Lightmap_0_24 (DXT1)
[2015.10.31-01.10.53:252][372]LogTexture:Display: Building textures: LQ_Lightmap_0_25 (DXT1)
[2015.10.31-01.10.53:261][372]LogTexture:Display: Building textures: LQ_Lightmap_0_26 (DXT1)
[2015.10.31-01.10.53:271][372]LogTexture:Display: Building textures: LQ_Lightmap_0_27 (DXT1)
[2015.10.31-01.10.53:280][372]LogTexture:Display: Building textures: LQ_Lightmap_0_28 (DXT1)
[2015.10.31-01.10.53:289][372]LogTexture:Display: Building textures: LQ_Lightmap_0_29 (DXT1)
[2015.10.31-01.10.53:298][372]LogTexture:Display: Building textures: LQ_Lightmap_0_3 (DXT1)
[2015.10.31-01.10.53:360][372]LogTexture:Display: Building textures: LQ_Lightmap_0_30 (DXT1)
[2015.10.31-01.10.53:370][372]LogTexture:Display: Building textures: LQ_Lightmap_0_31 (DXT1)
[2015.10.31-01.10.53:378][372]LogTexture:Display: Building textures: LQ_Lightmap_0_32 (DXT1)
[2015.10.31-01.10.53:387][372]LogTexture:Display: Building textures: LQ_Lightmap_0_33 (DXT1)
[2015.10.31-01.10.53:396][372]LogTexture:Display: Building textures: LQ_Lightmap_0_34 (DXT1)
[2015.10.31-01.10.53:405][372]LogTexture:Display: Building textures: LQ_Lightmap_0_35 (DXT1)
[2015.10.31-01.10.53:416][372]LogTexture:Display: Building textures: LQ_Lightmap_0_36 (DXT1)
[2015.10.31-01.10.53:425][372]LogTexture:Display: Building textures: LQ_Lightmap_0_37 (DXT1)
[2015.10.31-01.10.53:433][372]LogTexture:Display: Building textures: LQ_Lightmap_0_38 (DXT1)
[2015.10.31-01.10.53:443][372]LogTexture:Display: Building textures: LQ_Lightmap_0_39 (DXT1)
[2015.10.31-01.10.53:451][372]LogTexture:Display: Building textures: LQ_Lightmap_0_4 (DXT1)
[2015.10.31-01.10.53:460][372]LogTexture:Display: Building textures: LQ_Lightmap_0_40 (DXT1)
[2015.10.31-01.10.53:469][372]LogTexture:Display: Building textures: LQ_Lightmap_0_41 (DXT1)
[2015.10.31-01.10.53:479][372]LogTexture:Display: Building textures: LQ_Lightmap_0_42 (DXT1)
[2015.10.31-01.10.53:488][372]LogTexture:Display: Building textures: LQ_Lightmap_0_43 (DXT1)
[2015.10.31-01.10.53:496][372]LogTexture:Display: Building textures: LQ_Lightmap_0_44 (DXT1)
[2015.10.31-01.10.53:505][372]LogTexture:Display: Building textures: LQ_Lightmap_0_45 (DXT1)
[2015.10.31-01.10.53:513][372]LogTexture:Display: Building textures: LQ_Lightmap_0_46 (DXT1)
[2015.10.31-01.10.53:522][372]LogTexture:Display: Building textures: LQ_Lightmap_0_47 (DXT1)
[2015.10.31-01.10.53:531][372]LogTexture:Display: Building textures: LQ_Lightmap_0_48 (DXT1)
[2015.10.31-01.10.53:540][372]LogTexture:Display: Building textures: LQ_Lightmap_0_49 (DXT1)
[2015.10.31-01.10.53:545][372]LogTexture:Display: Building textures: LQ_Lightmap_0_5 (DXT1)
[2015.10.31-01.10.53:554][372]LogTexture:Display: Building textures: LQ_Lightmap_0_50 (DXT1)
[2015.10.31-01.10.53:567][372]LogTexture:Display: Building textures: LQ_Lightmap_0_51 (DXT1)
[2015.10.31-01.10.53:575][372]LogTexture:Display: Building textures: LQ_Lightmap_0_52 (DXT1)
[2015.10.31-01.10.53:585][372]LogTexture:Display: Building textures: LQ_Lightmap_0_53 (DXT1)
[2015.10.31-01.10.53:594][372]LogTexture:Display: Building textures: LQ_Lightmap_0_54 (DXT1)
[2015.10.31-01.10.53:603][372]LogTexture:Display: Building textures: LQ_Lightmap_0_55 (DXT1)
[2015.10.31-01.10.53:613][372]LogTexture:Display: Building textures: LQ_Lightmap_0_56 (DXT1)
[2015.10.31-01.10.53:627][372]LogTexture:Display: Building textures: LQ_Lightmap_0_57 (DXT1)
[2015.10.31-01.10.53:665][372]LogTexture:Display: Building textures: LQ_Lightmap_0_58 (DXT1)
[2015.10.31-01.10.53:688][372]LogTexture:Display: Building textures: LQ_Lightmap_0_59 (DXT1)
[2015.10.31-01.10.53:695][372]LogTexture:Display: Building textures: LQ_Lightmap_0_6 (DXT1)
[2015.10.31-01.10.53:705][372]LogTexture:Display: Building textures: LQ_Lightmap_0_60 (DXT1)
[2015.10.31-01.10.53:713][372]LogTexture:Display: Building textures: LQ_Lightmap_0_61 (DXT1)
[2015.10.31-01.10.53:723][372]LogTexture:Display: Building textures: LQ_Lightmap_0_62 (DXT1)
[2015.10.31-01.10.53:733][372]LogTexture:Display: Building textures: LQ_Lightmap_0_63 (DXT1)
[2015.10.31-01.10.53:742][372]LogTexture:Display: Building textures: LQ_Lightmap_0_64 (DXT1)
[2015.10.31-01.10.53:752][372]LogTexture:Display: Building textures: LQ_Lightmap_0_65 (DXT1)
[2015.10.31-01.10.53:768][372]LogTexture:Display: Building textures: LQ_Lightmap_0_66 (DXT1)
[2015.10.31-01.10.53:777][372]LogTexture:Display: Building textures: LQ_Lightmap_0_67 (DXT1)
[2015.10.31-01.10.53:785][372]LogTexture:Display: Building textures: LQ_Lightmap_0_7 (DXT1)
[2015.10.31-01.10.53:804][372]LogTexture:Display: Building textures: LQ_Lightmap_0_8 (DXT1)
[2015.10.31-01.10.53:811][372]LogTexture:Display: Building textures: LQ_Lightmap_0_9 (DXT1)
[2015.10.31-01.10.53:831][372]LogTexture:Display: Building textures: SkyOcclusion0_1 (AutoDXT)
[2015.10.31-01.10.54:257][372]LogTexture:Display: Building textures: SkyOcclusion0_10 (AutoDXT)
[2015.10.31-01.10.54:259][372]LogTexture:Display: Building textures: SkyOcclusion0_11 (AutoDXT)
[2015.10.31-01.10.54:260][372]LogTexture:Display: Building textures: SkyOcclusion0_12 (AutoDXT)
[2015.10.31-01.10.54:261][372]LogTexture:Display: Building textures: SkyOcclusion0_13 (AutoDXT)
[2015.10.31-01.10.54:262][372]LogTexture:Display: Building textures: SkyOcclusion0_14 (AutoDXT)
[2015.10.31-01.10.54:263][372]LogTexture:Display: Building textures: SkyOcclusion0_15 (AutoDXT)
[2015.10.31-01.10.54:264][372]LogTexture:Display: Building textures: SkyOcclusion0_16 (AutoDXT)
[2015.10.31-01.10.54:266][372]LogTexture:Display: Building textures: SkyOcclusion0_17 (AutoDXT)
[2015.10.31-01.10.54:267][372]LogTexture:Display: Building textures: SkyOcclusion0_18 (AutoDXT)
[2015.10.31-01.10.54:268][372]LogTexture:Display: Building textures: SkyOcclusion0_19 (AutoDXT)
[2015.10.31-01.10.54:279][372]LogTexture:Display: Building textures: SkyOcclusion0_2 (AutoDXT)
[2015.10.31-01.10.54:565][372]LogTexture:Display: Building textures: SkyOcclusion0_20 (AutoDXT)
[2015.10.31-01.10.54:567][372]LogTexture:Display: Building textures: SkyOcclusion0_21 (AutoDXT)
[2015.10.31-01.10.54:568][372]LogTexture:Display: Building textures: SkyOcclusion0_22 (AutoDXT)
[2015.10.31-01.10.54:569][372]LogTexture:Display: Building textures: SkyOcclusion0_23 (AutoDXT)
[2015.10.31-01.10.54:570][372]LogTexture:Display: Building textures: SkyOcclusion0_24 (AutoDXT)
[2015.10.31-01.10.54:571][372]LogTexture:Display: Building textures: SkyOcclusion0_25 (AutoDXT)
[2015.10.31-01.10.54:572][372]LogTexture:Display: Building textures: SkyOcclusion0_26 (AutoDXT)
[2015.10.31-01.10.54:573][372]LogTexture:Display: Building textures: SkyOcclusion0_27 (AutoDXT)
[2015.10.31-01.10.54:574][372]LogTexture:Display: Building textures: SkyOcclusion0_28 (AutoDXT)
[2015.10.31-01.10.54:576][372]LogTexture:Display: Building textures: SkyOcclusion0_29 (AutoDXT)
[2015.10.31-01.10.54:577][372]LogTexture:Display: Building textures: SkyOcclusion0_3 (AutoDXT)
[2015.10.31-01.10.54:619][372]LogTexture:Display: Building textures: SkyOcclusion0_30 (AutoDXT)
[2015.10.31-01.10.54:620][372]LogTexture:Display: Building textures: SkyOcclusion0_31 (AutoDXT)
[2015.10.31-01.10.54:622][372]LogTexture:Display: Building textures: SkyOcclusion0_32 (AutoDXT)
[2015.10.31-01.10.54:624][372]LogTexture:Display: Building textures: SkyOcclusion0_33 (AutoDXT)
[2015.10.31-01.10.54:625][372]LogTexture:Display: Building textures: SkyOcclusion0_34 (AutoDXT)
[2015.10.31-01.10.54:626][372]LogTexture:Display: Building textures: SkyOcclusion0_35 (AutoDXT)
[2015.10.31-01.10.54:627][372]LogTexture:Display: Building textures: SkyOcclusion0_36 (AutoDXT)
[2015.10.31-01.10.54:628][372]LogTexture:Display: Building textures: SkyOcclusion0_37 (AutoDXT)
[2015.10.31-01.10.54:629][372]LogTexture:Display: Building textures: SkyOcclusion0_38 (AutoDXT)
[2015.10.31-01.10.54:630][372]LogTexture:Display: Building textures: SkyOcclusion0_39 (AutoDXT)
[2015.10.31-01.10.54:631][372]LogTexture:Display: Building textures: SkyOcclusion0_4 (AutoDXT)
[2015.10.31-01.10.54:633][372]LogTexture:Display: Building textures: SkyOcclusion0_40 (AutoDXT)
[2015.10.31-01.10.54:634][372]LogTexture:Display: Building textures: SkyOcclusion0_41 (AutoDXT)
[2015.10.31-01.10.54:635][372]LogTexture:Display: Building textures: SkyOcclusion0_42 (AutoDXT)
[2015.10.31-01.10.54:636][372]LogTexture:Display: Building textures: SkyOcclusion0_43 (AutoDXT)
[2015.10.31-01.10.54:637][372]LogTexture:Display: Building textures: SkyOcclusion0_44 (AutoDXT)
[2015.10.31-01.10.54:638][372]LogTexture:Display: Building textures: SkyOcclusion0_45 (AutoDXT)
[2015.10.31-01.10.54:640][372]LogTexture:Display: Building textures: SkyOcclusion0_46 (AutoDXT)
[2015.10.31-01.10.54:641][372]LogTexture:Display: Building textures: SkyOcclusion0_47 (AutoDXT)
[2015.10.31-01.10.54:642][372]LogTexture:Display: Building textures: SkyOcclusion0_48 (AutoDXT)
[2015.10.31-01.10.54:643][372]LogTexture:Display: Building textures: SkyOcclusion0_49 (AutoDXT)
[2015.10.31-01.10.54:647][372]LogTexture:Display: Building textures: SkyOcclusion0_5 (AutoDXT)
[2015.10.31-01.10.54:648][372]LogTexture:Display: Building textures: SkyOcclusion0_50 (AutoDXT)
[2015.10.31-01.10.54:658][372]LogTexture:Display: Building textures: SkyOcclusion0_51 (AutoDXT)
[2015.10.31-01.10.54:666][372]LogTexture:Display: Building textures: SkyOcclusion0_52 (AutoDXT)
[2015.10.31-01.10.54:667][372]LogTexture:Display: Building textures: SkyOcclusion0_53 (AutoDXT)
[2015.10.31-01.10.54:669][372]LogTexture:Display: Building textures: SkyOcclusion0_54 (AutoDXT)
[2015.10.31-01.10.54:670][372]LogTexture:Display: Building textures: SkyOcclusion0_55 (AutoDXT)
[2015.10.31-01.10.54:671][372]LogTexture:Display: Building textures: SkyOcclusion0_56 (AutoDXT)
[2015.10.31-01.10.54:682][372]LogTexture:Display: Building textures: SkyOcclusion0_57 (AutoDXT)
[2015.10.31-01.10.54:696][372]LogTexture:Display: Building textures: SkyOcclusion0_58 (AutoDXT)
[2015.10.31-01.10.54:711][372]LogTexture:Display: Building textures: SkyOcclusion0_59 (AutoDXT)
[2015.10.31-01.10.54:716][372]LogTexture:Display: Building textures: SkyOcclusion0_6 (AutoDXT)
[2015.10.31-01.10.54:717][372]LogTexture:Display: Building textures: SkyOcclusion0_60 (AutoDXT)
[2015.10.31-01.10.54:718][372]LogTexture:Display: Building textures: SkyOcclusion0_61 (AutoDXT)
[2015.10.31-01.10.54:720][372]LogTexture:Display: Building textures: SkyOcclusion0_62 (AutoDXT)
[2015.10.31-01.10.54:721][372]LogTexture:Display: Building textures: SkyOcclusion0_63 (AutoDXT)
[2015.10.31-01.10.54:722][372]LogTexture:Display: Building textures: SkyOcclusion0_64 (AutoDXT)
[2015.10.31-01.10.54:729][372]LogTexture:Display: Building textures: SkyOcclusion0_65 (AutoDXT)
[2015.10.31-01.10.54:742][372]LogTexture:Display: Building textures: SkyOcclusion0_66 (AutoDXT)
[2015.10.31-01.10.54:743][372]LogTexture:Display: Building textures: SkyOcclusion0_67 (AutoDXT)
[2015.10.31-01.10.54:744][372]LogTexture:Display: Building textures: SkyOcclusion0_7 (AutoDXT)
[2015.10.31-01.10.54:754][372]LogTexture:Display: Building textures: SkyOcclusion0_8 (AutoDXT)
[2015.10.31-01.10.54:760][372]LogTexture:Display: Building textures: SkyOcclusion0_9 (AutoDXT)
[2015.10.31-01.10.55:255][372]LogTexture:Display: Building textures: ShadowMapTexture2D_134 (BGRA8)
[2015.10.31-01.10.55:309][372]LogTexture:Display: Building textures: ShadowMapTexture2D_135 (BGRA8)
[2015.10.31-01.10.55:352][372]LogTexture:Display: Building textures: ShadowMapTexture2D_136 (G8)
[2015.10.31-01.10.55:354][372]LogTexture:Display: Building textures: ShadowMapTexture2D_137 (G8)
[2015.10.31-01.10.55:355][372]LogTexture:Display: Building textures: ShadowMapTexture2D_138 (G8)
[2015.10.31-01.10.55:356][372]LogTexture:Display: Building textures: ShadowMapTexture2D_139 (G8)
[2015.10.31-01.10.55:357][372]LogTexture:Display: Building textures: ShadowMapTexture2D_140 (G8)
[2015.10.31-01.10.55:358][372]LogTexture:Display: Building textures: ShadowMapTexture2D_141 (G8)
[2015.10.31-01.10.55:359][372]LogTexture:Display: Building textures: ShadowMapTexture2D_142 (G8)
[2015.10.31-01.10.55:360][372]LogTexture:Display: Building textures: ShadowMapTexture2D_143 (G8)
[2015.10.31-01.10.55:361][372]LogTexture:Display: Building textures: ShadowMapTexture2D_144 (G8)
[2015.10.31-01.10.55:361][372]LogTexture:Display: Building textures: ShadowMapTexture2D_145 (G8)
[2015.10.31-01.10.55:362][372]LogTexture:Display: Building textures: ShadowMapTexture2D_146 (G8)
[2015.10.31-01.10.55:363][372]LogTexture:Display: Building textures: ShadowMapTexture2D_147 (G8)
[2015.10.31-01.10.55:364][372]LogTexture:Display: Building textures: ShadowMapTexture2D_148 (G8)
[2015.10.31-01.10.55:365][372]LogTexture:Display: Building textures: ShadowMapTexture2D_149 (G8)
[2015.10.31-01.10.55:366][372]LogTexture:Display: Building textures: ShadowMapTexture2D_150 (G8)
[2015.10.31-01.10.55:367][372]LogTexture:Display: Building textures: ShadowMapTexture2D_151 (G8)
[2015.10.31-01.10.55:368][372]LogTexture:Display: Building textures: ShadowMapTexture2D_152 (G8)
[2015.10.31-01.10.55:369][372]LogTexture:Display: Building textures: ShadowMapTexture2D_153 (G8)
[2015.10.31-01.10.55:370][372]LogTexture:Display: Building textures: ShadowMapTexture2D_154 (G8)
[2015.10.31-01.10.55:370][372]LogTexture:Display: Building textures: ShadowMapTexture2D_155 (G8)
[2015.10.31-01.10.55:371][372]LogTexture:Display: Building textures: ShadowMapTexture2D_156 (G8)
[2015.10.31-01.10.55:372][372]LogTexture:Display: Building textures: ShadowMapTexture2D_157 (G8)
[2015.10.31-01.10.55:373][372]LogTexture:Display: Building textures: ShadowMapTexture2D_158 (G8)
[2015.10.31-01.10.55:374][372]LogTexture:Display: Building textures: ShadowMapTexture2D_159 (G8)
[2015.10.31-01.10.55:375][372]LogTexture:Display: Building textures: ShadowMapTexture2D_160 (G8)
[2015.10.31-01.10.55:376][372]LogTexture:Display: Building textures: ShadowMapTexture2D_161 (G8)
[2015.10.31-01.10.55:377][372]LogTexture:Display: Building textures: ShadowMapTexture2D_162 (G8)
[2015.10.31-01.10.55:378][372]LogTexture:Display: Building textures: ShadowMapTexture2D_163 (G8)
[2015.10.31-01.10.55:379][372]LogTexture:Display: Building textures: ShadowMapTexture2D_164 (G8)
[2015.10.31-01.10.55:381][372]LogTexture:Display: Building textures: ShadowMapTexture2D_165 (G8)
[2015.10.31-01.10.55:382][372]LogTexture:Display: Building textures: ShadowMapTexture2D_166 (G8)
[2015.10.31-01.10.55:383][372]LogTexture:Display: Building textures: ShadowMapTexture2D_167 (G8)
[2015.10.31-01.10.55:384][372]LogTexture:Display: Building textures: ShadowMapTexture2D_168 (G8)
[2015.10.31-01.10.55:385][372]LogTexture:Display: Building textures: ShadowMapTexture2D_169 (G8)
[2015.10.31-01.10.55:385][372]LogTexture:Display: Building textures: ShadowMapTexture2D_170 (G8)
[2015.10.31-01.10.55:387][372]LogTexture:Display: Building textures: ShadowMapTexture2D_171 (G8)
[2015.10.31-01.10.55:387][372]LogTexture:Display: Building textures: ShadowMapTexture2D_172 (G8)
[2015.10.31-01.10.55:390][372]LogTexture:Display: Building textures: ShadowMapTexture2D_173 (G8)
[2015.10.31-01.10.55:391][372]LogTexture:Display: Building textures: ShadowMapTexture2D_174 (G8)
[2015.10.31-01.10.55:393][372]LogTexture:Display: Building textures: ShadowMapTexture2D_175 (G8)
[2015.10.31-01.10.55:394][372]LogTexture:Display: Building textures: ShadowMapTexture2D_176 (G8)
[2015.10.31-01.10.55:395][372]LogTexture:Display: Building textures: ShadowMapTexture2D_177 (G8)
[2015.10.31-01.10.55:396][372]LogTexture:Display: Building textures: ShadowMapTexture2D_178 (G8)
[2015.10.31-01.10.55:397][372]LogTexture:Display: Building textures: ShadowMapTexture2D_179 (G8)
[2015.10.31-01.10.55:398][372]LogTexture:Display: Building textures: ShadowMapTexture2D_180 (G8)
[2015.10.31-01.10.55:398][372]LogTexture:Display: Building textures: ShadowMapTexture2D_181 (G8)
[2015.10.31-01.10.55:399][372]LogTexture:Display: Building textures: ShadowMapTexture2D_182 (G8)
[2015.10.31-01.10.55:400][372]LogTexture:Display: Building textures: ShadowMapTexture2D_183 (G8)
[2015.10.31-01.10.55:401][372]LogTexture:Display: Building textures: ShadowMapTexture2D_184 (G8)
[2015.10.31-01.10.55:402][372]LogTexture:Display: Building textures: ShadowMapTexture2D_185 (G8)
[2015.10.31-01.10.55:403][372]LogTexture:Display: Building textures: ShadowMapTexture2D_186 (G8)
[2015.10.31-01.10.55:405][372]LogTexture:Display: Building textures: ShadowMapTexture2D_187 (G8)
[2015.10.31-01.10.55:406][372]LogTexture:Display: Building textures: ShadowMapTexture2D_188 (G8)
[2015.10.31-01.10.55:407][372]LogTexture:Display: Building textures: ShadowMapTexture2D_189 (G8)
[2015.10.31-01.10.55:410][372]LogTexture:Display: Building textures: ShadowMapTexture2D_190 (G8)
[2015.10.31-01.10.55:410][372]LogTexture:Display: Building textures: ShadowMapTexture2D_191 (G8)
[2015.10.31-01.10.55:411][372]LogTexture:Display: Building textures: ShadowMapTexture2D_192 (G8)
[2015.10.31-01.10.55:412][372]LogTexture:Display: Building textures: ShadowMapTexture2D_193 (G8)
[2015.10.31-01.10.55:413][372]LogTexture:Display: Building textures: ShadowMapTexture2D_194 (G8)
[2015.10.31-01.10.55:414][372]LogTexture:Display: Building textures: ShadowMapTexture2D_195 (G8)
[2015.10.31-01.10.55:416][372]LogTexture:Display: Building textures: ShadowMapTexture2D_196 (G8)
[2015.10.31-01.10.55:418][372]LogTexture:Display: Building textures: ShadowMapTexture2D_197 (G8)
[2015.10.31-01.10.55:419][372]LogTexture:Display: Building textures: ShadowMapTexture2D_198 (G8)
[2015.10.31-01.10.55:420][372]LogTexture:Display: Building textures: ShadowMapTexture2D_199 (G8)
[2015.10.31-01.10.55:421][372]LogTexture:Display: Building textures: ShadowMapTexture2D_200 (G8)
[2015.10.31-01.10.55:423][372]LogStaticMesh: Building static mesh SM_Electrical_Pipe_Curved...
[2015.10.31-01.10.55:429][372]LogStaticMesh: Built static mesh [0.006013.2s] /Game/DT_Props/SM_Electrical_Pipe_Curved.SM_Electrical_Pipe_Curved
[2015.10.31-01.10.55:429][372]LogStaticMesh: Building static mesh SM_Electrical_Pipe_Straight...
[2015.10.31-01.10.55:431][372]LogStaticMesh: Built static mesh [0.002273.2s] /Game/DT_Props/SM_Electrical_Pipe_Straight.SM_Electrical_Pipe_Straight
[2015.10.31-01.10.55:432][372]LogStaticMesh: Building static mesh SM_HangingLight...
[2015.10.31-01.10.55:466][372]LogStaticMesh: Built static mesh [0.034531.2s] /Game/DT_Props/SM_HangingLight.SM_HangingLight
[2015.10.31-01.10.56:037][372]LogMaterial: Missing cached shader map for material Soul_Tree011M, compiling. 
[2015.10.31-01.10.56:276][372]LogMaterial: Missing cached shader map for material M_Bulb, compiling. 
[2015.10.31-01.10.56:665][372]LogTexture:Display: Building textures: T_Bark01_N (BC5)
[2015.10.31-01.10.58:086][372]LogMaterial: Missing cached shader map for material M_TreeTrunk01, compiling. 
[2015.10.31-01.10.58:204][372]LogAIModule: Creating AISystem for world My_ComplexRoom
[2015.10.31-01.10.58:986][372]LogMaterial:Warning: Material /Game/Assets/Materials/Soul_Tree011M.Soul_Tree011M needed to have new flag set bUsedWithInstancedStaticMeshes !
[2015.10.31-01.10.59:288][372]LogMaterial: Missing cached shader map for material Soul_Tree011M, compiling. 
[2015.10.31-01.10.59:340][372]MapCheck:Warning: Warning Soul_Tree011M Material /Game/Assets/Materials/Soul_Tree011M.Soul_Tree011M was missing the usage flag bUsedWithInstancedStaticMeshes. If the material asset is not re-saved, it may not render correctly when run outside the editor. Fix
[2015.10.31-01.10.59:422][372]LogMaterial: 0.000134 seconds spent updating 1 materials, 1 interfaces, 1 instances, 0 with static permutations.
[2015.10.31-01.10.59:831][372]LogEditorServer: Finished looking for orphan Actors (0.000 secs)
[2015.10.31-01.10.59:884][372]Cmd: MAP CHECKDEP NOCLEARLOG
[2015.10.31-01.10.59:974][372]MapCheck: Info Map check complete: 0 Error(s), 1 Warning(s), took 89.735ms to complete.
[2015.10.31-01.10.59:978][372]LogFileHelpers: Loading map 'My_ComplexRoom' took 28.873
[2015.10.31-01.11.00:410][373]Cmd: UpdateLandscapeEditorData -warnings
[2015.10.31-01.11.15:711][377]LogEditorViewport: Clicking on Actor (context menu): StaticMeshActor (SM_Floor)
[2015.10.31-01.11.26:385][379]LogEditorViewport: Clicking on Actor (context menu): StaticMeshActor (SM_Floor2)
[2015.10.31-01.11.26:500][379]LogEditorViewport: Clicking on Actor (LMB): StaticMeshActor (SM_Window_Top4)
[2015.10.31-01.11.26:567][379]LogEditorViewport: Clicking on Actor (LMB): StaticMeshActor (SM_Window_Top4)
[2015.10.31-01.12.14:456][716]LogBlueprintUserMessages: Early PlayInEditor Detection: Level '/Game/StarterContent/Maps/My_ComplexRoom.My_ComplexRoom:PersistentLevel' has LevelScriptBlueprint '/Game/StarterContent/Maps/My_ComplexRoom.My_ComplexRoom:PersistentLevel.My_ComplexRoom' with GeneratedClass '/Game/StarterContent/Maps/My_ComplexRoom.My_ComplexRoom_C' with ClassGeneratedBy '/Game/StarterContent/Maps/My_ComplexRoom.My_ComplexRoom:PersistentLevel.My_ComplexRoom'
[2015.10.31-01.12.14:478][716]LogPlayLevel: PlayLevel: No blueprints needed recompiling
[2015.10.31-01.12.14:499][716]PIE: New page: PIE session: My_ComplexRoom (Oct 31, 2015, 5:12:14 PM)
[2015.10.31-01.12.14:499][716]LogPlayLevel: Creating play world package: /Game/StarterContent/Maps/UEDPIE_0_My_ComplexRoom
[2015.10.31-01.12.14:569][716]LogPlayLevel: PIE: StaticDuplicateObject took: (0.070288s)
[2015.10.31-01.12.14:571][716]LogAIModule: Creating AISystem for world My_ComplexRoom
[2015.10.31-01.12.14:571][716]LogPlayLevel: PIE: World Init took: (0.001615s)
[2015.10.31-01.12.14:571][716]LogPlayLevel: PIE: Created PIE world by copying editor world from /Game/StarterContent/Maps/My_ComplexRoom.My_ComplexRoom to /Game/StarterContent/Maps/UEDPIE_0_My_ComplexRoom.My_ComplexRoom (0.072343s)
[2015.10.31-01.12.14:626][716]LogInit: XAudio2 using '扬声器 (Realtek High Definition Audio)' : 2 channels at 48 kHz using 32 bits per sample (channel mask 0x3)
[2015.10.31-01.12.14:653][716]LogInit: FAudioDevice initialized.
[2015.10.31-01.12.14:786][716]LogWorld: Game class is 'GameMode'
[2015.10.31-01.12.14:865][716]LogWorld: Bringing World /Game/StarterContent/Maps/UEDPIE_0_My_ComplexRoom.My_ComplexRoom up for play (max tick rate 60) at 2015.10.31-09.12.14
[2015.10.31-01.12.14:865][716]LogActor:Warning: GameSession /Game/StarterContent/Maps/UEDPIE_0_My_ComplexRoom.My_ComplexRoom:PersistentLevel.GameSession_0 has natively added scene component(s), but none of them were set as the actor's RootComponent - picking one arbitrarily
[2015.10.31-01.12.14:882][716]LogActor:Warning: GameNetworkManager /Game/StarterContent/Maps/UEDPIE_0_My_ComplexRoom.My_ComplexRoom:PersistentLevel.GameNetworkManager_0 has natively added scene component(s), but none of them were set as the actor's RootComponent - picking one arbitrarily
[2015.10.31-01.12.14:915][716]LogWorld: Bringing up level for play took: 0.076759
[2015.10.31-01.12.15:269][716]PIE: Info Play in editor start time for /Game/StarterContent/Maps/UEDPIE_0_My_ComplexRoom 0.703
[2015.10.31-01.12.15:269][716]LogBlueprintUserMessages: Late PlayInEditor Detection: Level '/Game/StarterContent/Maps/My_ComplexRoom.My_ComplexRoom:PersistentLevel' has LevelScriptBlueprint '/Game/StarterContent/Maps/My_ComplexRoom.My_ComplexRoom:PersistentLevel.My_ComplexRoom' with GeneratedClass '/Game/StarterContent/Maps/My_ComplexRoom.My_ComplexRoom_C' with ClassGeneratedBy '/Game/StarterContent/Maps/My_ComplexRoom.My_ComplexRoom:PersistentLevel.My_ComplexRoom'
[2015.10.31-01.13.10:010][929]LogBlueprintUserMessages: Early EndPlayMap Detection: Level '/Game/StarterContent/Maps/My_ComplexRoom.My_ComplexRoom:PersistentLevel' has LevelScriptBlueprint '/Game/StarterContent/Maps/My_ComplexRoom.My_ComplexRoom:PersistentLevel.My_ComplexRoom' with GeneratedClass '/Game/StarterContent/Maps/My_ComplexRoom.My_ComplexRoom_C' with ClassGeneratedBy '/Game/StarterContent/Maps/My_ComplexRoom.My_ComplexRoom:PersistentLevel.My_ComplexRoom'
[2015.10.31-01.13.10:183][929]LogBlueprintUserMessages: Late EndPlayMap Detection: Level '/Game/StarterContent/Maps/My_ComplexRoom.My_ComplexRoom:PersistentLevel' has LevelScriptBlueprint '/Game/StarterContent/Maps/My_ComplexRoom.My_ComplexRoom:PersistentLevel.My_ComplexRoom' with GeneratedClass '/Game/StarterContent/Maps/My_ComplexRoom.My_ComplexRoom_C' with ClassGeneratedBy '/Game/StarterContent/Maps/My_ComplexRoom.My_ComplexRoom:PersistentLevel.My_ComplexRoom'
[2015.10.31-01.13.10:220][929]LogParticles: Destroying 0 GPU particle simulations for FXSystem 0x00000065076328E0
[2015.10.31-01.13.18:677][388]Cmd: MAP LOAD FILE="../../../../../Projects/UE4Study/Content/StarterContent/Maps/Minimal_Default.umap" TEMPLATE=0 SHOWPROGRESS=1 FEATURELEVEL=3
[2015.10.31-01.13.18:727][388]LightingResults: New page: Lighting Build
[2015.10.31-01.13.18:762][388]LoadErrors: New page: Loading map: Minimal_Default.umap
[2015.10.31-01.13.18:765][388]MapCheck: New page: Map Check
[2015.10.31-01.13.18:765][388]LightingResults: New page: Lighting Build
[2015.10.31-01.13.18:819][388]LogParticles: Destroying 0 GPU particle simulations for FXSystem 0x0000006503CC9300
[2015.10.31-01.13.18:857][388]LogAIModule: Creating AISystem for world Minimal_Default
[2015.10.31-01.13.18:957][388]LogEditorServer: Finished looking for orphan Actors (0.000 secs)
[2015.10.31-01.13.19:009][388]Cmd: MAP CHECKDEP NOCLEARLOG
[2015.10.31-01.13.19:099][388]MapCheck: Info Map check complete: 0 Error(s), 0 Warning(s), took 89.993ms to complete.
[2015.10.31-01.13.19:099][388]LogFileHelpers: Loading map 'Minimal_Default' took 0.425
[2015.10.31-01.13.19:120][389]Cmd: UpdateLandscapeEditorData
[2015.10.31-01.18.47:975][118]LogEditorViewport: Clicking on Actor (LMB): StaticMeshActor (SM_MatPreviewMesh_02)
[2015.10.31-01.18.56:047][551]LogSavePackage: Save=253.466461ms
[2015.10.31-01.18.56:047][551]LogSavePackage: Moving '../../../../../Projects/UE4Study/Saved/Minimal_Default1297E5A447022F998B924C986C928588.tmp' to '../../../../../Projects/UE4Study/Content/StarterContent/Maps/Minimal_Default.umap'
[2015.10.31-01.18.56:051][551]LogSavePackage: Total save time: 273.734368ms
[2015.10.31-01.18.56:051][551]LogSavePackage:Warning: Finished SavePackage ../../../../../Projects/UE4Study/Content/StarterContent/Maps/Minimal_Default.umap
[2015.10.31-01.18.56:095][551]LogFileHelpers: Saving map 'Minimal_Default' took 0.450
[2015.10.31-01.19.32:775][708]LogMaterial: Missing cached shader map for material M_WheelChair, compiling. 
[2015.10.31-01.19.32:855][708]LogMaterial: Missing cached shader map for material M_WheelChair, compiling. 
[2015.10.31-01.19.32:866][708]LogMaterial: 0.000045 seconds spent updating 1 materials, 1 interfaces, 0 instances, 0 with static permutations.
[2015.10.31-01.19.39:749][ 88]MaterialEditorStats: Info Base pass shader with only dynamic lighting: 31 instructions
[2015.10.31-01.19.39:749][ 88]MaterialEditorStats: Info Vertex shader: 31 instructions
[2015.10.31-01.19.39:749][ 88]MaterialEditorStats: Info Texture samplers: 0/16
[2015.10.31-01.19.40:706][138]Cmd: OBJ SAVEPACKAGE PACKAGE="/Game/MyMats/M_WheelChair" FILE="../../../../../Projects/UE4Study/Content/MyMats/M_WheelChair.uasset" SILENT=true
[2015.10.31-01.19.40:727][138]LogSavePackage: Save=17.201899ms
[2015.10.31-01.19.40:727][138]LogSavePackage: Moving '../../../../../Projects/UE4Study/Saved/M_WheelChair2C17C05B40E52626D745C397BE20CA13.tmp' to '../../../../../Projects/UE4Study/Content/MyMats/M_WheelChair.uasset'
[2015.10.31-01.19.40:731][138]LogSavePackage: Total save time: 21.654561ms
[2015.10.31-01.19.40:731][138]LogSavePackage:Warning: Finished SavePackage ../../../../../Projects/UE4Study/Content/MyMats/M_WheelChair.uasset
[2015.10.31-01.43.07:821][ 62]LogHttp:Warning: Timeout processing Http request. 0000006573AFAD00
[2015.10.31-01.56.58:433][180]LogUProjectInfo: Found projects:
[2015.10.31-01.57.17:663][306]Cmd: CLOSE_SLATE_MAINFRAME
[2015.10.31-01.57.17:933][306]LogWindowsTextInputMethodSystem:Display: IME system now activated using TSF (搜狗拼音输入法).
[2015.10.31-01.57.18:339][307]Cmd: QUIT_EDITOR
[2015.10.31-01.57.19:862][307]LogExit: Preparing to exit.
[2015.10.31-01.57.20:063][307]LogExit: Editor shut down
[2015.10.31-01.57.20:063][307]LogExit: Transaction tracking system shut down
[2015.10.31-01.57.20:066][307]LogParticles: Destroying 0 GPU particle simulations for FXSystem 0x0000006573C840E0
[2015.10.31-01.57.20:080][307]LogParticles: Destroying 0 GPU particle simulations for FXSystem 0x0000006508126A20
[2015.10.31-01.57.20:082][307]LogParticles: Destroying 0 GPU particle simulations for FXSystem 0x000000656BEF3880
[2015.10.31-01.57.20:082][307]LogParticles: Destroying 0 GPU particle simulations for FXSystem 0x0000006563BEDD00
[2015.10.31-01.57.20:328][307]LogParticles: Destroying 0 GPU particle simulations for FXSystem 0x000000655CE30D60
[2015.10.31-01.57.20:328][307]LogExit: Object subsystem successfully closed.
[2015.10.31-01.57.20:345][307]LogD3D11RHI: Shutdown
[2015.10.31-01.57.20:345][307]LogD3D11RHI: CleanupD3DDevice
[2015.10.31-01.57.20:480][307]LogD3D11RHI: ~FD3D11DynamicRHI
[2015.10.31-01.57.20:505][307]LogModuleManager: Shutting down and abandoning module MaterialEditor (198)
[2015.10.31-01.57.20:505][307]LogModuleManager: Shutting down and abandoning module WidgetCarousel (197)
[2015.10.31-01.57.20:505][307]LogModuleManager: Shutting down and abandoning module AddContentDialog (196)
[2015.10.31-01.57.20:606][307]LogModuleManager: Shutting down and abandoning module EditorWidgets (195)
[2015.10.31-01.57.20:606][307]LogModuleManager: Shutting down and abandoning module CollectionManager (194)
[2015.10.31-01.57.20:606][307]LogModuleManager: Shutting down and abandoning module CrashTracker (193)
[2015.10.31-01.57.20:607][307]LogModuleManager: Shutting down and abandoning module SuperSearch (192)
[2015.10.31-01.57.20:607][307]LogModuleManager: Shutting down and abandoning module SceneOutliner (191)
[2015.10.31-01.57.20:607][307]LogModuleManager: Shutting down and abandoning module StatsViewer (190)
[2015.10.31-01.57.20:607][307]LogModuleManager: Shutting down and abandoning module FoliageEdit (189)
[2015.10.31-01.57.20:607][307]LogModuleManager: Shutting down and abandoning module LandscapeEditor (188)
[2015.10.31-01.57.20:607][307]LogModuleManager: Shutting down and abandoning module ActorPickerMode (187)
[2015.10.31-01.57.20:607][307]LogModuleManager: Shutting down and abandoning module GeometryMode (186)
[2015.10.31-01.57.20:607][307]LogModuleManager: Shutting down and abandoning module TextureAlignMode (185)
[2015.10.31-01.57.20:607][307]LogModuleManager: Shutting down and abandoning module BspMode (184)
[2015.10.31-01.57.20:607][307]LogModuleManager: Shutting down and abandoning module PlacementMode (183)
[2015.10.31-01.57.20:607][307]LogModuleManager: Shutting down and abandoning module AutomationWorker (182)
[2015.10.31-01.57.20:607][307]LogModuleManager: Shutting down and abandoning module CharacterAI (181)
[2015.10.31-01.57.20:607][307]LogModuleManager: Shutting down and abandoning module SmartSnapping (180)
[2015.10.31-01.57.20:607][307]LogModuleManager: Shutting down and abandoning module ViewportSnapping (179)
[2015.10.31-01.57.20:607][307]LogModuleManager: Shutting down and abandoning module LogVisualizer (178)
[2015.10.31-01.57.20:607][307]LogModuleManager: Shutting down and abandoning module GameProjectGeneration (177)
[2015.10.31-01.57.20:607][307]LogModuleManager: Shutting down and abandoning module IntroTutorials (176)
[2015.10.31-01.57.20:608][307]LogModuleManager: Shutting down and abandoning module EditorLiveStreaming (175)
[2015.10.31-01.57.20:608][307]LogModuleManager: Shutting down and abandoning module IOSPlatformEditor (174)
[2015.10.31-01.57.20:608][307]LogModuleManager: Shutting down and abandoning module HTML5PlatformEditor (173)
[2015.10.31-01.57.20:608][307]LogModuleManager: Shutting down and abandoning module AndroidDeviceDetection (172)
[2015.10.31-01.57.21:495][307]LogModuleManager: Shutting down and abandoning module AndroidPlatformEditor (171)
[2015.10.31-01.57.21:495][307]LogModuleManager: Shutting down and abandoning module IOSRuntimeSettings (170)
[2015.10.31-01.57.21:495][307]LogModuleManager: Shutting down and abandoning module AndroidRuntimeSettings (169)
[2015.10.31-01.57.21:495][307]LogModuleManager: Shutting down and abandoning module MergeActors (168)
[2015.10.31-01.57.21:495][307]LogModuleManager: Shutting down and abandoning module SizeMap (167)
[2015.10.31-01.57.21:495][307]LogModuleManager: Shutting down and abandoning module TreeMap (166)
[2015.10.31-01.57.21:495][307]LogModuleManager: Shutting down and abandoning module ReferenceViewer (165)
[2015.10.31-01.57.21:495][307]LogModuleManager: Shutting down and abandoning module LocalizationService (164)
[2015.10.31-01.57.21:495][307]LogModuleManager: Shutting down and abandoning module LocalizationDashboard (163)
[2015.10.31-01.57.21:495][307]LogModuleManager: Shutting down and abandoning module HardwareTargeting (162)
[2015.10.31-01.57.21:495][307]LogModuleManager: Shutting down and abandoning module DeviceProfileEditor (161)
[2015.10.31-01.57.21:495][307]LogModuleManager: Shutting down and abandoning module UndoHistory (160)
[2015.10.31-01.57.21:495][307]LogModuleManager: Shutting down and abandoning module GameplayTagsEditor (159)
[2015.10.31-01.57.21:495][307]LogModuleManager: Shutting down and abandoning module UserFeedback (158)
[2015.10.31-01.57.21:495][307]LogModuleManager: Shutting down and abandoning module XmlParser (157)
[2015.10.31-01.57.21:495][307]LogModuleManager: Shutting down and abandoning module Blutility (156)
[2015.10.31-01.57.21:495][307]LogModuleManager: Shutting down and abandoning module ProjectTargetPlatformEditor (155)
[2015.10.31-01.57.21:495][307]LogModuleManager: Shutting down and abandoning module ProjectSettingsViewer (154)
[2015.10.31-01.57.21:495][307]LogModuleManager: Shutting down and abandoning module InputBindingEditor (153)
[2015.10.31-01.57.21:496][307]LogModuleManager: Shutting down and abandoning module EditorSettingsViewer (152)
[2015.10.31-01.57.21:496][307]LogModuleManager: Shutting down and abandoning module SettingsEditor (151)
[2015.10.31-01.57.21:496][307]LogModuleManager: Shutting down and abandoning module ProjectLauncher (150)
[2015.10.31-01.57.21:496][307]LogModuleManager: Shutting down and abandoning module SessionFrontend (149)
[2015.10.31-01.57.21:496][307]LogModuleManager: Shutting down and abandoning module ProfilerClient (148)
[2015.10.31-01.57.21:496][307]LogModuleManager: Shutting down and abandoning module TargetDeviceServices (147)
[2015.10.31-01.57.21:496][307]LogModuleManager: Shutting down and abandoning module DeviceManager (146)
[2015.10.31-01.57.21:496][307]LogModuleManager: Shutting down and abandoning module AutomationController (145)
[2015.10.31-01.57.21:496][307]LogModuleManager: Shutting down and abandoning module AutomationWindow (144)
[2015.10.31-01.57.21:496][307]LogModuleManager: Shutting down and abandoning module Layers (143)
[2015.10.31-01.57.21:496][307]LogModuleManager: Shutting down and abandoning module ComponentVisualizers (142)
[2015.10.31-01.57.21:496][307]LogModuleManager: Shutting down and abandoning module DetailCustomizations (141)
[2015.10.31-01.57.21:496][307]LogModuleManager: Shutting down and abandoning module PackagesDialog (140)
[2015.10.31-01.57.21:496][307]LogModuleManager: Shutting down and abandoning module Persona (139)
[2015.10.31-01.57.21:496][307]LogModuleManager: Shutting down and abandoning module Kismet (138)
[2015.10.31-01.57.21:496][307]LogModuleManager: Shutting down and abandoning module GraphEditor (137)
[2015.10.31-01.57.21:497][307]LogModuleManager: Shutting down and abandoning module ClassViewer (136)
[2015.10.31-01.57.21:497][307]LogModuleManager: Shutting down and abandoning module Toolbox (135)
[2015.10.31-01.57.21:497][307]LogModuleManager: Shutting down and abandoning module ModuleUI (134)
[2015.10.31-01.57.21:497][307]LogModuleManager: Shutting down and abandoning module MovieSceneTools (133)
[2015.10.31-01.57.21:497][307]LogModuleManager: Shutting down and abandoning module OutputLog (132)
[2015.10.31-01.57.21:497][307]LogModuleManager: Shutting down and abandoning module GammaUI (131)
[2015.10.31-01.57.21:497][307]LogModuleManager: Shutting down and abandoning module Documentation (130)
[2015.10.31-01.57.21:497][307]LogModuleManager: Shutting down and abandoning module GameLiveStreaming (129)
[2015.10.31-01.57.21:497][307]LogModuleManager: Shutting down and abandoning module StreamingPauseRendering (128)
[2015.10.31-01.57.21:497][307]LogModuleManager: Shutting down and abandoning module AnalyticsET (127)
[2015.10.31-01.57.21:497][307]LogModuleManager: Shutting down and abandoning module Analytics (126)
[2015.10.31-01.57.21:497][307]LogModuleManager: Shutting down and abandoning module AITestSuite (125)
[2015.10.31-01.57.21:497][307]LogModuleManager: Shutting down and abandoning module GameplayDebugger (124)
[2015.10.31-01.57.21:497][307]LogModuleManager: Shutting down and abandoning module AIModule (123)
[2015.10.31-01.57.21:497][307]LogModuleManager: Shutting down and abandoning module ProfilerService (122)
[2015.10.31-01.57.21:668][307]LogModuleManager: Shutting down and abandoning module TaskGraph (121)
[2015.10.31-01.57.21:668][307]LogModuleManager: Shutting down and abandoning module SlateRemote (120)
[2015.10.31-01.57.21:668][307]LogModuleManager: Shutting down and abandoning module SteamVRController (119)
[2015.10.31-01.57.21:668][307]LogModuleManager: Shutting down and abandoning module SteamVR (118)
[2015.10.31-01.57.21:668][307]LogModuleManager: Shutting down and abandoning module ProceduralMeshComponent (117)
[2015.10.31-01.57.21:668][307]LogModuleManager: Shutting down and abandoning module OculusRift (116)
[2015.10.31-01.57.21:668][307]LogModuleManager: Shutting down and abandoning module OculusLibrary (115)
[2015.10.31-01.57.21:668][307]LogModuleManager: Shutting down and abandoning module LeapMotionController (114)
[2015.10.31-01.57.21:691][307]LogModuleManager: Shutting down and abandoning module CustomMeshComponent (113)
[2015.10.31-01.57.21:691][307]LogModuleManager: Shutting down and abandoning module CableComponent (112)
[2015.10.31-01.57.21:691][307]LogModuleManager: Shutting down and abandoning module ArchVisCharacter (111)
[2015.10.31-01.57.21:691][307]LogModuleManager: Shutting down and abandoning module MessagingDebugger (110)
[2015.10.31-01.57.21:691][307]LogModuleManager: Shutting down and abandoning module MediaPlayerEditor (109)
[2015.10.31-01.57.21:691][307]LogModuleManager: Shutting down and abandoning module HTML5Networking (108)
[2015.10.31-01.57.21:691][307]LogModuleManager: Shutting down and abandoning module SpeedTreeImporter (107)
[2015.10.31-01.57.21:691][307]LogModuleManager: Shutting down and abandoning module PluginBrowser (106)
[2015.10.31-01.57.21:691][307]LogModuleManager: Shutting down and abandoning module EpicSurvey (105)
[2015.10.31-01.57.21:691][307]LogModuleManager: Shutting down and abandoning module DesktopPlatform (104)
[2015.10.31-01.57.21:691][307]LogModuleManager: Shutting down and abandoning module VisualStudioSourceCodeAccess (103)
[2015.10.31-01.57.21:691][307]LogModuleManager: Shutting down and abandoning module UObjectPlugin (102)
[2015.10.31-01.57.21:691][307]LogModuleManager: Shutting down and abandoning module SubversionSourceControl (101)
[2015.10.31-01.57.21:691][307]LogModuleManager: Shutting down and abandoning module PerforceSourceControl (100)
[2015.10.31-01.57.21:691][307]LogModuleManager: Shutting down and abandoning module SourceControl (99)
[2015.10.31-01.57.21:691][307]LogModuleManager: Shutting down and abandoning module GitSourceControl (98)
[2015.10.31-01.57.21:691][307]LogModuleManager: Shutting down and abandoning module LightPropagationVolumeEditor (97)
[2015.10.31-01.57.21:691][307]LogModuleManager: Shutting down and abandoning module PaperTiledImporter (96)
[2015.10.31-01.57.21:691][307]LogModuleManager: Shutting down and abandoning module PaperSpriteSheetImporter (95)
[2015.10.31-01.57.21:691][307]LogModuleManager: Shutting down and abandoning module MeshPaint (94)
[2015.10.31-01.57.21:692][307]LogModuleManager: Shutting down and abandoning module SlateReflector (93)
[2015.10.31-01.57.21:692][307]LogModuleManager: Shutting down and abandoning module HotReload (92)
[2015.10.31-01.57.21:692][307]LogModuleManager: Shutting down and abandoning module MainFrame (91)
[2015.10.31-01.57.21:692][307]LogModuleManager: Shutting down and abandoning module LevelEditor (90)
[2015.10.31-01.57.21:693][307]LogModuleManager: Shutting down and abandoning module DirectoryWatcher (89)
[2015.10.31-01.57.21:696][307]LogModuleManager: Shutting down and abandoning module AssetRegistry (88)
[2015.10.31-01.57.21:810][307]LogModuleManager: Shutting down and abandoning module ContentBrowser (87)
[2015.10.31-01.57.21:811][307]LogModuleManager: Shutting down and abandoning module Paper2DEditor (86)
[2015.10.31-01.57.21:811][307]LogModuleManager: Shutting down and abandoning module UdpMessaging (85)
[2015.10.31-01.57.21:912][307]LogModuleManager: Shutting down and abandoning module LightPropagationVolumeRuntime (84)
[2015.10.31-01.57.21:912][307]LogModuleManager: Shutting down and abandoning module Paper2D (83)
[2015.10.31-01.57.21:912][307]LogModuleManager: Shutting down and abandoning module WindowsMoviePlayer (82)
[2015.10.31-01.57.21:922][307]LogModuleManager: Shutting down and abandoning module Media (81)
[2015.10.31-01.57.21:922][307]LogModuleManager: Shutting down and abandoning module WmfMedia (80)
[2015.10.31-01.57.21:922][307]LogModuleManager: Shutting down and abandoning module OnlineBlueprintSupport (79)
[2015.10.31-01.57.21:922][307]LogModuleManager: Shutting down and abandoning module GameplayTasksEditor (78)
[2015.10.31-01.57.21:922][307]LogModuleManager: Shutting down and abandoning module PropertyEditor (77)
[2015.10.31-01.57.21:922][307]LogModuleManager: Shutting down and abandoning module BehaviorTreeEditor (76)
[2015.10.31-01.57.21:922][307]LogModuleManager: Shutting down and abandoning module FunctionalTesting (75)
[2015.10.31-01.57.21:922][307]LogModuleManager: Shutting down and abandoning module CollisionAnalyzer (74)
[2015.10.31-01.57.21:922][307]LogModuleManager: Shutting down and abandoning module WorkspaceMenuStructure (73)
[2015.10.31-01.57.21:922][307]LogModuleManager: Shutting down and abandoning module MessageLog (72)
[2015.10.31-01.57.21:922][307]LogModuleManager: Shutting down and abandoning module Sequencer (71)
[2015.10.31-01.57.21:923][307]LogModuleManager: Shutting down and abandoning module AssetTools (70)
[2015.10.31-01.57.21:923][307]LogModuleManager: Shutting down and abandoning module UMGEditor (69)
[2015.10.31-01.57.21:923][307]LogModuleManager: Shutting down and abandoning module UMG (68)
[2015.10.31-01.57.21:923][307]LogModuleManager: Shutting down and abandoning module Slate (67)
[2015.10.31-01.57.21:923][307]LogModuleManager: Shutting down and abandoning module EditorStyle (66)
[2015.10.31-01.57.21:932][307]LogModuleManager: Shutting down and abandoning module SessionServices (65)
[2015.10.31-01.57.21:932][307]LogModuleManager: Shutting down and abandoning module SourceCodeAccess (64)
[2015.10.31-01.57.21:932][307]LogModuleManager: Shutting down and abandoning module HeadMountedDisplay (63)
[2015.10.31-01.57.21:932][307]LogModuleManager: Shutting down and abandoning module XAudio2 (62)
[2015.10.31-01.57.21:932][307]LogModuleManager: Shutting down and abandoning module Networking (60)
[2015.10.31-01.57.21:932][307]LogModuleManager: Shutting down and abandoning module Core (59)
[2015.10.31-01.57.21:932][307]LogModuleManager: Shutting down and abandoning module KismetCompiler (58)
[2015.10.31-01.57.21:933][307]LogModuleManager: Shutting down and abandoning module PhysXFormats (57)
[2015.10.31-01.57.21:933][307]LogModuleManager: Shutting down and abandoning module MeshUtilities (56)
[2015.10.31-01.57.21:933][307]LogModuleManager: Shutting down and abandoning module CookingStats (55)
[2015.10.31-01.57.21:939][307]LogModuleManager: Shutting down and abandoning module DerivedDataCache (54)
[2015.10.31-01.57.21:999][307]LogDerivedDataCache: Shutdown
[2015.10.31-01.57.21:999][307]LogModuleManager: Shutting down and abandoning module ShaderFormatOpenGL (53)
[2015.10.31-01.57.21:999][307]LogModuleManager: Shutting down and abandoning module ShaderFormatD3D (52)
[2015.10.31-01.57.21:999][307]LogModuleManager: Shutting down and abandoning module MetalShaderFormat (51)
[2015.10.31-01.57.21:999][307]LogModuleManager: Shutting down and abandoning module TextureFormatUncompressed (50)
[2015.10.31-01.57.21:999][307]LogModuleManager: Shutting down and abandoning module TextureFormatPVR (49)
[2015.10.31-01.57.21:999][307]LogModuleManager: Shutting down and abandoning module TextureFormatIntelISPCTexComp (48)
[2015.10.31-01.57.21:999][307]LogModuleManager: Shutting down and abandoning module TextureFormatDXT (47)
[2015.10.31-01.57.21:999][307]LogModuleManager: Shutting down and abandoning module ImageWrapper (46)
[2015.10.31-01.57.21:999][307]LogModuleManager: Shutting down and abandoning module TextureFormatASTC (45)
[2015.10.31-01.57.21:999][307]LogModuleManager: Shutting down and abandoning module TextureFormatAndroid (44)
[2015.10.31-01.57.21:999][307]LogModuleManager: Shutting down and abandoning module AudioFormatOpus (43)
[2015.10.31-01.57.21:999][307]LogModuleManager: Shutting down and abandoning module AudioFormatOgg (42)
[2015.10.31-01.57.21:999][307]LogModuleManager: Shutting down and abandoning module AudioFormatADPCM (41)
[2015.10.31-01.57.21:999][307]LogModuleManager: Shutting down and abandoning module LinuxTargetPlatform (40)
[2015.10.31-01.57.21:999][307]LogModuleManager: Shutting down and abandoning module LinuxServerTargetPlatform (39)
[2015.10.31-01.57.21:999][307]LogModuleManager: Shutting down and abandoning module LinuxNoEditorTargetPlatform (38)
[2015.10.31-01.57.21:999][307]LogModuleManager: Shutting down and abandoning module Messaging (37)
[2015.10.31-01.57.21:999][307]LogModuleManager: Shutting down and abandoning module IOSTargetPlatform (36)
[2015.10.31-01.57.21:999][307]LogModuleManager: Shutting down and abandoning module HTML5TargetPlatform (35)
[2015.10.31-01.57.21:999][307]LogModuleManager: Shutting down and abandoning module Android_PVRTCTargetPlatform (34)
[2015.10.31-01.57.21:999][307]LogModuleManager: Shutting down and abandoning module Android_ETC2TargetPlatform (33)
[2015.10.31-01.57.21:999][307]LogModuleManager: Shutting down and abandoning module Android_ETC1TargetPlatform (32)
[2015.10.31-01.57.21:999][307]LogModuleManager: Shutting down and abandoning module Android_DXTTargetPlatform (31)
[2015.10.31-01.57.21:999][307]LogModuleManager: Shutting down and abandoning module Android_ATCTargetPlatform (30)
[2015.10.31-01.57.21:999][307]LogModuleManager: Shutting down and abandoning module Android_ASTCTargetPlatform (29)
[2015.10.31-01.57.21:999][307]LogModuleManager: Shutting down and abandoning module AndroidTargetPlatform (28)
[2015.10.31-01.57.21:999][307]LogModuleManager: Shutting down and abandoning module WindowsTargetPlatform (27)
[2015.10.31-01.57.21:999][307]LogModuleManager: Shutting down and abandoning module WindowsServerTargetPlatform (26)
[2015.10.31-01.57.21:999][307]LogModuleManager: Shutting down and abandoning module WindowsNoEditorTargetPlatform (25)
[2015.10.31-01.57.21:999][307]LogModuleManager: Shutting down and abandoning module WindowsClientTargetPlatform (24)
[2015.10.31-01.57.21:999][307]LogModuleManager: Shutting down and abandoning module AllDesktopTargetPlatform (23)
[2015.10.31-01.57.22:000][307]LogModuleManager: Shutting down and abandoning module TargetPlatform (22)
[2015.10.31-01.57.22:000][307]LogModuleManager: Shutting down and abandoning module InputCore (21)
[2015.10.31-01.57.22:000][307]LogModuleManager: Shutting down and abandoning module Settings (20)
[2015.10.31-01.57.22:000][307]LogModuleManager: Shutting down and abandoning module OnlineSubsystem (18)
[2015.10.31-01.57.22:000][307]LogModuleManager: Shutting down and abandoning module HTTP (17)
[2015.10.31-01.57.26:505][307]LogModuleManager: Shutting down and abandoning module XMPP (16)
[2015.10.31-01.57.26:505][307]LogModuleManager: Shutting down and abandoning module ExampleDeviceProfileSelector (15)
[2015.10.31-01.57.26:505][307]LogModuleManager: Shutting down and abandoning module TextureCompressor (14)
[2015.10.31-01.57.26:505][307]LogModuleManager: Shutting down and abandoning module ShaderCore (13)
[2015.10.31-01.57.26:505][307]LogModuleManager: Shutting down and abandoning module Landscape (12)
[2015.10.31-01.57.26:505][307]LogModuleManager: Shutting down and abandoning module SlateRHIRenderer (11)
[2015.10.31-01.57.26:513][307]LogModuleManager: Shutting down and abandoning module OpenGLDrv (10)
[2015.10.31-01.57.26:513][307]LogModuleManager: Shutting down and abandoning module D3D11RHI (9)
[2015.10.31-01.57.26:513][307]LogModuleManager: Shutting down and abandoning module AnimGraphRuntime (8)
[2015.10.31-01.57.26:513][307]LogModuleManager: Shutting down and abandoning module Renderer (7)
[2015.10.31-01.57.26:513][307]LogModuleManager: Shutting down and abandoning module Engine (6)
[2015.10.31-01.57.26:513][307]LogModuleManager: Shutting down and abandoning module CoreUObject (5)
[2015.10.31-01.57.26:513][307]LogModuleManager: Shutting down and abandoning module NetworkFile (4)
[2015.10.31-01.57.26:513][307]LogModuleManager: Shutting down and abandoning module StreamingFile (3)
[2015.10.31-01.57.26:513][307]LogModuleManager: Shutting down and abandoning module SandboxFile (2)
[2015.10.31-01.57.26:513][307]LogModuleManager: Shutting down and abandoning module PakFile (1)
[2015.10.31-01.57.26:514][307]LogExit: Exiting.
[2015.10.31-01.57.26:538][307]Log file closed, 10/31/15 09:57:26
