[2015.10.31-02.00.41:804][  0]Log file open, 10/31/15 10:00:41
[2015.10.31-02.00.41:804][  0]LogInit:Display: Running engine for game: Introduction
[2015.10.31-02.00.41:804][  0]LogInit:Display: RandInit(1525956770) SRandInit(1525956770).
[2015.10.31-02.00.41:804][  0]LogTaskGraph: Started task graph with 4 named threads and 5 total threads.
[2015.10.31-02.00.41:804][  0]LogStats: Stats thread started at 0.069878
[2015.10.31-02.00.41:804][  0]LogInit: Version: 4.9.2-2707645+++depot+UE4-Releases+4.9
[2015.10.31-02.00.41:804][  0]LogInit: API Version: 2672455
[2015.10.31-02.00.41:804][  0]LogInit: Compiled (64-bit): Sep 28 2015 10:25:44
[2015.10.31-02.00.41:804][  0]LogInit: Compiled with Visual C++: 18.00.21005.01
[2015.10.31-02.00.41:804][  0]LogInit: Build Configuration: Development
[2015.10.31-02.00.41:804][  0]LogInit: Branch Name: ++depot+UE4-Releases+4.9
[2015.10.31-02.00.41:804][  0]LogInit: Command line: 
[2015.10.31-02.00.41:804][  0]LogInit: Base directory: D:/Work/UE4/Epic Games/4.9/Engine/Binaries/Win64/
[2015.10.31-02.00.41:804][  0]LogInit: Rocket: 1
[2015.10.31-02.00.41:817][  0]LogInit: Using libcurl 7.41.0
[2015.10.31-02.00.41:817][  0]LogInit:  - built for x86_64-pc-win32
[2015.10.31-02.00.41:817][  0]LogInit:  - supports SSL with WinSSL
[2015.10.31-02.00.41:817][  0]LogInit:  - other features:
[2015.10.31-02.00.41:817][  0]LogInit:      CURL_VERSION_SSL
[2015.10.31-02.00.41:817][  0]LogInit:      CURL_VERSION_IPV6
[2015.10.31-02.00.41:817][  0]LogInit:      CURL_VERSION_ASYNCHDNS
[2015.10.31-02.00.41:817][  0]LogInit:      CURL_VERSION_LARGEFILE
[2015.10.31-02.00.41:817][  0]LogInit:      CURL_VERSION_IDN
[2015.10.31-02.00.41:817][  0]LogInit:  CurlRequestOptions (configurable via config and command line):
[2015.10.31-02.00.41:817][  0]LogInit:  - bVerifyPeer = true  - Libcurl will verify peer certificate
[2015.10.31-02.00.41:817][  0]LogInit:  - bUseHttpProxy = false  - Libcurl will NOT use HTTP proxy
[2015.10.31-02.00.41:817][  0]LogInit:  - bDontReuseConnections = false  - Libcurl will reuse connections
[2015.10.31-02.00.41:817][  0]LogInit:  - CertBundlePath = nullptr  - Libcurl will use whatever was configured at build time.
[2015.10.31-02.00.41:827][  0]LogInit: Presizing for 0 objects not considered by GC, pre-allocating 0 bytes.
[2015.10.31-02.00.41:840][  0]LogInit: Object subsystem initialized
[2015.10.31-02.00.41:842][  0]LogInit: Selected Device Profile: [Windows]
[2015.10.31-02.00.41:842][  0]LogInit: Applying CVar settings loaded from the selected device profile: [Windows]
[2015.10.31-02.00.41:854][  0]LogInit: Computer: LENOVO-PC
[2015.10.31-02.00.41:854][  0]LogInit: User: user
[2015.10.31-02.00.41:854][  0]LogInit: CPU Page size=4096, Cores=2
[2015.10.31-02.00.41:854][  0]LogInit: High frequency timer resolution =2.825502 MHz
[2015.10.31-02.00.41:854][  0]LogMemory: Memory total: Physical=11.9GB (12GB approx)
[2015.10.31-02.00.41:854][  0]LogMemory: Platform Memory Stats for Windows
[2015.10.31-02.00.41:854][  0]LogMemory: Process Physical Memory: 52.41 MB used, 52.41 MB peak
[2015.10.31-02.00.41:854][  0]LogMemory: Process Virtual Memory: 57.14 MB used, 57.14 MB peak
[2015.10.31-02.00.41:854][  0]LogMemory: Physical Memory: 3133.43 MB used, 12200.27 MB total
[2015.10.31-02.00.41:854][  0]LogMemory: Virtual Memory: 349.79 MB used, 134217728.00 MB total
[2015.10.31-02.00.41:905][  0]LogTextLocalizationManager: No specific translations for ('en-AS') exist, so ('en') translations will be used.
[2015.10.31-02.00.43:088][  0]LogD3D11RHI: Found D3D11 adapter 0: NVIDIA GeForce GTX 860M   (Feature Level 11_0)
[2015.10.31-02.00.43:088][  0]LogD3D11RHI: Adapter has 1972MB of dedicated video memory, 0MB of dedicated system memory, and 2048MB of shared system memory, 1 output[s]
[2015.10.31-02.00.43:097][  0]LogD3D11RHI: Found D3D11 adapter 1: Intel(R) HD Graphics 4600 (Feature Level 11_0)
[2015.10.31-02.00.43:097][  0]LogD3D11RHI: Adapter has 0MB of dedicated video memory, 0MB of dedicated system memory, and 1792MB of shared system memory, 0 output[s]
[2015.10.31-02.00.43:098][  0]LogD3D11RHI: Found D3D11 adapter 2: Microsoft Basic Render Driver (Feature Level 11_0)
[2015.10.31-02.00.43:098][  0]LogD3D11RHI: Adapter has 0MB of dedicated video memory, 0MB of dedicated system memory, and 256MB of shared system memory, 0 output[s]
[2015.10.31-02.00.43:098][  0]LogD3D11RHI: Chosen D3D11 Adapter Id = 0
[2015.10.31-02.00.43:104][  0]LogD3D11RHI: !Direct3DDevice
[2015.10.31-02.00.43:105][  0]LogRHI: Texture pool is 1361 MB (70% of 1945 MB)
[2015.10.31-02.00.43:124][  0]LogD3D11RHI: Async texture creation enabled
[2015.10.31-02.00.43:138][  0]LogShaderCompilers: Guid format shader working directory is 15 characters bigger than the processId version (../../../../../Projects/UE4Study/Intermediate/Shaders/WorkingDirectory/5704/).
[2015.10.31-02.00.43:138][  0]LogShaderCompilers: Cleaned the shader compiler working directory '../../../../../Projects/UE4Study/Intermediate/Shaders/tmp/BB80B2724174E2BCBBBCEDB774B2891E/'.
[2015.10.31-02.00.43:138][  0]LogShaderCompilers:Display: Using Local Shader Compiler.
[2015.10.31-02.00.45:052][  0]LogTemp:Display: Loaded TP AllDesktopTargetPlatform
[2015.10.31-02.00.45:059][  0]LogTemp:Display: Loaded TP WindowsClientTargetPlatform
[2015.10.31-02.00.45:067][  0]LogTemp:Display: Loaded TP WindowsNoEditorTargetPlatform
[2015.10.31-02.00.45:073][  0]LogTemp:Display: Loaded TP WindowsServerTargetPlatform
[2015.10.31-02.00.45:079][  0]LogTemp:Display: Loaded TP WindowsTargetPlatform
[2015.10.31-02.00.45:085][  0]LogTemp:Display: Loaded TP AndroidTargetPlatform
[2015.10.31-02.00.45:091][  0]LogTemp:Display: Loaded TP Android_ASTCTargetPlatform
[2015.10.31-02.00.45:097][  0]LogTemp:Display: Loaded TP Android_ATCTargetPlatform
[2015.10.31-02.00.45:104][  0]LogTemp:Display: Loaded TP Android_DXTTargetPlatform
[2015.10.31-02.00.45:110][  0]LogTemp:Display: Loaded TP Android_ETC1TargetPlatform
[2015.10.31-02.00.45:118][  0]LogTemp:Display: Loaded TP Android_ETC2TargetPlatform
[2015.10.31-02.00.45:122][  0]LogTemp:Display: Loaded TP Android_PVRTCTargetPlatform
[2015.10.31-02.00.45:124][  0]LogTemp:Display: Loaded TP HTML5TargetPlatform
[2015.10.31-02.00.45:143][  0]LogTemp:Display: Loaded TP IOSTargetPlatform
[2015.10.31-02.00.45:149][  0]LogTemp:Display: Loaded TP LinuxNoEditorTargetPlatform
[2015.10.31-02.00.45:156][  0]LogTemp:Display: Loaded TP LinuxServerTargetPlatform
[2015.10.31-02.00.45:162][  0]LogTemp:Display: Loaded TP LinuxTargetPlatform
[2015.10.31-02.00.45:162][  0]LogTargetPlatformManager:Display: Building Assets For Windows
[2015.10.31-02.00.45:267][  0]LogDerivedDataCache:Display: Max Cache Size: 512 MB
[2015.10.31-02.00.45:337][  0]LogDerivedDataCache: Loaded boot cache 0.07s 41MB C:/Users/user/AppData/Local/UnrealEngine/4.9/DerivedDataCache/Boot.ddc.
[2015.10.31-02.00.45:337][  0]LogDerivedDataCache:Display: Loaded Boot cache: C:/Users/user/AppData/Local/UnrealEngine/4.9/DerivedDataCache/Boot.ddc
[2015.10.31-02.00.45:337][  0]LogDerivedDataCache: FDerivedDataBackendGraph:  Pak pak cache file ../../../../../Projects/UE4Study/DerivedDataCache/DDC.ddp not found, will not use a pak cache.
[2015.10.31-02.00.45:337][  0]LogDerivedDataCache: Unable to find inner node Pak for hierarchical cache Hierarchy.
[2015.10.31-02.00.45:337][  0]LogDerivedDataCache: FDerivedDataBackendGraph:  CompressedPak pak cache file ../../../../../Projects/UE4Study/DerivedDataCache/Compressed.ddp not found, will not use a pak cache.
[2015.10.31-02.00.45:337][  0]LogDerivedDataCache: Unable to find inner node CompressedPak for hierarchical cache Hierarchy.
[2015.10.31-02.00.45:550][  0]LogDerivedDataCache:Display: Pak cache opened for reading ../../../Engine/DerivedDataCache/Compressed.ddp.
[2015.10.31-02.00.45:564][  0]LogDerivedDataCache: Using Local data cache path C:/Users/user/AppData/Local/UnrealEngine/Common/DerivedDataCache: Writable
[2015.10.31-02.00.45:844][  0]LogInit: Selected Device Profile: [Windows]
[2015.10.31-02.00.45:847][  0]LogContentStreaming: Texture pool size is 0.000000MB
[2015.10.31-02.00.46:062][  0]LogMeshUtilities: No automatic mesh reduction module available
[2015.10.31-02.00.46:062][  0]LogMeshUtilities: No automatic mesh merging module available
[2015.10.31-02.00.46:469][  0]LogInit: WinSock: version 1.1 (2.2), MaxSocks=32767, MaxUdp=65467
[2015.10.31-02.00.47:415][  0]UdpMessaging: Initializing bridge on interface 0.0.0.0:0 to multicast group 230.0.0.1:6666.
[2015.10.31-02.00.47:517][  0]LogAssetRegistry: FAssetRegistry took 0.0108 seconds to start up
[2015.10.31-02.00.47:756][  0]SourceControl: Info Source control is disabled
[2015.10.31-02.00.47:830][  0]SourceControl: Info Source control is disabled
[2015.10.31-02.00.47:843][  0]SourceControl: Info Source control is disabled
[2015.10.31-02.00.47:853][  0]SourceControl: Info Source control is disabled
[2015.10.31-02.00.48:026][  0]LogLinker:Warning: Asset '../../../Engine/Plugins/Runtime/LeapMotionController/Content/LM_PassthroughMaterial.uasset' has been saved with empty engine version. The asset will be loaded but may be incompatible.
[2015.10.31-02.00.48:117][  0]LogObj: 28361 objects as part of root set at end of initial load.
[2015.10.31-02.00.48:118][  0]LogUObjectAllocator: 6038872 out of 0 bytes used by permanent object pool.
[2015.10.31-02.00.48:197][  0]LogEngine: Initializing Engine...
[2015.10.31-02.00.48:201][  0]LogHMD: Can't find Oculus library dev build: is proper Runtime installed? Version: 0.7.0.0
[2015.10.31-02.00.48:203][  0]LogHMD: SteamVR failed to initialize.  Err: 110
[2015.10.31-02.00.48:400][  0]LogAIModule: Creating AISystem for world NewWorld
[2015.10.31-02.00.48:407][  0]LogInit: XAudio2 using '扬声器 (Realtek High Definition Audio)' : 2 channels at 48 kHz using 32 bits per sample (channel mask 0x3)
[2015.10.31-02.00.48:447][  0]LogInit: FAudioDevice initialized.
[2015.10.31-02.00.48:483][  0]LogDerivedDataCache: Saved boot cache 0.04s 41MB C:/Users/user/AppData/Local/UnrealEngine/4.9/DerivedDataCache/Boot.ddc.
[2015.10.31-02.00.48:489][  0]LogInit: Texture streaming: Enabled
[2015.10.31-02.00.48:497][  0]LogAnalytics: Creating configured Analytics provider AnalyticsET
[2015.10.31-02.00.48:497][  0]LogAnalytics: [UEEditor.Rocket.Release] APIServer = http://et2.epicgames.com/ET2/. AppVersion = 4.9.2-2707645+++depot+UE4-Releases+4.9
[2015.10.31-02.00.48:497][  0]LogAnalytics: [UEEditor.Rocket.Release] SetUserId 9f32512f489ba9d85b11adafcc898a7b|b0673e94d52d486cbdf3580f32be2351|a1368a20-e5a8-4867-a4a8-60870698c502
[2015.10.31-02.00.48:497][  0]LogAnalytics: [UEEditor.Rocket.Release] AnalyticsET::StartSession
[2015.10.31-02.00.48:520][  0]LogWindowsTextInputMethodSystem:Display: IME system now activated using TSF (搜狗拼音输入法).
[2015.10.31-02.00.48:707][  0]LogInit: Transaction tracking system initialized
[2015.10.31-02.00.48:743][  0]BlueprintLog: New page: Editor Load
[2015.10.31-02.00.48:853][  0]LocalizationService: Info Localization service is disabled
[2015.10.31-02.00.48:949][  0]LogConsoleResponse:Display: 
[2015.10.31-02.00.49:105][  0]LogCook:Display: Done creating registry. It took  0.00s.
[2015.10.31-02.00.49:178][  0]LogFileCache: Scanning file cache for directory 'D:/Work/UE4/Projects/UE4Study/Content/' took 0.01s
[2015.10.31-02.00.49:178][  0]SourceControl: Info Source control is disabled
[2015.10.31-02.00.49:178][  0]Cmd: MAP LOAD FILE="../../../../../Projects/UE4Study/Content/StarterContent/Maps/Minimal_Default.umap" TEMPLATE=0 SHOWPROGRESS=1 FEATURELEVEL=3
[2015.10.31-02.00.49:179][  0]LightingResults: New page: Lighting Build
[2015.10.31-02.00.49:183][  0]MapCheck: New page: Map Check
[2015.10.31-02.00.49:183][  0]LightingResults: New page: Lighting Build
[2015.10.31-02.00.49:215][  0]LogParticles: Destroying 0 GPU particle simulations for FXSystem 0x0000009CDAA3DDA0
[2015.10.31-02.00.49:859][  0]LogAIModule: Creating AISystem for world Minimal_Default
[2015.10.31-02.00.49:868][  0]LogEditorServer: Finished looking for orphan Actors (0.000 secs)
[2015.10.31-02.00.49:870][  0]Cmd: MAP CHECKDEP NOCLEARLOG
[2015.10.31-02.00.49:939][  0]MapCheck: Info Map check complete: 0 Error(s), 0 Warning(s), took 68.315ms to complete.
[2015.10.31-02.00.49:939][  0]LogFileHelpers: Loading map 'Minimal_Default' took 0.760
[2015.10.31-02.00.50:175][  0]LogCrashTracker: Crashtracker disabled due to settings.
[2015.10.31-02.00.50:180][  0]LogUObjectGlobals:Warning: Failed to find object 'Class None.'
[2015.10.31-02.00.50:204][  0]LogLoad: Full Startup: 9.04 seconds (BP compile: 0.08 seconds)
[2015.10.31-02.00.50:283][  0]LogContentStreaming: Texture pool size now 1000 MB
[2015.10.31-02.00.50:445][  0]LogRenderer: Reallocating scene render targets to support 1208x924 (Frame:2).
[2015.10.31-02.00.51:836][  5]LogAssetRegistry: Asset discovery search completed in 4.3306 seconds
[2015.10.31-02.00.51:843][  5]LogCollectionManager: Loaded 0 collections in 0.002454 seconds
[2015.10.31-02.00.51:882][  5]LogFileCache: Scanning file cache for directory 'D:/Work/UE4/Projects/UE4Study/Saved/Collections/' took 0.01s
[2015.10.31-02.00.51:882][  5]LogFileCache: Scanning file cache for directory 'D:/Work/UE4/Projects/UE4Study/Content/Developers/user/Collections/' took 0.01s
[2015.10.31-02.00.51:882][  5]LogFileCache: Scanning file cache for directory 'D:/Work/UE4/Projects/UE4Study/Content/Collections/' took 0.01s
[2015.10.31-02.00.51:882][  5]LogCollectionManager: Rebuilt the object cache for 0 collections in 0.000007 seconds (found 0 objects)
[2015.10.31-02.00.51:882][  5]LogCollectionManager: Fixed up redirectors for 0 collections in 0.000126 seconds (updated 0 objects)
[2015.10.31-02.01.24:747][520]LogContentBrowser: Native class hierarchy populated in 0.0156 seconds. Added 1868 classes and 335 folders.
[2015.10.31-02.01.24:755][520]LogCollectionManager: Rebuilt the GUID cache for 0 collections in 0.000001 seconds
[2015.10.31-02.01.24:766][520]LogContentBrowser: Native class hierarchy updated for 'WidgetCarousel' in 0.0006 seconds. Added 0 classes and 0 folders.
[2015.10.31-02.01.24:835][520]LogContentBrowser: Native class hierarchy updated for 'AddContentDialog' in 0.0008 seconds. Added 0 classes and 0 folders.
[2015.10.31-02.01.38:847][343]LogContentBrowser: Native class hierarchy updated for 'TextureEditor' in 0.0005 seconds. Added 1 classes and 2 folders.
[2015.10.31-02.02.00:249][557]LogActorFactory: Actor Factory created WheelChair_LP
[2015.10.31-02.02.01:679][637]LogActorFactory: Actor Factory created WheelChair_LP
[2015.10.31-02.02.06:375][900]LogEditorViewport: Clicking on Actor (LMB): BP_Sky_Sphere_C (BP_Sky_Sphere)
[2015.10.31-02.02.07:611][946]LogSavePackage: Save=162.875839ms
[2015.10.31-02.02.07:611][946]LogSavePackage: Moving '../../../../../Projects/UE4Study/Saved/Minimal_Default1F69FB944087266253FD67BBC3029862.tmp' to '../../../../../Projects/UE4Study/Content/StarterContent/Maps/Minimal_Default.umap'
[2015.10.31-02.02.07:617][946]LogSavePackage: Total save time: 181.903958ms
[2015.10.31-02.02.07:617][946]LogSavePackage:Warning: Finished SavePackage ../../../../../Projects/UE4Study/Content/StarterContent/Maps/Minimal_Default.umap
[2015.10.31-02.02.07:658][946]LogFileHelpers: Saving map 'Minimal_Default' took 0.334
[2015.10.31-02.02.31:345][313]LogMaterial: Missing cached shader map for material M_WheelChair, compiling. 
[2015.10.31-02.02.31:414][313]LogMaterial: Missing cached shader map for material M_WheelChair, compiling. 
[2015.10.31-02.02.31:527][313]LogMaterial: Missing cached shader map for material M_WheelChair, compiling. 
[2015.10.31-02.02.31:537][313]LogMaterial: 0.000029 seconds spent updating 1 materials, 1 interfaces, 0 instances, 0 with static permutations.
[2015.10.31-02.02.38:870][480]MaterialEditorStats: Info Base pass shader with only dynamic lighting: 31 instructions
[2015.10.31-02.02.38:870][480]MaterialEditorStats: Info Vertex shader: 31 instructions
[2015.10.31-02.02.38:870][480]MaterialEditorStats: Info Texture samplers: 0/16
[2015.10.31-02.03.27:943][205]LogMaterial: Missing cached shader map for material M_WheelChair, compiling. 
[2015.10.31-02.03.27:953][205]LogMaterial: 0.000079 seconds spent updating 1 materials, 1 interfaces, 0 instances, 0 with static permutations.
[2015.10.31-02.03.27:955][205]LogMaterial: Missing cached shader map for material FMatExpressionPreview MaterialExpressionTextureSample_0, compiling. 
[2015.10.31-02.03.31:124][287]MaterialEditorStats: Info Base pass shader with only dynamic lighting: 31 instructions
[2015.10.31-02.03.31:124][287]MaterialEditorStats: Info Vertex shader: 31 instructions
[2015.10.31-02.03.31:124][287]MaterialEditorStats: Info Texture samplers: 0/16
[2015.10.31-02.03.34:565][487]LogMaterial: Missing cached shader map for material M_WheelChair, compiling. 
[2015.10.31-02.03.34:573][487]LogMaterial: 0.000081 seconds spent updating 1 materials, 1 interfaces, 0 instances, 0 with static permutations.
[2015.10.31-02.03.34:604][487]LogMaterial: Missing cached shader map for material FMatExpressionPreview MaterialExpressionTextureSample_0, compiling. 
[2015.10.31-02.03.38:921][739]MaterialEditorStats: Info Base pass shader with only dynamic lighting: 32 instructions
[2015.10.31-02.03.38:921][739]MaterialEditorStats: Info Vertex shader: 33 instructions
[2015.10.31-02.03.38:921][739]MaterialEditorStats: Info Texture samplers: 1/16
[2015.10.31-02.03.42:414][946]LogMaterialEditor: Applying material M_WheelChair
[2015.10.31-02.03.43:307][946]LogMaterial: Missing cached shader map for material M_WheelChair, compiling. 
[2015.10.31-02.03.43:343][946]LogMaterial: 0.000060 seconds spent updating 1 materials, 1 interfaces, 0 instances, 0 with static permutations.
[2015.10.31-02.03.43:390][946]LogMaterial: Missing cached shader map for material M_WheelChair, compiling. 
[2015.10.31-02.03.43:429][946]LogMaterial: Missing cached shader map for material M_WheelChair, compiling. 
[2015.10.31-02.03.43:441][946]LogMaterial: 0.000639 seconds spent updating 1 materials, 1 interfaces, 0 instances, 0 with static permutations.
[2015.10.31-02.03.51:274][217]MaterialEditorStats: Info Base pass shader with only dynamic lighting: 61 instructions
[2015.10.31-02.03.51:274][217]MaterialEditorStats: Info Vertex shader: 33 instructions
[2015.10.31-02.03.51:274][217]MaterialEditorStats: Info Texture samplers: 4/16
[2015.10.31-02.05.08:835][606]LogEditorViewport: Clicking on Actor (LMB): StaticMeshActor (WheelChair_LP)
[2015.10.31-02.05.19:029][ 55]LogMaterial: Missing cached shader map for material M_WheelChair, compiling. 
[2015.10.31-02.08.59:490][698]LogSavePackage: Save=201.275391ms
[2015.10.31-02.08.59:490][698]LogSavePackage: Moving '../../../../../Projects/UE4Study/Saved/Minimal_DefaultA0D86A22455482AC44C101A433DB4A0F.tmp' to '../../../../../Projects/UE4Study/Content/StarterContent/Maps/Minimal_Default.umap'
[2015.10.31-02.08.59:495][698]LogSavePackage: Total save time: 221.118581ms
[2015.10.31-02.08.59:495][698]LogSavePackage:Warning: Finished SavePackage ../../../../../Projects/UE4Study/Content/StarterContent/Maps/Minimal_Default.umap
[2015.10.31-02.08.59:539][698]LogFileHelpers: Saving map 'Minimal_Default' took 0.399
[2015.10.31-02.08.59:570][698]Cmd: OBJ SAVEPACKAGE PACKAGE="/Game/MyMats/M_WheelChair" FILE="../../../../../Projects/UE4Study/Content/MyMats/M_WheelChair.uasset" SILENT=true
[2015.10.31-02.08.59:602][698]LogSavePackage: Save=20.265425ms
[2015.10.31-02.08.59:603][698]LogSavePackage: Moving '../../../../../Projects/UE4Study/Saved/M_WheelChair7CCA10FD42A5C9348E0D748ABA246488.tmp' to '../../../../../Projects/UE4Study/Content/MyMats/M_WheelChair.uasset'
[2015.10.31-02.08.59:607][698]LogSavePackage: Total save time: 35.837170ms
[2015.10.31-02.08.59:607][698]LogSavePackage:Warning: Finished SavePackage ../../../../../Projects/UE4Study/Content/MyMats/M_WheelChair.uasset
[2015.10.31-02.09.21:833][955]Cmd: TRANSACTION UNDO
[2015.10.31-02.09.21:833][955]LogEditorTransaction: Undo Rotate Actors
[2015.10.31-02.09.21:838][955]LogMaterial: Missing cached shader map for material M_WheelChair, compiling. 
[2015.10.31-02.09.21:850][955]LogMaterial: 0.000107 seconds spent updating 1 materials, 1 interfaces, 0 instances, 0 with static permutations.
[2015.10.31-02.09.28:378][319]MaterialEditorStats: Info Base pass shader with only dynamic lighting: 32 instructions
[2015.10.31-02.09.28:378][319]MaterialEditorStats: Info Vertex shader: 33 instructions
[2015.10.31-02.09.28:378][319]MaterialEditorStats: Info Texture samplers: 1/16
[2015.10.31-02.09.46:044][354]Cmd: POLY SELECT MEMORY RECALL
[2015.10.31-02.09.56:046][911]LogSavePackage: Save=169.472900ms
[2015.10.31-02.09.56:046][911]LogSavePackage: Moving '../../../../../Projects/UE4Study/Saved/Minimal_DefaultEF6B88AE4700CD73F3FCE9A679FE74EA.tmp' to '../../../../../Projects/UE4Study/Content/StarterContent/Maps/Minimal_Default.umap'
[2015.10.31-02.09.56:051][911]LogSavePackage: Total save time: 182.789113ms
[2015.10.31-02.09.56:051][911]LogSavePackage:Warning: Finished SavePackage ../../../../../Projects/UE4Study/Content/StarterContent/Maps/Minimal_Default.umap
[2015.10.31-02.09.56:088][911]LogFileHelpers: Saving map 'Minimal_Default' took 0.339
[2015.10.31-02.09.56:955][961]LogEditorViewport: Clicking on Actor (LMB): BP_Sky_Sphere_C (BP_Sky_Sphere)
[2015.10.31-02.09.58:486][ 47]LogEditorViewport: Clicking on Actor (LMB): StaticMeshActor (WheelChair_LP)
[2015.10.31-02.15.35:950][270]LogMaterial: Missing cached shader map for material M_WheelChair, compiling. 
[2015.10.31-02.15.35:959][270]LogMaterial: 0.000105 seconds spent updating 1 materials, 1 interfaces, 0 instances, 0 with static permutations.
[2015.10.31-02.15.35:960][270]LogMaterial: Missing cached shader map for material FMatExpressionPreview MaterialExpressionTextureSample_1, compiling. 
[2015.10.31-02.15.40:225][515]LogMaterial: Missing cached shader map for material M_WheelChair, compiling. 
[2015.10.31-02.15.40:236][515]LogMaterial: 0.000030 seconds spent updating 1 materials, 1 interfaces, 0 instances, 0 with static permutations.
[2015.10.31-02.15.40:261][515]LogMaterial: Missing cached shader map for material FMatExpressionPreview MaterialExpressionTextureSample_1, compiling. 
[2015.10.31-02.15.41:811][605]LogMaterialEditor: Applying material M_WheelChair
[2015.10.31-02.15.42:683][605]LogMaterial: Missing cached shader map for material M_WheelChair, compiling. 
[2015.10.31-02.15.42:723][605]LogMaterial: 0.000047 seconds spent updating 1 materials, 1 interfaces, 0 instances, 0 with static permutations.
[2015.10.31-02.15.42:769][605]LogMaterial: Missing cached shader map for material M_WheelChair, compiling. 
[2015.10.31-02.15.42:805][605]LogMaterial: Missing cached shader map for material M_WheelChair, compiling. 
[2015.10.31-02.15.42:817][605]LogMaterial: 0.000542 seconds spent updating 1 materials, 1 interfaces, 0 instances, 0 with static permutations.
[2015.10.31-02.15.53:572][ 80]MaterialEditorStats: Info Base pass shader with only dynamic lighting: 67 instructions
[2015.10.31-02.15.53:572][ 80]MaterialEditorStats: Info Vertex shader: 33 instructions
[2015.10.31-02.15.53:572][ 80]MaterialEditorStats: Info Texture samplers: 5/16
[2015.10.31-02.19.56:078][382]LogFileHelpers: Editor autosave (incl. sublevels) for '/Game/StarterContent/Maps/Minimal_Default' took 0.049
[2015.10.31-02.19.56:085][382]OBJ SavePackage: Generating thumbnails for [1] asset(s) in package [/Game/MyMats/M_WheelChair] ([1] browsable assets)...
[2015.10.31-02.19.56:136][382]OBJ SavePackage:     Rendered thumbnail for [Material /Game/MyMats/M_WheelChair.M_WheelChair]
[2015.10.31-02.19.56:136][382]OBJ SavePackage: Finished generating thumbnails for package [/Game/MyMats/M_WheelChair]
[2015.10.31-02.19.56:136][382]Cmd: OBJ SAVEPACKAGE PACKAGE="/Game/MyMats/M_WheelChair" FILE="../../../../../Projects/UE4Study/Saved/Autosaves/Game/MyMats/M_WheelChair_Auto1.uasset" SILENT=false AUTOSAVING=true
[2015.10.31-02.19.56:174][382]LogSavePackage: Save=22.852930ms
[2015.10.31-02.19.56:174][382]LogSavePackage: Moving '../../../../../Projects/UE4Study/Saved/M_WheelChair_Auto1C38EF48F4011EEF40311088196B08B8A.tmp' to '../../../../../Projects/UE4Study/Saved/Autosaves/Game/MyMats/M_WheelChair_Auto1.uasset'
[2015.10.31-02.19.56:176][382]LogSavePackage: Total save time: 37.952900ms
[2015.10.31-02.19.56:177][382]LogSavePackage:Warning: Finished SavePackage ../../../../../Projects/UE4Study/Saved/Autosaves/Game/MyMats/M_WheelChair_Auto1.uasset
[2015.10.31-02.19.56:177][382]LogFileHelpers: Auto-saving content packages took 0.098
[2015.10.31-02.23.19:316][807]LogEditorViewport: Clicking on Actor (LMB): StaticMeshActor (WheelChair_LP)
[2015.10.31-02.23.19:350][807]LogEditorViewport: Clicking on Component (LMB): StaticMeshComponent (StaticMeshComponent0)
[2015.10.31-02.23.29:984][403]LogEditorViewport: Clicking on Actor (LMB): StaticMeshActor (Floor)
[2015.10.31-02.23.30:954][455]LogEditorViewport: Clicking on Actor (LMB): StaticMeshActor (WheelChair_LP)
[2015.10.31-02.23.48:352][484]Cmd: CAMERA ALIGN ACTIVEVIEWPORTONLY
[2015.10.31-02.27.25:066][268]Cmd: CAMERA ALIGN ACTIVEVIEWPORTONLY
[2015.10.31-02.50.47:477][495]LogMaterial: Missing cached shader map for material M_WheelChair, compiling. 
[2015.10.31-02.50.47:487][495]LogMaterial: 0.000102 seconds spent updating 1 materials, 1 interfaces, 0 instances, 0 with static permutations.
[2015.10.31-02.50.47:489][495]LogMaterial: Missing cached shader map for material FMatExpressionPreview MaterialExpressionTextureSample_2, compiling. 
[2015.10.31-02.50.51:328][715]LogMaterial: Missing cached shader map for material M_WheelChair, compiling. 
[2015.10.31-02.50.51:338][715]LogMaterial: 0.000077 seconds spent updating 1 materials, 1 interfaces, 0 instances, 0 with static permutations.
[2015.10.31-02.50.51:368][715]LogMaterial: Missing cached shader map for material FMatExpressionPreview MaterialExpressionTextureSample_2, compiling. 
[2015.10.31-02.50.56:557][ 16]MaterialEditorStats: Info Base pass shader with only dynamic lighting: 50 instructions
[2015.10.31-02.50.56:557][ 16]MaterialEditorStats: Info Vertex shader: 33 instructions
[2015.10.31-02.50.56:557][ 16]MaterialEditorStats: Info Texture samplers: 3/16
[2015.10.31-02.50.57:568][ 59]Cmd: OBJ SAVEPACKAGE PACKAGE="/Game/MyMats/M_WheelChair" FILE="../../../../../Projects/UE4Study/Content/MyMats/M_WheelChair.uasset" SILENT=true
[2015.10.31-02.50.57:586][ 59]LogSavePackage: Save=4.012031ms
[2015.10.31-02.50.57:586][ 59]LogSavePackage: Moving '../../../../../Projects/UE4Study/Saved/M_WheelChairDDF080194BE6BBEEB975D5BA3254F6B7.tmp' to '../../../../../Projects/UE4Study/Content/MyMats/M_WheelChair.uasset'
[2015.10.31-02.50.57:591][ 59]LogSavePackage: Total save time: 21.902304ms
[2015.10.31-02.50.57:591][ 59]LogSavePackage:Warning: Finished SavePackage ../../../../../Projects/UE4Study/Content/MyMats/M_WheelChair.uasset
[2015.10.31-02.50.59:788][189]LogMaterialEditor: Applying material M_WheelChair
[2015.10.31-02.51.00:723][189]LogMaterial: Missing cached shader map for material M_WheelChair, compiling. 
[2015.10.31-02.51.00:757][189]LogMaterial: 0.000075 seconds spent updating 1 materials, 1 interfaces, 0 instances, 0 with static permutations.
[2015.10.31-02.51.00:805][189]LogMaterial: Missing cached shader map for material M_WheelChair, compiling. 
[2015.10.31-02.51.00:841][189]LogMaterial: Missing cached shader map for material M_WheelChair, compiling. 
[2015.10.31-02.51.00:854][189]LogMaterial: 0.000575 seconds spent updating 1 materials, 1 interfaces, 0 instances, 0 with static permutations.
[2015.10.31-02.51.09:244][674]MaterialEditorStats: Info Base pass shader with only dynamic lighting: 71 instructions
[2015.10.31-02.51.09:244][674]MaterialEditorStats: Info Vertex shader: 33 instructions
[2015.10.31-02.51.09:244][674]MaterialEditorStats: Info Texture samplers: 6/16
[2015.10.31-02.51.39:570][107]LogFileHelpers: Editor autosave (incl. sublevels) for '/Game/StarterContent/Maps/Minimal_Default' took 0.042
[2015.10.31-02.51.39:577][107]OBJ SavePackage: Generating thumbnails for [1] asset(s) in package [/Game/MyMats/M_WheelChair] ([1] browsable assets)...
[2015.10.31-02.51.39:624][107]OBJ SavePackage:     Rendered thumbnail for [Material /Game/MyMats/M_WheelChair.M_WheelChair]
[2015.10.31-02.51.39:624][107]OBJ SavePackage: Finished generating thumbnails for package [/Game/MyMats/M_WheelChair]
[2015.10.31-02.51.39:624][107]Cmd: OBJ SAVEPACKAGE PACKAGE="/Game/MyMats/M_WheelChair" FILE="../../../../../Projects/UE4Study/Saved/Autosaves/Game/MyMats/M_WheelChair_Auto2.uasset" SILENT=false AUTOSAVING=true
[2015.10.31-02.51.39:657][107]LogSavePackage: Save=20.621115ms
[2015.10.31-02.51.39:657][107]LogSavePackage: Moving '../../../../../Projects/UE4Study/Saved/M_WheelChair_Auto276ADAF2D4F7FBDC8DA6ABEB75330A1B5.tmp' to '../../../../../Projects/UE4Study/Saved/Autosaves/Game/MyMats/M_WheelChair_Auto2.uasset'
[2015.10.31-02.51.39:660][107]LogSavePackage: Total save time: 32.864250ms
[2015.10.31-02.51.39:660][107]LogSavePackage:Warning: Finished SavePackage ../../../../../Projects/UE4Study/Saved/Autosaves/Game/MyMats/M_WheelChair_Auto2.uasset
[2015.10.31-02.51.39:660][107]LogFileHelpers: Auto-saving content packages took 0.089
[2015.10.31-02.52.54:804][310]LogMaterial: Missing cached shader map for material M_WheelChair, compiling. 
[2015.10.31-02.52.54:814][310]LogMaterial: 0.000080 seconds spent updating 1 materials, 1 interfaces, 0 instances, 0 with static permutations.
[2015.10.31-02.52.54:817][310]LogMaterial: Missing cached shader map for material FMatExpressionPreview MaterialExpressionTextureSample_3, compiling. 
[2015.10.31-02.52.59:339][570]LogMaterial: Missing cached shader map for material M_WheelChair, compiling. 
[2015.10.31-02.52.59:350][570]LogMaterial: 0.000079 seconds spent updating 1 materials, 1 interfaces, 0 instances, 0 with static permutations.
[2015.10.31-02.52.59:377][570]LogMaterial: Missing cached shader map for material FMatExpressionPreview MaterialExpressionTextureSample_3, compiling. 
[2015.10.31-02.53.01:580][693]Cmd: OBJ SAVEPACKAGE PACKAGE="/Game/MyMats/M_WheelChair" FILE="../../../../../Projects/UE4Study/Content/MyMats/M_WheelChair.uasset" SILENT=true
[2015.10.31-02.53.01:598][693]LogSavePackage: Save=5.710844ms
[2015.10.31-02.53.01:598][693]LogSavePackage: Moving '../../../../../Projects/UE4Study/Saved/M_WheelChair8ECBCBA744FF07B593504982C89ECDE8.tmp' to '../../../../../Projects/UE4Study/Content/MyMats/M_WheelChair.uasset'
[2015.10.31-02.53.01:602][693]LogSavePackage: Total save time: 20.352136ms
[2015.10.31-02.53.01:602][693]LogSavePackage:Warning: Finished SavePackage ../../../../../Projects/UE4Study/Content/MyMats/M_WheelChair.uasset
[2015.10.31-02.53.03:321][787]LogMaterialEditor: Applying material M_WheelChair
[2015.10.31-02.53.04:191][787]LogMaterial: Missing cached shader map for material M_WheelChair, compiling. 
[2015.10.31-02.53.04:231][787]LogMaterial: 0.000031 seconds spent updating 1 materials, 1 interfaces, 0 instances, 0 with static permutations.
[2015.10.31-02.53.04:269][787]LogMaterial: Missing cached shader map for material M_WheelChair, compiling. 
[2015.10.31-02.53.04:306][787]LogMaterial: Missing cached shader map for material M_WheelChair, compiling. 
[2015.10.31-02.53.04:318][787]LogMaterial: 0.000538 seconds spent updating 1 materials, 1 interfaces, 0 instances, 0 with static permutations.
[2015.10.31-02.53.13:717][326]MaterialEditorStats: Info Base pass shader with only dynamic lighting: 71 instructions
[2015.10.31-02.53.13:717][326]MaterialEditorStats: Info Vertex shader: 33 instructions
[2015.10.31-02.53.13:717][326]MaterialEditorStats: Info Texture samplers: 7/16
[2015.10.31-03.01.40:436][223]LogFileHelpers: Editor autosave (incl. sublevels) for '/Game/StarterContent/Maps/Minimal_Default' took 0.037
[2015.10.31-03.01.40:444][223]OBJ SavePackage: Generating thumbnails for [1] asset(s) in package [/Game/MyMats/M_WheelChair] ([1] browsable assets)...
[2015.10.31-03.01.40:491][223]OBJ SavePackage:     Rendered thumbnail for [Material /Game/MyMats/M_WheelChair.M_WheelChair]
[2015.10.31-03.01.40:491][223]OBJ SavePackage: Finished generating thumbnails for package [/Game/MyMats/M_WheelChair]
[2015.10.31-03.01.40:491][223]Cmd: OBJ SAVEPACKAGE PACKAGE="/Game/MyMats/M_WheelChair" FILE="../../../../../Projects/UE4Study/Saved/Autosaves/Game/MyMats/M_WheelChair_Auto3.uasset" SILENT=false AUTOSAVING=true
[2015.10.31-03.01.40:525][223]LogSavePackage: Save=19.234812ms
[2015.10.31-03.01.40:525][223]LogSavePackage: Moving '../../../../../Projects/UE4Study/Saved/M_WheelChair_Auto34244168A40E32F64692B8DAA9BB5C73B.tmp' to '../../../../../Projects/UE4Study/Saved/Autosaves/Game/MyMats/M_WheelChair_Auto3.uasset'
[2015.10.31-03.01.40:527][223]LogSavePackage: Total save time: 33.638980ms
[2015.10.31-03.01.40:527][223]LogSavePackage:Warning: Finished SavePackage ../../../../../Projects/UE4Study/Saved/Autosaves/Game/MyMats/M_WheelChair_Auto3.uasset
[2015.10.31-03.01.40:527][223]LogFileHelpers: Auto-saving content packages took 0.090
[2015.10.31-03.37.06:835][423]LogMaterial: Missing cached shader map for material M_WheelChair, compiling. 
[2015.10.31-03.37.06:845][423]LogMaterial: 0.000099 seconds spent updating 1 materials, 1 interfaces, 0 instances, 0 with static permutations.
[2015.10.31-03.37.06:846][423]LogMaterial: Missing cached shader map for material FMatExpressionPreview MaterialExpressionTextureSample_4, compiling. 
[2015.10.31-03.37.15:316][904]MaterialEditorStats: Info Base pass shader with only dynamic lighting: 50 instructions
[2015.10.31-03.37.15:316][904]MaterialEditorStats: Info Vertex shader: 33 instructions
[2015.10.31-03.37.15:316][904]MaterialEditorStats: Info Texture samplers: 4/16
[2015.10.31-03.37.45:532][689]LogMaterial: Missing cached shader map for material M_WheelChair, compiling. 
[2015.10.31-03.37.45:542][689]LogMaterial: 0.000131 seconds spent updating 1 materials, 1 interfaces, 0 instances, 0 with static permutations.
[2015.10.31-03.37.45:570][689]LogMaterial: Missing cached shader map for material FMatExpressionPreview MaterialExpressionTextureSample_4, compiling. 
[2015.10.31-03.37.53:339][140]MaterialEditorStats: Info Base pass shader with only dynamic lighting: 56 instructions
[2015.10.31-03.37.53:339][140]MaterialEditorStats: Info Vertex shader: 33 instructions
[2015.10.31-03.37.53:339][140]MaterialEditorStats: Info Texture samplers: 5/16
[2015.10.31-03.41.20:204][731]LogMaterial: Missing cached shader map for material M_WheelChair, compiling. 
[2015.10.31-03.41.20:216][731]LogMaterial: 0.000125 seconds spent updating 1 materials, 1 interfaces, 0 instances, 0 with static permutations.
[2015.10.31-03.41.23:302][908]LogMaterial: Missing cached shader map for material M_WheelChair, compiling. 
[2015.10.31-03.41.23:312][908]LogMaterial: 0.000032 seconds spent updating 1 materials, 1 interfaces, 0 instances, 0 with static permutations.
[2015.10.31-03.41.23:338][908]LogMaterial: Missing cached shader map for material FMatExpressionPreview MaterialExpressionTextureSample_4, compiling. 
[2015.10.31-03.41.24:904][998]LogMaterial: Missing cached shader map for material M_WheelChair, compiling. 
[2015.10.31-03.41.24:916][998]LogMaterial: 0.000029 seconds spent updating 1 materials, 1 interfaces, 0 instances, 0 with static permutations.
[2015.10.31-03.41.24:943][998]LogMaterial: Missing cached shader map for material FMatExpressionPreview MaterialExpressionTextureSample_4, compiling. 
[2015.10.31-03.41.27:048][118]LogMaterial: Missing cached shader map for material M_WheelChair, compiling. 
[2015.10.31-03.41.27:058][118]LogMaterial: 0.000030 seconds spent updating 1 materials, 1 interfaces, 0 instances, 0 with static permutations.
[2015.10.31-03.41.33:415][488]MaterialEditorStats: Info Base pass shader with only dynamic lighting: 56 instructions
[2015.10.31-03.41.33:415][488]MaterialEditorStats: Info Vertex shader: 33 instructions
[2015.10.31-03.41.33:415][488]MaterialEditorStats: Info Texture samplers: 5/16
[2015.10.31-03.52.39:136][502]LogMaterial: Missing cached shader map for material M_WheelChair, compiling. 
[2015.10.31-03.52.39:146][502]LogMaterial: 0.000094 seconds spent updating 1 materials, 1 interfaces, 0 instances, 0 with static permutations.
[2015.10.31-03.52.42:558][698]LogMaterial: Missing cached shader map for material M_WheelChair, compiling. 
[2015.10.31-03.52.42:568][698]LogMaterial: 0.000042 seconds spent updating 1 materials, 1 interfaces, 0 instances, 0 with static permutations.
[2015.10.31-03.52.47:015][956]LogMaterial: Missing cached shader map for material M_WheelChair, compiling. 
[2015.10.31-03.52.47:026][956]LogMaterial: 0.000029 seconds spent updating 1 materials, 1 interfaces, 0 instances, 0 with static permutations.
[2015.10.31-03.52.50:475][154]LogMaterial: Missing cached shader map for material M_WheelChair, compiling. 
[2015.10.31-03.52.50:486][154]LogMaterial: 0.000107 seconds spent updating 1 materials, 1 interfaces, 0 instances, 0 with static permutations.
[2015.10.31-03.52.54:792][396]LogMaterial: Missing cached shader map for material M_WheelChair, compiling. 
[2015.10.31-03.52.54:803][396]LogMaterial: 0.000029 seconds spent updating 1 materials, 1 interfaces, 0 instances, 0 with static permutations.
[2015.10.31-03.52.56:191][476]LogMaterial: Missing cached shader map for material M_WheelChair, compiling. 
[2015.10.31-03.52.56:200][476]LogMaterial: 0.000038 seconds spent updating 1 materials, 1 interfaces, 0 instances, 0 with static permutations.
[2015.10.31-03.52.58:903][627]Cmd: OBJ SAVEPACKAGE PACKAGE="/Game/MyMats/M_WheelChair" FILE="../../../../../Projects/UE4Study/Content/MyMats/M_WheelChair.uasset" SILENT=true
[2015.10.31-03.52.58:923][627]LogSavePackage: Save=4.711729ms
[2015.10.31-03.52.58:923][627]LogSavePackage: Moving '../../../../../Projects/UE4Study/Saved/M_WheelChairA981A2D84DDB25B0CCE539BF87B9BC31.tmp' to '../../../../../Projects/UE4Study/Content/MyMats/M_WheelChair.uasset'
[2015.10.31-03.52.58:927][627]LogSavePackage: Total save time: 22.427522ms
[2015.10.31-03.52.58:927][627]LogSavePackage:Warning: Finished SavePackage ../../../../../Projects/UE4Study/Content/MyMats/M_WheelChair.uasset
[2015.10.31-03.53.01:386][769]MaterialEditorStats: Info Base pass shader with only dynamic lighting: 58 instructions
[2015.10.31-03.53.01:386][769]MaterialEditorStats: Info Vertex shader: 33 instructions
[2015.10.31-03.53.01:386][769]MaterialEditorStats: Info Texture samplers: 5/16
[2015.10.31-03.54.12:875][409]LogMaterial: Missing cached shader map for material FMatExpressionPreview MaterialExpressionMultiply_0, compiling. 
[2015.10.31-03.55.02:218][261]Cmd: MAP LOAD FILE="../../../../../Projects/UE4Study/Content/StarterContent/Maps/My_ComplexRoom.umap" TEMPLATE=0 SHOWPROGRESS=1 FEATURELEVEL=3
[2015.10.31-03.55.02:264][261]LightingResults: New page: Lighting Build
[2015.10.31-03.55.02:297][261]LoadErrors: New page: Loading map: My_ComplexRoom.umap
[2015.10.31-03.55.02:298][261]MapCheck: New page: Map Check
[2015.10.31-03.55.02:298][261]LightingResults: New page: Lighting Build
[2015.10.31-03.55.02:333][261]LogParticles: Destroying 0 GPU particle simulations for FXSystem 0x0000009CCC17AF20
[2015.10.31-03.55.02:983][261]LogAIModule: Creating AISystem for world My_ComplexRoom
[2015.10.31-03.55.03:044][261]LogMaterial:Warning: Material /Game/Assets/Materials/Soul_Tree011M.Soul_Tree011M needed to have new flag set bUsedWithInstancedStaticMeshes !
[2015.10.31-03.55.03:049][261]LogMaterial: Missing cached shader map for material Soul_Tree011M, compiling. 
[2015.10.31-03.55.03:165][261]MapCheck:Warning: Warning Soul_Tree011M Material /Game/Assets/Materials/Soul_Tree011M.Soul_Tree011M was missing the usage flag bUsedWithInstancedStaticMeshes. If the material asset is not re-saved, it may not render correctly when run outside the editor. Fix
[2015.10.31-03.55.03:178][261]LogMaterial: 0.000148 seconds spent updating 1 materials, 1 interfaces, 1 instances, 0 with static permutations.
[2015.10.31-03.55.03:276][261]LogEditorServer: Finished looking for orphan Actors (0.000 secs)
[2015.10.31-03.55.03:332][261]Cmd: MAP CHECKDEP NOCLEARLOG
[2015.10.31-03.55.03:454][261]MapCheck: Info Map check complete: 0 Error(s), 1 Warning(s), took 122.43ms to complete.
[2015.10.31-03.55.03:458][261]LogFileHelpers: Loading map 'My_ComplexRoom' took 1.243
[2015.10.31-03.55.03:487][262]Cmd: UpdateLandscapeEditorData -warnings
[2015.10.31-03.55.15:330][900]LogBlueprintUserMessages: Early PlayInEditor Detection: Level '/Game/StarterContent/Maps/My_ComplexRoom.My_ComplexRoom:PersistentLevel' has LevelScriptBlueprint '/Game/StarterContent/Maps/My_ComplexRoom.My_ComplexRoom:PersistentLevel.My_ComplexRoom' with GeneratedClass '/Game/StarterContent/Maps/My_ComplexRoom.My_ComplexRoom_C' with ClassGeneratedBy '/Game/StarterContent/Maps/My_ComplexRoom.My_ComplexRoom:PersistentLevel.My_ComplexRoom'
[2015.10.31-03.55.15:330][900]LogPlayLevel: PlayLevel: No blueprints needed recompiling
[2015.10.31-03.55.15:331][900]PIE: New page: PIE session: My_ComplexRoom (Oct 31, 2015, 7:55:15 PM)
[2015.10.31-03.55.15:331][900]LogPlayLevel: Creating play world package: /Game/StarterContent/Maps/UEDPIE_0_My_ComplexRoom
[2015.10.31-03.55.15:358][900]LogPlayLevel: PIE: StaticDuplicateObject took: (0.027084s)
[2015.10.31-03.55.15:359][900]LogAIModule: Creating AISystem for world My_ComplexRoom
[2015.10.31-03.55.15:359][900]LogPlayLevel: PIE: World Init took: (0.000880s)
[2015.10.31-03.55.15:359][900]LogPlayLevel: PIE: Created PIE world by copying editor world from /Game/StarterContent/Maps/My_ComplexRoom.My_ComplexRoom to /Game/StarterContent/Maps/UEDPIE_0_My_ComplexRoom.My_ComplexRoom (0.028245s)
[2015.10.31-03.55.15:403][900]LogInit: XAudio2 using '扬声器 (Realtek High Definition Audio)' : 2 channels at 48 kHz using 32 bits per sample (channel mask 0x3)
[2015.10.31-03.55.15:420][900]LogInit: FAudioDevice initialized.
[2015.10.31-03.55.15:476][900]LogWorld: Game class is 'GameMode'
[2015.10.31-03.55.15:506][900]LogWorld: Bringing World /Game/StarterContent/Maps/UEDPIE_0_My_ComplexRoom.My_ComplexRoom up for play (max tick rate 60) at 2015.10.31-11.55.15
[2015.10.31-03.55.15:506][900]LogActor:Warning: GameSession /Game/StarterContent/Maps/UEDPIE_0_My_ComplexRoom.My_ComplexRoom:PersistentLevel.GameSession_0 has natively added scene component(s), but none of them were set as the actor's RootComponent - picking one arbitrarily
[2015.10.31-03.55.15:506][900]LogActor:Warning: GameNetworkManager /Game/StarterContent/Maps/UEDPIE_0_My_ComplexRoom.My_ComplexRoom:PersistentLevel.GameNetworkManager_0 has natively added scene component(s), but none of them were set as the actor's RootComponent - picking one arbitrarily
[2015.10.31-03.55.15:507][900]LogWorld: Bringing up level for play took: 0.030160
[2015.10.31-03.55.15:510][900]PIE: Info Play in editor start time for /Game/StarterContent/Maps/UEDPIE_0_My_ComplexRoom 1.019
[2015.10.31-03.55.15:510][900]LogBlueprintUserMessages: Late PlayInEditor Detection: Level '/Game/StarterContent/Maps/My_ComplexRoom.My_ComplexRoom:PersistentLevel' has LevelScriptBlueprint '/Game/StarterContent/Maps/My_ComplexRoom.My_ComplexRoom:PersistentLevel.My_ComplexRoom' with GeneratedClass '/Game/StarterContent/Maps/My_ComplexRoom.My_ComplexRoom_C' with ClassGeneratedBy '/Game/StarterContent/Maps/My_ComplexRoom.My_ComplexRoom:PersistentLevel.My_ComplexRoom'
[2015.10.31-03.56.17:034][130]LogBlueprintUserMessages: Early EndPlayMap Detection: Level '/Game/StarterContent/Maps/My_ComplexRoom.My_ComplexRoom:PersistentLevel' has LevelScriptBlueprint '/Game/StarterContent/Maps/My_ComplexRoom.My_ComplexRoom:PersistentLevel.My_ComplexRoom' with GeneratedClass '/Game/StarterContent/Maps/My_ComplexRoom.My_ComplexRoom_C' with ClassGeneratedBy '/Game/StarterContent/Maps/My_ComplexRoom.My_ComplexRoom:PersistentLevel.My_ComplexRoom'
[2015.10.31-03.56.17:077][130]LogBlueprintUserMessages: Late EndPlayMap Detection: Level '/Game/StarterContent/Maps/My_ComplexRoom.My_ComplexRoom:PersistentLevel' has LevelScriptBlueprint '/Game/StarterContent/Maps/My_ComplexRoom.My_ComplexRoom:PersistentLevel.My_ComplexRoom' with GeneratedClass '/Game/StarterContent/Maps/My_ComplexRoom.My_ComplexRoom_C' with ClassGeneratedBy '/Game/StarterContent/Maps/My_ComplexRoom.My_ComplexRoom:PersistentLevel.My_ComplexRoom'
[2015.10.31-03.56.17:118][130]LogParticles: Destroying 0 GPU particle simulations for FXSystem 0x0000009CF017CCC0
[2015.10.31-03.56.22:207][421]Cmd: MAP LOAD FILE="../../../../../Projects/UE4Study/Content/StarterContent/Maps/Minimal_Default.umap" TEMPLATE=0 SHOWPROGRESS=1 FEATURELEVEL=3
[2015.10.31-03.56.22:249][421]LightingResults: New page: Lighting Build
[2015.10.31-03.56.22:280][421]LoadErrors: New page: Loading map: Minimal_Default.umap
[2015.10.31-03.56.22:282][421]MapCheck: New page: Map Check
[2015.10.31-03.56.22:282][421]LightingResults: New page: Lighting Build
[2015.10.31-03.56.22:319][421]LogParticles: Destroying 0 GPU particle simulations for FXSystem 0x0000009CF2190540
[2015.10.31-03.56.22:366][421]LogAIModule: Creating AISystem for world Minimal_Default
[2015.10.31-03.56.22:464][421]LogEditorServer: Finished looking for orphan Actors (0.000 secs)
[2015.10.31-03.56.22:511][421]Cmd: MAP CHECKDEP NOCLEARLOG
[2015.10.31-03.56.22:625][421]MapCheck: Info Map check complete: 0 Error(s), 0 Warning(s), took 113.766ms to complete.
[2015.10.31-03.56.22:625][421]LogFileHelpers: Loading map 'Minimal_Default' took 0.421
[2015.10.31-03.56.22:647][422]Cmd: UpdateLandscapeEditorData
[2015.10.31-03.56.33:695][ 49]LogMaterial: Missing cached shader map for material M_WheelChair, compiling. 
[2015.10.31-03.56.33:704][ 49]LogMaterial: 0.000082 seconds spent updating 1 materials, 1 interfaces, 0 instances, 0 with static permutations.
[2015.10.31-03.56.39:425][383]MaterialEditorStats: Info Base pass shader with only dynamic lighting: 58 instructions
[2015.10.31-03.56.39:425][383]MaterialEditorStats: Info Vertex shader: 33 instructions
[2015.10.31-03.56.39:425][383]MaterialEditorStats: Info Texture samplers: 5/16
[2015.10.31-03.56.45:290][726]LogMaterial: Missing cached shader map for material M_WheelChair, compiling. 
[2015.10.31-03.56.45:302][726]LogMaterial: 0.000172 seconds spent updating 1 materials, 1 interfaces, 0 instances, 0 with static permutations.
[2015.10.31-03.56.49:837][990]MaterialEditorStats: Info Base pass shader with only dynamic lighting: 58 instructions
[2015.10.31-03.56.49:837][990]MaterialEditorStats: Info Vertex shader: 33 instructions
[2015.10.31-03.56.49:837][990]MaterialEditorStats: Info Texture samplers: 5/16
[2015.10.31-03.56.52:712][145]LogProperty:Warning: ObjectProperty /Script/Engine.EdGraphPin:LinkedTo.LinkedTo: unresolved reference to 'EdGraphPin'MaterialGraphNode_7.EdGraphPin_4191''
[2015.10.31-03.56.52:712][145]LogProperty:Warning: ObjectProperty /Script/Engine.ExpressionInput:Expression: unresolved reference to 'MaterialExpressionConstant'MaterialGraphNode_7.MaterialExpressionConstant_1')'
[2015.10.31-03.56.52:724][145]LogMaterial: Missing cached shader map for material M_WheelChair, compiling. 
[2015.10.31-03.56.52:731][145]LogMaterial: 0.000090 seconds spent updating 1 materials, 1 interfaces, 0 instances, 0 with static permutations.
[2015.10.31-03.56.57:171][400]LogMaterial: Missing cached shader map for material M_WheelChair, compiling. 
[2015.10.31-03.56.57:182][400]LogMaterial: 0.000040 seconds spent updating 1 materials, 1 interfaces, 0 instances, 0 with static permutations.
[2015.10.31-03.56.57:209][400]LogMaterial: Missing cached shader map for material FMatExpressionPreview MaterialExpressionTextureSample_4, compiling. 
[2015.10.31-03.57.00:764][606]LogMaterial: Missing cached shader map for material M_WheelChair, compiling. 
[2015.10.31-03.57.00:773][606]LogMaterial: 0.000031 seconds spent updating 1 materials, 1 interfaces, 0 instances, 0 with static permutations.
[2015.10.31-03.57.06:261][924]MaterialEditorStats: Info Base pass shader with only dynamic lighting: 57 instructions
[2015.10.31-03.57.06:261][924]MaterialEditorStats: Info Vertex shader: 33 instructions
[2015.10.31-03.57.06:261][924]MaterialEditorStats: Info Texture samplers: 5/16
[2015.10.31-03.57.22:269][872]LogMaterial: Missing cached shader map for material M_WheelChair, compiling. 
[2015.10.31-03.57.22:278][872]LogMaterial: 0.000083 seconds spent updating 1 materials, 1 interfaces, 0 instances, 0 with static permutations.
[2015.10.31-03.57.26:189][  6]MaterialEditorStats: Info Base pass shader with only dynamic lighting: 58 instructions
[2015.10.31-03.57.26:189][  6]MaterialEditorStats: Info Vertex shader: 33 instructions
[2015.10.31-03.57.26:189][  6]MaterialEditorStats: Info Texture samplers: 5/16
[2015.10.31-03.58.18:408][ 59]LogMaterial: Missing cached shader map for material M_WheelChair, compiling. 
[2015.10.31-03.58.18:419][ 59]LogMaterial: 0.000171 seconds spent updating 1 materials, 1 interfaces, 0 instances, 0 with static permutations.
[2015.10.31-03.58.20:662][186]LogMaterial: Missing cached shader map for material M_WheelChair, compiling. 
[2015.10.31-03.58.20:673][186]LogMaterial: 0.000030 seconds spent updating 1 materials, 1 interfaces, 0 instances, 0 with static permutations.
[2015.10.31-03.58.22:344][284]LogMaterial: Missing cached shader map for material M_WheelChair, compiling. 
[2015.10.31-03.58.22:355][284]LogMaterial: 0.000028 seconds spent updating 1 materials, 1 interfaces, 0 instances, 0 with static permutations.
[2015.10.31-03.58.29:223][680]MaterialEditorStats: Info Base pass shader with only dynamic lighting: 56 instructions
[2015.10.31-03.58.29:223][680]MaterialEditorStats: Info Vertex shader: 33 instructions
[2015.10.31-03.58.29:223][680]MaterialEditorStats: Info Texture samplers: 5/16
[2015.10.31-03.58.32:707][880]LogMaterial: Missing cached shader map for material FMatExpressionPreview MaterialExpressionMultiply_2, compiling. 
[2015.10.31-03.58.43:759][493]LogMaterial: Missing cached shader map for material M_WheelChair, compiling. 
[2015.10.31-03.58.43:768][493]LogMaterial: 0.000063 seconds spent updating 1 materials, 1 interfaces, 0 instances, 0 with static permutations.
[2015.10.31-03.58.44:831][550]LogMaterial: Missing cached shader map for material FMatExpressionPreview MaterialExpressionAdd_1, compiling. 
[2015.10.31-03.58.48:735][762]LogMaterial: Missing cached shader map for material M_WheelChair, compiling. 
[2015.10.31-03.58.48:746][762]LogMaterial: 0.000031 seconds spent updating 1 materials, 1 interfaces, 0 instances, 0 with static permutations.
[2015.10.31-03.58.48:780][762]LogMaterial: Missing cached shader map for material FMatExpressionPreview MaterialExpressionAdd_1, compiling. 
[2015.10.31-03.59.01:055][454]MaterialEditorStats: Info Base pass shader with only dynamic lighting: 59 instructions
[2015.10.31-03.59.01:056][454]MaterialEditorStats: Info Vertex shader: 33 instructions
[2015.10.31-03.59.01:056][454]MaterialEditorStats: Info Texture samplers: 5/16
[2015.10.31-04.00.48:521][424]LogMaterial: Missing cached shader map for material M_WheelChair, compiling. 
[2015.10.31-04.00.48:555][424]LogMaterial: 0.000118 seconds spent updating 1 materials, 1 interfaces, 0 instances, 0 with static permutations.
[2015.10.31-04.00.48:601][424]LogMaterial: Missing cached shader map for material M_WheelChair, compiling. 
[2015.10.31-04.00.48:633][424]LogMaterial: Missing cached shader map for material M_WheelChair, compiling. 
[2015.10.31-04.00.48:644][424]LogMaterial: 0.000983 seconds spent updating 1 materials, 1 interfaces, 0 instances, 0 with static permutations.
[2015.10.31-04.00.56:228][424]Cmd: OBJ SAVEPACKAGE PACKAGE="/Game/MyMats/M_WheelChair" FILE="../../../../../Projects/UE4Study/Content/MyMats/M_WheelChair.uasset" SILENT=true
[2015.10.31-04.00.56:263][424]LogSavePackage: Save=18.157482ms
[2015.10.31-04.00.56:263][424]LogSavePackage: Moving '../../../../../Projects/UE4Study/Saved/M_WheelChair107E2AB346C37AF8A2CD8893875288D7.tmp' to '../../../../../Projects/UE4Study/Content/MyMats/M_WheelChair.uasset'
[2015.10.31-04.00.56:267][424]LogSavePackage: Total save time: 37.004046ms
[2015.10.31-04.00.56:267][424]LogSavePackage:Warning: Finished SavePackage ../../../../../Projects/UE4Study/Content/MyMats/M_WheelChair.uasset
[2015.10.31-04.00.56:489][424]LogWindowsTextInputMethodSystem:Display: IME system now activated using TSF (搜狗拼音输入法).
[2015.10.31-04.00.56:894][425]Cmd: QUIT_EDITOR
[2015.10.31-04.00.57:800][425]LogExit: Preparing to exit.
[2015.10.31-04.00.58:717][425]LogExit: Editor shut down
[2015.10.31-04.00.58:718][425]LogExit: Transaction tracking system shut down
[2015.10.31-04.00.58:723][425]LogParticles: Destroying 0 GPU particle simulations for FXSystem 0x0000009CCC62F420
[2015.10.31-04.00.58:723][425]LogParticles: Destroying 0 GPU particle simulations for FXSystem 0x0000009CDEF4D1C0
[2015.10.31-04.00.58:723][425]LogParticles: Destroying 0 GPU particle simulations for FXSystem 0x0000009CE1537920
[2015.10.31-04.00.58:729][425]LogParticles: Destroying 0 GPU particle simulations for FXSystem 0x0000009CE6200860
[2015.10.31-04.00.58:951][425]LogParticles: Destroying 0 GPU particle simulations for FXSystem 0x0000009CF3D69580
[2015.10.31-04.00.58:951][425]LogExit: Object subsystem successfully closed.
[2015.10.31-04.00.58:964][425]LogD3D11RHI: Shutdown
[2015.10.31-04.00.58:964][425]LogD3D11RHI: CleanupD3DDevice
[2015.10.31-04.00.59:077][425]LogD3D11RHI: ~FD3D11DynamicRHI
[2015.10.31-04.00.59:101][425]LogModuleManager: Shutting down and abandoning module MaterialEditor (199)
[2015.10.31-04.00.59:101][425]LogModuleManager: Shutting down and abandoning module TextureEditor (198)
[2015.10.31-04.00.59:101][425]LogModuleManager: Shutting down and abandoning module WidgetCarousel (197)
[2015.10.31-04.00.59:101][425]LogModuleManager: Shutting down and abandoning module AddContentDialog (196)
[2015.10.31-04.00.59:105][425]LogModuleManager: Shutting down and abandoning module EditorWidgets (195)
[2015.10.31-04.00.59:105][425]LogModuleManager: Shutting down and abandoning module CollectionManager (194)
[2015.10.31-04.00.59:105][425]LogModuleManager: Shutting down and abandoning module CrashTracker (193)
[2015.10.31-04.00.59:105][425]LogModuleManager: Shutting down and abandoning module SuperSearch (192)
[2015.10.31-04.00.59:106][425]LogModuleManager: Shutting down and abandoning module SceneOutliner (191)
[2015.10.31-04.00.59:106][425]LogModuleManager: Shutting down and abandoning module StatsViewer (190)
[2015.10.31-04.00.59:106][425]LogModuleManager: Shutting down and abandoning module FoliageEdit (189)
[2015.10.31-04.00.59:106][425]LogModuleManager: Shutting down and abandoning module LandscapeEditor (188)
[2015.10.31-04.00.59:106][425]LogModuleManager: Shutting down and abandoning module ActorPickerMode (187)
[2015.10.31-04.00.59:106][425]LogModuleManager: Shutting down and abandoning module GeometryMode (186)
[2015.10.31-04.00.59:106][425]LogModuleManager: Shutting down and abandoning module TextureAlignMode (185)
[2015.10.31-04.00.59:106][425]LogModuleManager: Shutting down and abandoning module BspMode (184)
[2015.10.31-04.00.59:106][425]LogModuleManager: Shutting down and abandoning module PlacementMode (183)
[2015.10.31-04.00.59:106][425]LogModuleManager: Shutting down and abandoning module AutomationWorker (182)
[2015.10.31-04.00.59:106][425]LogModuleManager: Shutting down and abandoning module CharacterAI (181)
[2015.10.31-04.00.59:106][425]LogModuleManager: Shutting down and abandoning module SmartSnapping (180)
[2015.10.31-04.00.59:106][425]LogModuleManager: Shutting down and abandoning module ViewportSnapping (179)
[2015.10.31-04.00.59:106][425]LogModuleManager: Shutting down and abandoning module LogVisualizer (178)
[2015.10.31-04.00.59:106][425]LogModuleManager: Shutting down and abandoning module GameProjectGeneration (177)
[2015.10.31-04.00.59:106][425]LogModuleManager: Shutting down and abandoning module IntroTutorials (176)
[2015.10.31-04.00.59:106][425]LogModuleManager: Shutting down and abandoning module EditorLiveStreaming (175)
[2015.10.31-04.00.59:106][425]LogModuleManager: Shutting down and abandoning module IOSPlatformEditor (174)
[2015.10.31-04.00.59:106][425]LogModuleManager: Shutting down and abandoning module HTML5PlatformEditor (173)
[2015.10.31-04.00.59:107][425]LogModuleManager: Shutting down and abandoning module AndroidDeviceDetection (172)
[2015.10.31-04.01.00:006][425]LogModuleManager: Shutting down and abandoning module AndroidPlatformEditor (171)
[2015.10.31-04.01.00:006][425]LogModuleManager: Shutting down and abandoning module IOSRuntimeSettings (170)
[2015.10.31-04.01.00:006][425]LogModuleManager: Shutting down and abandoning module AndroidRuntimeSettings (169)
[2015.10.31-04.01.00:006][425]LogModuleManager: Shutting down and abandoning module MergeActors (168)
[2015.10.31-04.01.00:006][425]LogModuleManager: Shutting down and abandoning module SizeMap (167)
[2015.10.31-04.01.00:006][425]LogModuleManager: Shutting down and abandoning module TreeMap (166)
[2015.10.31-04.01.00:006][425]LogModuleManager: Shutting down and abandoning module ReferenceViewer (165)
[2015.10.31-04.01.00:006][425]LogModuleManager: Shutting down and abandoning module LocalizationService (164)
[2015.10.31-04.01.00:006][425]LogModuleManager: Shutting down and abandoning module LocalizationDashboard (163)
[2015.10.31-04.01.00:006][425]LogModuleManager: Shutting down and abandoning module HardwareTargeting (162)
[2015.10.31-04.01.00:006][425]LogModuleManager: Shutting down and abandoning module DeviceProfileEditor (161)
[2015.10.31-04.01.00:006][425]LogModuleManager: Shutting down and abandoning module UndoHistory (160)
[2015.10.31-04.01.00:006][425]LogModuleManager: Shutting down and abandoning module GameplayTagsEditor (159)
[2015.10.31-04.01.00:006][425]LogModuleManager: Shutting down and abandoning module UserFeedback (158)
[2015.10.31-04.01.00:006][425]LogModuleManager: Shutting down and abandoning module XmlParser (157)
[2015.10.31-04.01.00:006][425]LogModuleManager: Shutting down and abandoning module Blutility (156)
[2015.10.31-04.01.00:006][425]LogModuleManager: Shutting down and abandoning module ProjectTargetPlatformEditor (155)
[2015.10.31-04.01.00:006][425]LogModuleManager: Shutting down and abandoning module ProjectSettingsViewer (154)
[2015.10.31-04.01.00:006][425]LogModuleManager: Shutting down and abandoning module InputBindingEditor (153)
[2015.10.31-04.01.00:006][425]LogModuleManager: Shutting down and abandoning module EditorSettingsViewer (152)
[2015.10.31-04.01.00:006][425]LogModuleManager: Shutting down and abandoning module SettingsEditor (151)
[2015.10.31-04.01.00:006][425]LogModuleManager: Shutting down and abandoning module ProjectLauncher (150)
[2015.10.31-04.01.00:006][425]LogModuleManager: Shutting down and abandoning module SessionFrontend (149)
[2015.10.31-04.01.00:006][425]LogModuleManager: Shutting down and abandoning module ProfilerClient (148)
[2015.10.31-04.01.00:006][425]LogModuleManager: Shutting down and abandoning module TargetDeviceServices (147)
[2015.10.31-04.01.00:007][425]LogModuleManager: Shutting down and abandoning module DeviceManager (146)
[2015.10.31-04.01.00:007][425]LogModuleManager: Shutting down and abandoning module AutomationController (145)
[2015.10.31-04.01.00:007][425]LogModuleManager: Shutting down and abandoning module AutomationWindow (144)
[2015.10.31-04.01.00:007][425]LogModuleManager: Shutting down and abandoning module Layers (143)
[2015.10.31-04.01.00:007][425]LogModuleManager: Shutting down and abandoning module ComponentVisualizers (142)
[2015.10.31-04.01.00:007][425]LogModuleManager: Shutting down and abandoning module DetailCustomizations (141)
[2015.10.31-04.01.00:007][425]LogModuleManager: Shutting down and abandoning module PackagesDialog (140)
[2015.10.31-04.01.00:007][425]LogModuleManager: Shutting down and abandoning module Persona (139)
[2015.10.31-04.01.00:007][425]LogModuleManager: Shutting down and abandoning module Kismet (138)
[2015.10.31-04.01.00:007][425]LogModuleManager: Shutting down and abandoning module GraphEditor (137)
[2015.10.31-04.01.00:007][425]LogModuleManager: Shutting down and abandoning module ClassViewer (136)
[2015.10.31-04.01.00:007][425]LogModuleManager: Shutting down and abandoning module Toolbox (135)
[2015.10.31-04.01.00:007][425]LogModuleManager: Shutting down and abandoning module ModuleUI (134)
[2015.10.31-04.01.00:007][425]LogModuleManager: Shutting down and abandoning module MovieSceneTools (133)
[2015.10.31-04.01.00:007][425]LogModuleManager: Shutting down and abandoning module OutputLog (132)
[2015.10.31-04.01.00:007][425]LogModuleManager: Shutting down and abandoning module GammaUI (131)
[2015.10.31-04.01.00:007][425]LogModuleManager: Shutting down and abandoning module Documentation (130)
[2015.10.31-04.01.00:007][425]LogModuleManager: Shutting down and abandoning module GameLiveStreaming (129)
[2015.10.31-04.01.00:007][425]LogModuleManager: Shutting down and abandoning module StreamingPauseRendering (128)
[2015.10.31-04.01.00:007][425]LogModuleManager: Shutting down and abandoning module AnalyticsET (127)
[2015.10.31-04.01.00:007][425]LogModuleManager: Shutting down and abandoning module Analytics (126)
[2015.10.31-04.01.00:007][425]LogModuleManager: Shutting down and abandoning module AITestSuite (125)
[2015.10.31-04.01.00:007][425]LogModuleManager: Shutting down and abandoning module GameplayDebugger (124)
[2015.10.31-04.01.00:007][425]LogModuleManager: Shutting down and abandoning module AIModule (123)
[2015.10.31-04.01.00:007][425]LogModuleManager: Shutting down and abandoning module ProfilerService (122)
[2015.10.31-04.01.00:055][425]LogModuleManager: Shutting down and abandoning module TaskGraph (121)
[2015.10.31-04.01.00:055][425]LogModuleManager: Shutting down and abandoning module SlateRemote (120)
[2015.10.31-04.01.00:055][425]LogModuleManager: Shutting down and abandoning module SteamVRController (119)
[2015.10.31-04.01.00:055][425]LogModuleManager: Shutting down and abandoning module SteamVR (118)
[2015.10.31-04.01.00:055][425]LogModuleManager: Shutting down and abandoning module ProceduralMeshComponent (117)
[2015.10.31-04.01.00:055][425]LogModuleManager: Shutting down and abandoning module OculusRift (116)
[2015.10.31-04.01.00:055][425]LogModuleManager: Shutting down and abandoning module OculusLibrary (115)
[2015.10.31-04.01.00:055][425]LogModuleManager: Shutting down and abandoning module LeapMotionController (114)
[2015.10.31-04.01.00:078][425]LogModuleManager: Shutting down and abandoning module CustomMeshComponent (113)
[2015.10.31-04.01.00:078][425]LogModuleManager: Shutting down and abandoning module CableComponent (112)
[2015.10.31-04.01.00:078][425]LogModuleManager: Shutting down and abandoning module ArchVisCharacter (111)
[2015.10.31-04.01.00:078][425]LogModuleManager: Shutting down and abandoning module MessagingDebugger (110)
[2015.10.31-04.01.00:078][425]LogModuleManager: Shutting down and abandoning module MediaPlayerEditor (109)
[2015.10.31-04.01.00:078][425]LogModuleManager: Shutting down and abandoning module HTML5Networking (108)
[2015.10.31-04.01.00:078][425]LogModuleManager: Shutting down and abandoning module SpeedTreeImporter (107)
[2015.10.31-04.01.00:078][425]LogModuleManager: Shutting down and abandoning module PluginBrowser (106)
[2015.10.31-04.01.00:078][425]LogModuleManager: Shutting down and abandoning module EpicSurvey (105)
[2015.10.31-04.01.00:078][425]LogModuleManager: Shutting down and abandoning module DesktopPlatform (104)
[2015.10.31-04.01.00:078][425]LogModuleManager: Shutting down and abandoning module VisualStudioSourceCodeAccess (103)
[2015.10.31-04.01.00:078][425]LogModuleManager: Shutting down and abandoning module UObjectPlugin (102)
[2015.10.31-04.01.00:078][425]LogModuleManager: Shutting down and abandoning module SubversionSourceControl (101)
[2015.10.31-04.01.00:078][425]LogModuleManager: Shutting down and abandoning module PerforceSourceControl (100)
[2015.10.31-04.01.00:078][425]LogModuleManager: Shutting down and abandoning module SourceControl (99)
[2015.10.31-04.01.00:078][425]LogModuleManager: Shutting down and abandoning module GitSourceControl (98)
[2015.10.31-04.01.00:078][425]LogModuleManager: Shutting down and abandoning module LightPropagationVolumeEditor (97)
[2015.10.31-04.01.00:078][425]LogModuleManager: Shutting down and abandoning module PaperTiledImporter (96)
[2015.10.31-04.01.00:078][425]LogModuleManager: Shutting down and abandoning module PaperSpriteSheetImporter (95)
[2015.10.31-04.01.00:079][425]LogModuleManager: Shutting down and abandoning module MeshPaint (94)
[2015.10.31-04.01.00:079][425]LogModuleManager: Shutting down and abandoning module SlateReflector (93)
[2015.10.31-04.01.00:079][425]LogModuleManager: Shutting down and abandoning module HotReload (92)
[2015.10.31-04.01.00:079][425]LogModuleManager: Shutting down and abandoning module MainFrame (91)
[2015.10.31-04.01.00:079][425]LogModuleManager: Shutting down and abandoning module LevelEditor (90)
[2015.10.31-04.01.00:081][425]LogModuleManager: Shutting down and abandoning module DirectoryWatcher (89)
[2015.10.31-04.01.00:085][425]LogModuleManager: Shutting down and abandoning module AssetRegistry (88)
[2015.10.31-04.01.00:186][425]LogModuleManager: Shutting down and abandoning module ContentBrowser (87)
[2015.10.31-04.01.00:187][425]LogModuleManager: Shutting down and abandoning module Paper2DEditor (86)
[2015.10.31-04.01.00:187][425]LogModuleManager: Shutting down and abandoning module UdpMessaging (85)
[2015.10.31-04.01.00:288][425]LogModuleManager: Shutting down and abandoning module LightPropagationVolumeRuntime (84)
[2015.10.31-04.01.00:288][425]LogModuleManager: Shutting down and abandoning module Paper2D (83)
[2015.10.31-04.01.00:288][425]LogModuleManager: Shutting down and abandoning module WindowsMoviePlayer (82)
[2015.10.31-04.01.00:288][425]LogModuleManager: Shutting down and abandoning module Media (81)
[2015.10.31-04.01.00:288][425]LogModuleManager: Shutting down and abandoning module WmfMedia (80)
[2015.10.31-04.01.00:289][425]LogModuleManager: Shutting down and abandoning module OnlineBlueprintSupport (79)
[2015.10.31-04.01.00:289][425]LogModuleManager: Shutting down and abandoning module GameplayTasksEditor (78)
[2015.10.31-04.01.00:289][425]LogModuleManager: Shutting down and abandoning module PropertyEditor (77)
[2015.10.31-04.01.00:289][425]LogModuleManager: Shutting down and abandoning module BehaviorTreeEditor (76)
[2015.10.31-04.01.00:289][425]LogModuleManager: Shutting down and abandoning module FunctionalTesting (75)
[2015.10.31-04.01.00:289][425]LogModuleManager: Shutting down and abandoning module CollisionAnalyzer (74)
[2015.10.31-04.01.00:289][425]LogModuleManager: Shutting down and abandoning module WorkspaceMenuStructure (73)
[2015.10.31-04.01.00:289][425]LogModuleManager: Shutting down and abandoning module MessageLog (72)
[2015.10.31-04.01.00:289][425]LogModuleManager: Shutting down and abandoning module Sequencer (71)
[2015.10.31-04.01.00:289][425]LogModuleManager: Shutting down and abandoning module AssetTools (70)
[2015.10.31-04.01.00:289][425]LogModuleManager: Shutting down and abandoning module UMGEditor (69)
[2015.10.31-04.01.00:289][425]LogModuleManager: Shutting down and abandoning module UMG (68)
[2015.10.31-04.01.00:289][425]LogModuleManager: Shutting down and abandoning module Slate (67)
[2015.10.31-04.01.00:289][425]LogModuleManager: Shutting down and abandoning module EditorStyle (66)
[2015.10.31-04.01.00:291][425]LogModuleManager: Shutting down and abandoning module SessionServices (65)
[2015.10.31-04.01.00:292][425]LogModuleManager: Shutting down and abandoning module SourceCodeAccess (64)
[2015.10.31-04.01.00:292][425]LogModuleManager: Shutting down and abandoning module HeadMountedDisplay (63)
[2015.10.31-04.01.00:292][425]LogModuleManager: Shutting down and abandoning module XAudio2 (62)
[2015.10.31-04.01.00:292][425]LogModuleManager: Shutting down and abandoning module Networking (60)
[2015.10.31-04.01.00:292][425]LogModuleManager: Shutting down and abandoning module Core (59)
[2015.10.31-04.01.00:292][425]LogModuleManager: Shutting down and abandoning module KismetCompiler (58)
[2015.10.31-04.01.00:292][425]LogModuleManager: Shutting down and abandoning module PhysXFormats (57)
[2015.10.31-04.01.00:292][425]LogModuleManager: Shutting down and abandoning module MeshUtilities (56)
[2015.10.31-04.01.00:292][425]LogModuleManager: Shutting down and abandoning module CookingStats (55)
[2015.10.31-04.01.00:296][425]LogModuleManager: Shutting down and abandoning module DerivedDataCache (54)
[2015.10.31-04.01.00:390][425]LogDerivedDataCache: Shutdown
[2015.10.31-04.01.00:390][425]LogModuleManager: Shutting down and abandoning module ShaderFormatOpenGL (53)
[2015.10.31-04.01.00:390][425]LogModuleManager: Shutting down and abandoning module ShaderFormatD3D (52)
[2015.10.31-04.01.00:390][425]LogModuleManager: Shutting down and abandoning module MetalShaderFormat (51)
[2015.10.31-04.01.00:390][425]LogModuleManager: Shutting down and abandoning module TextureFormatUncompressed (50)
[2015.10.31-04.01.00:390][425]LogModuleManager: Shutting down and abandoning module TextureFormatPVR (49)
[2015.10.31-04.01.00:390][425]LogModuleManager: Shutting down and abandoning module TextureFormatIntelISPCTexComp (48)
[2015.10.31-04.01.00:390][425]LogModuleManager: Shutting down and abandoning module TextureFormatDXT (47)
[2015.10.31-04.01.00:390][425]LogModuleManager: Shutting down and abandoning module ImageWrapper (46)
[2015.10.31-04.01.00:390][425]LogModuleManager: Shutting down and abandoning module TextureFormatASTC (45)
[2015.10.31-04.01.00:390][425]LogModuleManager: Shutting down and abandoning module TextureFormatAndroid (44)
[2015.10.31-04.01.00:390][425]LogModuleManager: Shutting down and abandoning module AudioFormatOpus (43)
[2015.10.31-04.01.00:390][425]LogModuleManager: Shutting down and abandoning module AudioFormatOgg (42)
[2015.10.31-04.01.00:391][425]LogModuleManager: Shutting down and abandoning module AudioFormatADPCM (41)
[2015.10.31-04.01.00:391][425]LogModuleManager: Shutting down and abandoning module LinuxTargetPlatform (40)
[2015.10.31-04.01.00:391][425]LogModuleManager: Shutting down and abandoning module LinuxServerTargetPlatform (39)
[2015.10.31-04.01.00:391][425]LogModuleManager: Shutting down and abandoning module LinuxNoEditorTargetPlatform (38)
[2015.10.31-04.01.00:391][425]LogModuleManager: Shutting down and abandoning module Messaging (37)
[2015.10.31-04.01.00:391][425]LogModuleManager: Shutting down and abandoning module IOSTargetPlatform (36)
[2015.10.31-04.01.00:391][425]LogModuleManager: Shutting down and abandoning module HTML5TargetPlatform (35)
[2015.10.31-04.01.00:391][425]LogModuleManager: Shutting down and abandoning module Android_PVRTCTargetPlatform (34)
[2015.10.31-04.01.00:391][425]LogModuleManager: Shutting down and abandoning module Android_ETC2TargetPlatform (33)
[2015.10.31-04.01.00:391][425]LogModuleManager: Shutting down and abandoning module Android_ETC1TargetPlatform (32)
[2015.10.31-04.01.00:391][425]LogModuleManager: Shutting down and abandoning module Android_DXTTargetPlatform (31)
[2015.10.31-04.01.00:391][425]LogModuleManager: Shutting down and abandoning module Android_ATCTargetPlatform (30)
[2015.10.31-04.01.00:391][425]LogModuleManager: Shutting down and abandoning module Android_ASTCTargetPlatform (29)
[2015.10.31-04.01.00:391][425]LogModuleManager: Shutting down and abandoning module AndroidTargetPlatform (28)
[2015.10.31-04.01.00:391][425]LogModuleManager: Shutting down and abandoning module WindowsTargetPlatform (27)
[2015.10.31-04.01.00:391][425]LogModuleManager: Shutting down and abandoning module WindowsServerTargetPlatform (26)
[2015.10.31-04.01.00:391][425]LogModuleManager: Shutting down and abandoning module WindowsNoEditorTargetPlatform (25)
[2015.10.31-04.01.00:391][425]LogModuleManager: Shutting down and abandoning module WindowsClientTargetPlatform (24)
[2015.10.31-04.01.00:391][425]LogModuleManager: Shutting down and abandoning module AllDesktopTargetPlatform (23)
[2015.10.31-04.01.00:391][425]LogModuleManager: Shutting down and abandoning module TargetPlatform (22)
[2015.10.31-04.01.00:391][425]LogModuleManager: Shutting down and abandoning module InputCore (21)
[2015.10.31-04.01.00:391][425]LogModuleManager: Shutting down and abandoning module Settings (20)
[2015.10.31-04.01.00:391][425]LogModuleManager: Shutting down and abandoning module OnlineSubsystem (18)
[2015.10.31-04.01.00:391][425]LogModuleManager: Shutting down and abandoning module HTTP (17)
[2015.10.31-04.01.43:424][425]LogModuleManager: Shutting down and abandoning module XMPP (16)
[2015.10.31-04.01.43:424][425]LogModuleManager: Shutting down and abandoning module ExampleDeviceProfileSelector (15)
[2015.10.31-04.01.43:424][425]LogModuleManager: Shutting down and abandoning module TextureCompressor (14)
[2015.10.31-04.01.43:424][425]LogModuleManager: Shutting down and abandoning module ShaderCore (13)
[2015.10.31-04.01.43:424][425]LogModuleManager: Shutting down and abandoning module Landscape (12)
[2015.10.31-04.01.43:424][425]LogModuleManager: Shutting down and abandoning module SlateRHIRenderer (11)
[2015.10.31-04.01.43:445][425]LogModuleManager: Shutting down and abandoning module OpenGLDrv (10)
[2015.10.31-04.01.43:445][425]LogModuleManager: Shutting down and abandoning module D3D11RHI (9)
[2015.10.31-04.01.43:445][425]LogModuleManager: Shutting down and abandoning module AnimGraphRuntime (8)
[2015.10.31-04.01.43:445][425]LogModuleManager: Shutting down and abandoning module Renderer (7)
[2015.10.31-04.01.43:445][425]LogModuleManager: Shutting down and abandoning module Engine (6)
[2015.10.31-04.01.43:445][425]LogModuleManager: Shutting down and abandoning module CoreUObject (5)
[2015.10.31-04.01.43:445][425]LogModuleManager: Shutting down and abandoning module NetworkFile (4)
[2015.10.31-04.01.43:445][425]LogModuleManager: Shutting down and abandoning module StreamingFile (3)
[2015.10.31-04.01.43:445][425]LogModuleManager: Shutting down and abandoning module SandboxFile (2)
[2015.10.31-04.01.43:445][425]LogModuleManager: Shutting down and abandoning module PakFile (1)
[2015.10.31-04.01.43:445][425]LogExit: Exiting.
[2015.10.31-04.01.43:476][425]Log file closed, 10/31/15 12:01:43
