[2015.10.28-02.40.34:346][  0]Log file open, 10/28/15 10:40:34
[2015.10.28-02.40.34:346][  0]LogInit:Display: Running engine for game: Introduction
[2015.10.28-02.40.34:346][  0]LogInit:Display: RandInit(808286728) SRandInit(808286728).
[2015.10.28-02.40.34:346][  0]LogTaskGraph: Started task graph with 4 named threads and 5 total threads.
[2015.10.28-02.40.34:346][  0]LogStats: Stats thread started at 0.067877
[2015.10.28-02.40.34:346][  0]LogInit: Version: 4.9.2-2707645+++depot+UE4-Releases+4.9
[2015.10.28-02.40.34:346][  0]LogInit: API Version: 2672455
[2015.10.28-02.40.34:346][  0]LogInit: Compiled (64-bit): Sep 28 2015 10:25:44
[2015.10.28-02.40.34:346][  0]LogInit: Compiled with Visual C++: 18.00.21005.01
[2015.10.28-02.40.34:346][  0]LogInit: Build Configuration: Development
[2015.10.28-02.40.34:346][  0]LogInit: Branch Name: ++depot+UE4-Releases+4.9
[2015.10.28-02.40.34:346][  0]LogInit: Command line:  /Temp/Autosaves/Game/StarterContent/Maps/UEDPCMy_ComplexRoom -game -PIEVIACONSOLE -ResX=1280 -ResY=720  -Multiprocess 
[2015.10.28-02.40.34:346][  0]LogInit: Base directory: E:/UE4/app/Epic Games/4.9/Engine/Binaries/Win64/
[2015.10.28-02.40.34:346][  0]LogInit: Rocket: 1
[2015.10.28-02.40.34:361][  0]LogInit: Using libcurl 7.41.0
[2015.10.28-02.40.34:361][  0]LogInit:  - built for x86_64-pc-win32
[2015.10.28-02.40.34:361][  0]LogInit:  - supports SSL with WinSSL
[2015.10.28-02.40.34:361][  0]LogInit:  - other features:
[2015.10.28-02.40.34:361][  0]LogInit:      CURL_VERSION_SSL
[2015.10.28-02.40.34:361][  0]LogInit:      CURL_VERSION_IPV6
[2015.10.28-02.40.34:361][  0]LogInit:      CURL_VERSION_ASYNCHDNS
[2015.10.28-02.40.34:361][  0]LogInit:      CURL_VERSION_LARGEFILE
[2015.10.28-02.40.34:361][  0]LogInit:      CURL_VERSION_IDN
[2015.10.28-02.40.34:361][  0]LogInit:  CurlRequestOptions (configurable via config and command line):
[2015.10.28-02.40.34:361][  0]LogInit:  - bVerifyPeer = true  - Libcurl will verify peer certificate
[2015.10.28-02.40.34:361][  0]LogInit:  - bUseHttpProxy = false  - Libcurl will NOT use HTTP proxy
[2015.10.28-02.40.34:361][  0]LogInit:  - bDontReuseConnections = false  - Libcurl will reuse connections
[2015.10.28-02.40.34:361][  0]LogInit:  - CertBundlePath = nullptr  - Libcurl will use whatever was configured at build time.
[2015.10.28-02.40.34:371][  0]LogInit: Presizing for 0 objects not considered by GC, pre-allocating 0 bytes.
[2015.10.28-02.40.34:379][  0]LogInit: Object subsystem initialized
[2015.10.28-02.40.34:380][  0]LogInit: Selected Device Profile: [Windows]
[2015.10.28-02.40.34:380][  0]LogInit: Applying CVar settings loaded from the selected device profile: [Windows]
[2015.10.28-02.40.34:383][  0]LogInit: Computer: ZH
[2015.10.28-02.40.34:383][  0]LogInit: User: zhouhui
[2015.10.28-02.40.34:383][  0]LogInit: CPU Page size=4096, Cores=2
[2015.10.28-02.40.34:383][  0]LogInit: High frequency timer resolution =3.215353 MHz
[2015.10.28-02.40.34:383][  0]LogMemory: Memory total: Physical=8.0GB (8GB approx)
[2015.10.28-02.40.34:383][  0]LogMemory: Platform Memory Stats for Windows
[2015.10.28-02.40.34:383][  0]LogMemory: Process Physical Memory: 53.79 MB used, 53.79 MB peak
[2015.10.28-02.40.34:383][  0]LogMemory: Process Virtual Memory: 55.42 MB used, 55.42 MB peak
[2015.10.28-02.40.34:383][  0]LogMemory: Physical Memory: 4361.55 MB used, 8162.07 MB total
[2015.10.28-02.40.34:383][  0]LogMemory: Virtual Memory: 363.12 MB used, 134217728.00 MB total
[2015.10.28-02.40.34:423][  0]LogTextLocalizationManager: No specific translations for ('en-GB') exist, so ('en') translations will be used.
[2015.10.28-02.40.35:254][  0]LogD3D11RHI: Found D3D11 adapter 0: NVIDIA GeForce GT 620 (Feature Level 11_0)
[2015.10.28-02.40.35:254][  0]LogD3D11RHI: Adapter has 973MB of dedicated video memory, 0MB of dedicated system memory, and 3071MB of shared system memory, 1 output[s]
[2015.10.28-02.40.35:255][  0]LogD3D11RHI: Found D3D11 adapter 1: Microsoft Basic Render Driver (Feature Level 11_0)
[2015.10.28-02.40.35:255][  0]LogD3D11RHI: Adapter has 0MB of dedicated video memory, 0MB of dedicated system memory, and 4081MB of shared system memory, 0 output[s]
[2015.10.28-02.40.35:255][  0]LogD3D11RHI: Chosen D3D11 Adapter Id = 0
[2015.10.28-02.40.35:260][  0]LogD3D11RHI: !Direct3DDevice
[2015.10.28-02.40.35:260][  0]LogRHI: Texture pool is 681 MB (70% of 973 MB)
[2015.10.28-02.40.35:272][  0]LogD3D11RHI: Async texture creation enabled
[2015.10.28-02.40.35:288][  0]LogShaderCompilers: Guid format shader working directory is 14 characters bigger than the processId version (../../../../../../projects/UE4Study/Intermediate/Shaders/WorkingDirectory/10184/).
[2015.10.28-02.40.35:289][  0]LogShaderCompilers: Cleaned the shader compiler working directory '../../../../../../projects/UE4Study/Intermediate/Shaders/tmp/245124CA430C193EEC1624B1FEBDEB6B/'.
[2015.10.28-02.40.35:289][  0]LogShaderCompilers:Display: Using Local Shader Compiler.
[2015.10.28-02.40.36:736][  0]LogTemp:Display: Loaded TP AllDesktopTargetPlatform
[2015.10.28-02.40.36:743][  0]LogTemp:Display: Loaded TP WindowsClientTargetPlatform
[2015.10.28-02.40.36:750][  0]LogTemp:Display: Loaded TP WindowsNoEditorTargetPlatform
[2015.10.28-02.40.36:759][  0]LogTemp:Display: Loaded TP WindowsServerTargetPlatform
[2015.10.28-02.40.36:766][  0]LogTemp:Display: Loaded TP WindowsTargetPlatform
[2015.10.28-02.40.36:772][  0]LogTemp:Display: Loaded TP AndroidTargetPlatform
[2015.10.28-02.40.36:777][  0]LogTemp:Display: Loaded TP Android_ASTCTargetPlatform
[2015.10.28-02.40.36:782][  0]LogTemp:Display: Loaded TP Android_ATCTargetPlatform
[2015.10.28-02.40.36:786][  0]LogTemp:Display: Loaded TP Android_DXTTargetPlatform
[2015.10.28-02.40.36:791][  0]LogTemp:Display: Loaded TP Android_ETC1TargetPlatform
[2015.10.28-02.40.36:795][  0]LogTemp:Display: Loaded TP Android_ETC2TargetPlatform
[2015.10.28-02.40.36:799][  0]LogTemp:Display: Loaded TP Android_PVRTCTargetPlatform
[2015.10.28-02.40.36:800][  0]LogTemp:Display: Loaded TP HTML5TargetPlatform
[2015.10.28-02.40.36:820][  0]LogTemp:Display: Loaded TP IOSTargetPlatform
[2015.10.28-02.40.36:825][  0]LogTemp:Display: Loaded TP LinuxNoEditorTargetPlatform
[2015.10.28-02.40.36:830][  0]LogTemp:Display: Loaded TP LinuxServerTargetPlatform
[2015.10.28-02.40.36:835][  0]LogTemp:Display: Loaded TP LinuxTargetPlatform
[2015.10.28-02.40.36:835][  0]LogTargetPlatformManager:Display: Building Assets For Windows
[2015.10.28-02.40.36:935][  0]LogDerivedDataCache:Display: Max Cache Size: 512 MB
[2015.10.28-02.40.36:986][  0]LogDerivedDataCache: Loaded boot cache 0.05s 41MB C:/Users/zhouhui/AppData/Local/UnrealEngine/4.9/DerivedDataCache/Boot.ddc.
[2015.10.28-02.40.36:986][  0]LogDerivedDataCache:Display: Loaded Boot cache: C:/Users/zhouhui/AppData/Local/UnrealEngine/4.9/DerivedDataCache/Boot.ddc
[2015.10.28-02.40.36:986][  0]LogDerivedDataCache: FDerivedDataBackendGraph:  Pak pak cache file ../../../../../../projects/UE4Study/DerivedDataCache/DDC.ddp not found, will not use a pak cache.
[2015.10.28-02.40.36:986][  0]LogDerivedDataCache: Unable to find inner node Pak for hierarchical cache Hierarchy.
[2015.10.28-02.40.36:986][  0]LogDerivedDataCache: FDerivedDataBackendGraph:  CompressedPak pak cache file ../../../../../../projects/UE4Study/DerivedDataCache/Compressed.ddp not found, will not use a pak cache.
[2015.10.28-02.40.36:986][  0]LogDerivedDataCache: Unable to find inner node CompressedPak for hierarchical cache Hierarchy.
[2015.10.28-02.40.37:156][  0]LogDerivedDataCache:Display: Pak cache opened for reading ../../../Engine/DerivedDataCache/Compressed.ddp.
[2015.10.28-02.40.37:170][  0]LogDerivedDataCache: Using Local data cache path C:/Users/zhouhui/AppData/Local/UnrealEngine/Common/DerivedDataCache: Writable
[2015.10.28-02.40.37:399][  0]LogInit: Selected Device Profile: [Windows]
[2015.10.28-02.40.37:403][  0]LogContentStreaming: Texture pool size is 1000.000000MB
[2015.10.28-02.40.37:537][  0]LogMeshUtilities: No automatic mesh reduction module available
[2015.10.28-02.40.37:538][  0]LogMeshUtilities: No automatic mesh merging module available
[2015.10.28-02.40.37:769][  0]LogInit: WinSock: version 1.1 (2.2), MaxSocks=32767, MaxUdp=65467
[2015.10.28-02.40.38:098][  0]LogWindowsMoviePlayer: Unable to load movie: ../../../../../../projects/UE4Study/Content/Movies/Default_Startup.mp4
[2015.10.28-02.40.38:236][  0]SourceControl: Info Source control is disabled
[2015.10.28-02.40.38:236][  0]SourceControl: Info Source control is disabled
[2015.10.28-02.40.38:248][  0]SourceControl: Info Source control is disabled
[2015.10.28-02.40.38:359][  0]LogLinker:Warning: Asset '../../../Engine/Plugins/Runtime/LeapMotionController/Content/LM_PassthroughMaterial.uasset' has been saved with empty engine version. The asset will be loaded but may be incompatible.
[2015.10.28-02.40.38:455][  0]LogObj: 27669 objects as part of root set at end of initial load.
[2015.10.28-02.40.38:455][  0]LogUObjectAllocator: 5775696 out of 0 bytes used by permanent object pool.
[2015.10.28-02.40.38:521][  0]LogEngine: Initializing Engine...
[2015.10.28-02.40.38:523][  0]LogHMD: Can't find Oculus library dev build: is proper Runtime installed? Version: 0.7.0.0
[2015.10.28-02.40.38:524][  0]LogHMD: SteamVR failed to initialize.  Err: 110
[2015.10.28-02.40.38:653][  0]LogInit: XAudio2 using '扬声器 (Conexant HD Audio)' : 2 channels at 48 kHz using 32 bits per sample (channel mask 0x3)
[2015.10.28-02.40.38:686][  0]LogInit: FAudioDevice initialized.
[2015.10.28-02.40.38:688][  0]LogInit: Texture streaming: Enabled
[2015.10.28-02.40.38:801][  0]LogNet: Browse: /Temp/Autosaves/Game/StarterContent/Maps/UEDPCMy_ComplexRoom?Name=Player
[2015.10.28-02.40.38:817][  0]LogLoad: LoadMap: /Temp/Autosaves/Game/StarterContent/Maps/UEDPCMy_ComplexRoom?Name=Player
[2015.10.28-02.40.38:845][  0]LogParticles: Destroying 0 GPU particle simulations for FXSystem 0x00000055EF557F60
[2015.10.28-02.40.38:867][  0]LogMemory: Platform Memory Stats for Windows
[2015.10.28-02.40.38:867][  0]LogMemory: Process Physical Memory: 378.13 MB used, 378.50 MB peak
[2015.10.28-02.40.38:867][  0]LogMemory: Process Virtual Memory: 426.53 MB used, 442.93 MB peak
[2015.10.28-02.40.38:867][  0]LogMemory: Physical Memory: 4600.90 MB used, 8162.07 MB total
[2015.10.28-02.40.38:867][  0]LogMemory: Virtual Memory: 955.01 MB used, 134217728.00 MB total
[2015.10.28-02.40.38:867][  0]LogMemory: 
[2015.10.28-02.40.38:867][  0]Allocator Stats for TBB: (not implemented)
[2015.10.28-02.40.39:358][  0]LogAIModule: Creating AISystem for world My_ComplexRoom
[2015.10.28-02.40.39:358][  0]LogWorld: Game class is 'GameMode'
[2015.10.28-02.40.39:367][  0]LogMaterial:Warning: Material /Game/Assets/Materials/Soul_Tree011M.Soul_Tree011M missing bUsedWithInstancedStaticMeshes=True! Default Material will be used in game.
[2015.10.28-02.40.39:367][  0]LogMaterial:Warning:      The material will recompile every editor launch until resaved.
[2015.10.28-02.40.39:369][  0]LogWorld: Bringing World /Temp/Autosaves/Game/StarterContent/Maps/UEDPCMy_ComplexRoom.My_ComplexRoom up for play (max tick rate 0) at 2015.10.28-10.40.39
[2015.10.28-02.40.39:370][  0]LogWorld: Bringing up level for play took: 0.011279
[2015.10.28-02.40.39:409][  0]LogInit:Display: Game Engine Initialized.
[2015.10.28-02.40.39:636][  0]LogLoad: Full Startup: 5.64 seconds (BP compile: 0.01 seconds)
[2015.10.28-02.40.39:653][  0]LogWindowsTextInputMethodSystem:Display: IME system now activated using TSF (微软拼音).
[2015.10.28-02.40.39:719][  0]LogRenderer: Reallocating scene render targets to support 128x128 (Frame:1).
[2015.10.28-02.40.39:979][  1]LogRenderer: Reallocating scene render targets to support 1280x720 (Frame:2).
[2015.10.28-02.41.24:196][661]LogWindowsTextInputMethodSystem:Display: IME system now activated using TSF (微软拼音).
[2015.10.28-02.41.24:214][661]LogEngine: All Windows Closed
[2015.10.28-02.41.24:214][661]LogWindows: FPlatformMisc::RequestExit(0)
[2015.10.28-02.41.24:558][662]LogExit: Preparing to exit.
[2015.10.28-02.41.24:672][662]LogExit: Game engine shut down
[2015.10.28-02.41.24:673][662]LogParticles: Destroying 0 GPU particle simulations for FXSystem 0x00000055E1252980
[2015.10.28-02.41.24:821][662]LogExit: Object subsystem successfully closed.
[2015.10.28-02.41.24:833][662]LogD3D11RHI: Shutdown
[2015.10.28-02.41.24:833][662]LogD3D11RHI: CleanupD3DDevice
[2015.10.28-02.41.25:935][662]LogD3D11RHI: ~FD3D11DynamicRHI
[2015.10.28-02.41.25:948][662]LogModuleManager: Shutting down and abandoning module AndroidDeviceDetection (115)
[2015.10.28-02.41.26:748][662]LogModuleManager: Shutting down and abandoning module AutomationController (114)
[2015.10.28-02.41.26:748][662]LogModuleManager: Shutting down and abandoning module AutomationWorker (113)
[2015.10.28-02.41.26:748][662]LogModuleManager: Shutting down and abandoning module CharacterAI (112)
[2015.10.28-02.41.26:748][662]LogModuleManager: Shutting down and abandoning module AITestSuite (111)
[2015.10.28-02.41.26:748][662]LogModuleManager: Shutting down and abandoning module GameplayDebugger (110)
[2015.10.28-02.41.26:748][662]LogModuleManager: Shutting down and abandoning module AIModule (109)
[2015.10.28-02.41.26:748][662]LogModuleManager: Shutting down and abandoning module GameLiveStreaming (108)
[2015.10.28-02.41.26:748][662]LogModuleManager: Shutting down and abandoning module StreamingPauseRendering (107)
[2015.10.28-02.41.26:748][662]LogModuleManager: Shutting down and abandoning module ProfilerService (106)
[2015.10.28-02.41.26:996][662]LogModuleManager: Shutting down and abandoning module TaskGraph (105)
[2015.10.28-02.41.26:996][662]LogModuleManager: Shutting down and abandoning module SlateRemote (104)
[2015.10.28-02.41.26:996][662]LogModuleManager: Shutting down and abandoning module SteamVRController (103)
[2015.10.28-02.41.26:996][662]LogModuleManager: Shutting down and abandoning module SteamVR (102)
[2015.10.28-02.41.26:996][662]LogModuleManager: Shutting down and abandoning module ProceduralMeshComponent (101)
[2015.10.28-02.41.26:996][662]LogModuleManager: Shutting down and abandoning module OculusRift (100)
[2015.10.28-02.41.26:996][662]LogModuleManager: Shutting down and abandoning module OculusLibrary (99)
[2015.10.28-02.41.26:996][662]LogModuleManager: Shutting down and abandoning module LeapMotionController (98)
[2015.10.28-02.41.27:014][662]LogModuleManager: Shutting down and abandoning module CustomMeshComponent (97)
[2015.10.28-02.41.27:014][662]LogModuleManager: Shutting down and abandoning module CableComponent (96)
[2015.10.28-02.41.27:014][662]LogModuleManager: Shutting down and abandoning module ArchVisCharacter (95)
[2015.10.28-02.41.27:014][662]LogModuleManager: Shutting down and abandoning module HTML5Networking (94)
[2015.10.28-02.41.27:014][662]LogModuleManager: Shutting down and abandoning module DesktopPlatform (93)
[2015.10.28-02.41.27:014][662]LogModuleManager: Shutting down and abandoning module DirectoryWatcher (92)
[2015.10.28-02.41.27:014][662]LogModuleManager: Shutting down and abandoning module HotReload (91)
[2015.10.28-02.41.27:014][662]LogModuleManager: Shutting down and abandoning module VisualStudioSourceCodeAccess (90)
[2015.10.28-02.41.27:014][662]LogModuleManager: Shutting down and abandoning module UObjectPlugin (89)
[2015.10.28-02.41.27:014][662]LogModuleManager: Shutting down and abandoning module SubversionSourceControl (88)
[2015.10.28-02.41.27:014][662]LogModuleManager: Shutting down and abandoning module SourceControl (87)
[2015.10.28-02.41.27:014][662]LogModuleManager: Shutting down and abandoning module PerforceSourceControl (86)
[2015.10.28-02.41.27:014][662]LogModuleManager: Shutting down and abandoning module UdpMessaging (85)
[2015.10.28-02.41.27:014][662]LogModuleManager: Shutting down and abandoning module LightPropagationVolumeRuntime (84)
[2015.10.28-02.41.27:014][662]LogModuleManager: Shutting down and abandoning module Paper2D (83)
[2015.10.28-02.41.27:014][662]LogModuleManager: Shutting down and abandoning module WindowsMoviePlayer (82)
[2015.10.28-02.41.27:018][662]LogModuleManager: Shutting down and abandoning module Media (81)
[2015.10.28-02.41.27:018][662]LogModuleManager: Shutting down and abandoning module WmfMedia (80)
[2015.10.28-02.41.27:018][662]LogModuleManager: Shutting down and abandoning module OnlineBlueprintSupport (79)
[2015.10.28-02.41.27:018][662]LogModuleManager: Shutting down and abandoning module GameplayTasksEditor (78)
[2015.10.28-02.41.27:018][662]LogModuleManager: Shutting down and abandoning module PropertyEditor (77)
[2015.10.28-02.41.27:018][662]LogModuleManager: Shutting down and abandoning module BehaviorTreeEditor (76)
[2015.10.28-02.41.27:018][662]LogModuleManager: Shutting down and abandoning module FunctionalTesting (75)
[2015.10.28-02.41.27:018][662]LogModuleManager: Shutting down and abandoning module CollisionAnalyzer (74)
[2015.10.28-02.41.27:018][662]LogModuleManager: Shutting down and abandoning module WorkspaceMenuStructure (73)
[2015.10.28-02.41.27:018][662]LogModuleManager: Shutting down and abandoning module MessageLog (72)
[2015.10.28-02.41.27:018][662]LogModuleManager: Shutting down and abandoning module Sequencer (71)
[2015.10.28-02.41.27:018][662]LogModuleManager: Shutting down and abandoning module AssetTools (70)
[2015.10.28-02.41.27:018][662]LogModuleManager: Shutting down and abandoning module UMGEditor (69)
[2015.10.28-02.41.27:018][662]LogModuleManager: Shutting down and abandoning module UMG (68)
[2015.10.28-02.41.27:018][662]LogModuleManager: Shutting down and abandoning module Slate (67)
[2015.10.28-02.41.27:018][662]LogModuleManager: Shutting down and abandoning module EditorStyle (66)
[2015.10.28-02.41.27:019][662]LogModuleManager: Shutting down and abandoning module SessionServices (65)
[2015.10.28-02.41.27:019][662]LogModuleManager: Shutting down and abandoning module SourceCodeAccess (64)
[2015.10.28-02.41.27:019][662]LogModuleManager: Shutting down and abandoning module HeadMountedDisplay (63)
[2015.10.28-02.41.27:019][662]LogModuleManager: Shutting down and abandoning module XAudio2 (62)
[2015.10.28-02.41.27:019][662]LogModuleManager: Shutting down and abandoning module Networking (60)
[2015.10.28-02.41.27:019][662]LogModuleManager: Shutting down and abandoning module Core (59)
[2015.10.28-02.41.27:019][662]LogModuleManager: Shutting down and abandoning module KismetCompiler (58)
[2015.10.28-02.41.27:019][662]LogModuleManager: Shutting down and abandoning module PhysXFormats (57)
[2015.10.28-02.41.27:019][662]LogModuleManager: Shutting down and abandoning module MeshUtilities (56)
[2015.10.28-02.41.27:020][662]LogModuleManager: Shutting down and abandoning module CookingStats (55)
[2015.10.28-02.41.27:023][662]LogModuleManager: Shutting down and abandoning module DerivedDataCache (54)
[2015.10.28-02.41.27:193][662]LogDerivedDataCache: Shutdown
[2015.10.28-02.41.27:193][662]LogModuleManager: Shutting down and abandoning module ShaderFormatOpenGL (53)
[2015.10.28-02.41.27:193][662]LogModuleManager: Shutting down and abandoning module ShaderFormatD3D (52)
[2015.10.28-02.41.27:193][662]LogModuleManager: Shutting down and abandoning module MetalShaderFormat (51)
[2015.10.28-02.41.27:193][662]LogModuleManager: Shutting down and abandoning module TextureFormatUncompressed (50)
[2015.10.28-02.41.27:193][662]LogModuleManager: Shutting down and abandoning module TextureFormatPVR (49)
[2015.10.28-02.41.27:193][662]LogModuleManager: Shutting down and abandoning module TextureFormatIntelISPCTexComp (48)
[2015.10.28-02.41.27:193][662]LogModuleManager: Shutting down and abandoning module TextureFormatDXT (47)
[2015.10.28-02.41.27:193][662]LogModuleManager: Shutting down and abandoning module ImageWrapper (46)
[2015.10.28-02.41.27:193][662]LogModuleManager: Shutting down and abandoning module TextureFormatASTC (45)
[2015.10.28-02.41.27:193][662]LogModuleManager: Shutting down and abandoning module TextureFormatAndroid (44)
[2015.10.28-02.41.27:193][662]LogModuleManager: Shutting down and abandoning module AudioFormatOpus (43)
[2015.10.28-02.41.27:193][662]LogModuleManager: Shutting down and abandoning module AudioFormatOgg (42)
[2015.10.28-02.41.27:193][662]LogModuleManager: Shutting down and abandoning module AudioFormatADPCM (41)
[2015.10.28-02.41.27:193][662]LogModuleManager: Shutting down and abandoning module LinuxTargetPlatform (40)
[2015.10.28-02.41.27:193][662]LogModuleManager: Shutting down and abandoning module LinuxServerTargetPlatform (39)
[2015.10.28-02.41.27:193][662]LogModuleManager: Shutting down and abandoning module LinuxNoEditorTargetPlatform (38)
[2015.10.28-02.41.27:193][662]LogModuleManager: Shutting down and abandoning module Messaging (37)
[2015.10.28-02.41.27:193][662]LogModuleManager: Shutting down and abandoning module IOSTargetPlatform (36)
[2015.10.28-02.41.27:193][662]LogModuleManager: Shutting down and abandoning module HTML5TargetPlatform (35)
[2015.10.28-02.41.27:193][662]LogModuleManager: Shutting down and abandoning module Android_PVRTCTargetPlatform (34)
[2015.10.28-02.41.27:193][662]LogModuleManager: Shutting down and abandoning module Android_ETC2TargetPlatform (33)
[2015.10.28-02.41.27:193][662]LogModuleManager: Shutting down and abandoning module Android_ETC1TargetPlatform (32)
[2015.10.28-02.41.27:193][662]LogModuleManager: Shutting down and abandoning module Android_DXTTargetPlatform (31)
[2015.10.28-02.41.27:193][662]LogModuleManager: Shutting down and abandoning module Android_ATCTargetPlatform (30)
[2015.10.28-02.41.27:193][662]LogModuleManager: Shutting down and abandoning module Android_ASTCTargetPlatform (29)
[2015.10.28-02.41.27:193][662]LogModuleManager: Shutting down and abandoning module AndroidTargetPlatform (28)
[2015.10.28-02.41.27:193][662]LogModuleManager: Shutting down and abandoning module WindowsTargetPlatform (27)
[2015.10.28-02.41.27:193][662]LogModuleManager: Shutting down and abandoning module WindowsServerTargetPlatform (26)
[2015.10.28-02.41.27:193][662]LogModuleManager: Shutting down and abandoning module WindowsNoEditorTargetPlatform (25)
[2015.10.28-02.41.27:193][662]LogModuleManager: Shutting down and abandoning module WindowsClientTargetPlatform (24)
[2015.10.28-02.41.27:193][662]LogModuleManager: Shutting down and abandoning module AllDesktopTargetPlatform (23)
[2015.10.28-02.41.27:193][662]LogModuleManager: Shutting down and abandoning module TargetPlatform (22)
[2015.10.28-02.41.27:193][662]LogModuleManager: Shutting down and abandoning module InputCore (21)
[2015.10.28-02.41.27:193][662]LogModuleManager: Shutting down and abandoning module Settings (20)
[2015.10.28-02.41.27:193][662]LogModuleManager: Shutting down and abandoning module OnlineSubsystem (18)
[2015.10.28-02.41.27:193][662]LogModuleManager: Shutting down and abandoning module HTTP (17)
[2015.10.28-02.41.27:193][662]LogModuleManager: Shutting down and abandoning module XMPP (16)
[2015.10.28-02.41.27:193][662]LogModuleManager: Shutting down and abandoning module ExampleDeviceProfileSelector (15)
[2015.10.28-02.41.27:194][662]LogModuleManager: Shutting down and abandoning module TextureCompressor (14)
[2015.10.28-02.41.27:194][662]LogModuleManager: Shutting down and abandoning module ShaderCore (13)
[2015.10.28-02.41.27:194][662]LogModuleManager: Shutting down and abandoning module Landscape (12)
[2015.10.28-02.41.27:194][662]LogModuleManager: Shutting down and abandoning module SlateRHIRenderer (11)
[2015.10.28-02.41.27:194][662]LogModuleManager: Shutting down and abandoning module OpenGLDrv (10)
[2015.10.28-02.41.27:194][662]LogModuleManager: Shutting down and abandoning module D3D11RHI (9)
[2015.10.28-02.41.27:194][662]LogModuleManager: Shutting down and abandoning module AnimGraphRuntime (8)
[2015.10.28-02.41.27:194][662]LogModuleManager: Shutting down and abandoning module Renderer (7)
[2015.10.28-02.41.27:194][662]LogModuleManager: Shutting down and abandoning module Engine (6)
[2015.10.28-02.41.27:194][662]LogModuleManager: Shutting down and abandoning module CoreUObject (5)
[2015.10.28-02.41.27:194][662]LogModuleManager: Shutting down and abandoning module NetworkFile (4)
[2015.10.28-02.41.27:194][662]LogModuleManager: Shutting down and abandoning module StreamingFile (3)
[2015.10.28-02.41.27:194][662]LogModuleManager: Shutting down and abandoning module SandboxFile (2)
[2015.10.28-02.41.27:194][662]LogModuleManager: Shutting down and abandoning module PakFile (1)
[2015.10.28-02.41.27:194][662]LogExit: Exiting.
[2015.10.28-02.41.27:196][662]Log file closed, 10/28/15 10:41:27
