[2015.11.03-00.54.25:165][  0]Log file open, 11/03/15 08:54:25
[2015.11.03-00.54.25:165][  0]LogInit:Display: Running engine for game: Introduction
[2015.11.03-00.54.25:165][  0]LogInit:Display: RandInit(-2100509781) SRandInit(-2100509781).
[2015.11.03-00.54.25:165][  0]LogTaskGraph: Started task graph with 4 named threads and 5 total threads.
[2015.11.03-00.54.25:165][  0]LogStats: Stats thread started at 0.059508
[2015.11.03-00.54.25:165][  0]LogInit: Version: 4.9.2-2707645+++depot+UE4-Releases+4.9
[2015.11.03-00.54.25:165][  0]LogInit: API Version: 2672455
[2015.11.03-00.54.25:165][  0]LogInit: Compiled (64-bit): Sep 28 2015 10:25:44
[2015.11.03-00.54.25:165][  0]LogInit: Compiled with Visual C++: 18.00.21005.01
[2015.11.03-00.54.25:165][  0]LogInit: Build Configuration: Development
[2015.11.03-00.54.25:165][  0]LogInit: Branch Name: ++depot+UE4-Releases+4.9
[2015.11.03-00.54.25:165][  0]LogInit: Command line:  
[2015.11.03-00.54.25:165][  0]LogInit: Base directory: E:/UE4/app/Epic Games/4.9/Engine/Binaries/Win64/
[2015.11.03-00.54.25:165][  0]LogInit: Rocket: 1
[2015.11.03-00.54.25:179][  0]LogInit: Using libcurl 7.41.0
[2015.11.03-00.54.25:179][  0]LogInit:  - built for x86_64-pc-win32
[2015.11.03-00.54.25:179][  0]LogInit:  - supports SSL with WinSSL
[2015.11.03-00.54.25:179][  0]LogInit:  - other features:
[2015.11.03-00.54.25:179][  0]LogInit:      CURL_VERSION_SSL
[2015.11.03-00.54.25:179][  0]LogInit:      CURL_VERSION_IPV6
[2015.11.03-00.54.25:179][  0]LogInit:      CURL_VERSION_ASYNCHDNS
[2015.11.03-00.54.25:179][  0]LogInit:      CURL_VERSION_LARGEFILE
[2015.11.03-00.54.25:179][  0]LogInit:      CURL_VERSION_IDN
[2015.11.03-00.54.25:179][  0]LogInit:  CurlRequestOptions (configurable via config and command line):
[2015.11.03-00.54.25:179][  0]LogInit:  - bVerifyPeer = true  - Libcurl will verify peer certificate
[2015.11.03-00.54.25:179][  0]LogInit:  - bUseHttpProxy = false  - Libcurl will NOT use HTTP proxy
[2015.11.03-00.54.25:179][  0]LogInit:  - bDontReuseConnections = false  - Libcurl will reuse connections
[2015.11.03-00.54.25:179][  0]LogInit:  - CertBundlePath = nullptr  - Libcurl will use whatever was configured at build time.
[2015.11.03-00.54.25:186][  0]LogInit: Presizing for 0 objects not considered by GC, pre-allocating 0 bytes.
[2015.11.03-00.54.25:197][  0]LogInit: Object subsystem initialized
[2015.11.03-00.54.25:200][  0]LogInit: Selected Device Profile: [Windows]
[2015.11.03-00.54.25:200][  0]LogInit: Applying CVar settings loaded from the selected device profile: [Windows]
[2015.11.03-00.54.25:214][  0]LogInit: Computer: ZH
[2015.11.03-00.54.25:214][  0]LogInit: User: zhouhui
[2015.11.03-00.54.25:214][  0]LogInit: CPU Page size=4096, Cores=2
[2015.11.03-00.54.25:214][  0]LogInit: High frequency timer resolution =3.215353 MHz
[2015.11.03-00.54.25:214][  0]LogMemory: Memory total: Physical=8.0GB (8GB approx)
[2015.11.03-00.54.25:214][  0]LogMemory: Platform Memory Stats for Windows
[2015.11.03-00.54.25:214][  0]LogMemory: Process Physical Memory: 54.07 MB used, 54.07 MB peak
[2015.11.03-00.54.25:214][  0]LogMemory: Process Virtual Memory: 57.15 MB used, 57.15 MB peak
[2015.11.03-00.54.25:214][  0]LogMemory: Physical Memory: 5591.03 MB used, 8162.07 MB total
[2015.11.03-00.54.25:214][  0]LogMemory: Virtual Memory: 365.06 MB used, 134217728.00 MB total
[2015.11.03-00.54.25:270][  0]LogTextLocalizationManager: No specific translations for ('en-GB') exist, so ('en') translations will be used.
[2015.11.03-00.54.26:330][  0]LogD3D11RHI: Found D3D11 adapter 0: NVIDIA GeForce GT 620 (Feature Level 11_0)
[2015.11.03-00.54.26:330][  0]LogD3D11RHI: Adapter has 973MB of dedicated video memory, 0MB of dedicated system memory, and 3071MB of shared system memory, 1 output[s]
[2015.11.03-00.54.26:332][  0]LogD3D11RHI: Found D3D11 adapter 1: Microsoft Basic Render Driver (Feature Level 11_0)
[2015.11.03-00.54.26:332][  0]LogD3D11RHI: Adapter has 0MB of dedicated video memory, 0MB of dedicated system memory, and 4081MB of shared system memory, 0 output[s]
[2015.11.03-00.54.26:332][  0]LogD3D11RHI: Chosen D3D11 Adapter Id = 0
[2015.11.03-00.54.26:336][  0]LogD3D11RHI: !Direct3DDevice
[2015.11.03-00.54.26:336][  0]LogRHI: Texture pool is 681 MB (70% of 973 MB)
[2015.11.03-00.54.26:343][  0]LogD3D11RHI: Async texture creation enabled
[2015.11.03-00.54.26:361][  0]LogShaderCompilers: Guid format shader working directory is 15 characters bigger than the processId version (../../../../../../projects/UE4Study/Intermediate/Shaders/WorkingDirectory/8060/).
[2015.11.03-00.54.26:362][  0]LogShaderCompilers: Cleaned the shader compiler working directory '../../../../../../projects/UE4Study/Intermediate/Shaders/tmp/122D719C4D189DFA2D71F999414A4537/'.
[2015.11.03-00.54.26:362][  0]LogShaderCompilers:Display: Using Local Shader Compiler.
[2015.11.03-00.54.30:521][  0]LogTemp:Display: Loaded TP AllDesktopTargetPlatform
[2015.11.03-00.54.30:527][  0]LogTemp:Display: Loaded TP WindowsClientTargetPlatform
[2015.11.03-00.54.30:534][  0]LogTemp:Display: Loaded TP WindowsNoEditorTargetPlatform
[2015.11.03-00.54.30:542][  0]LogTemp:Display: Loaded TP WindowsServerTargetPlatform
[2015.11.03-00.54.30:551][  0]LogTemp:Display: Loaded TP WindowsTargetPlatform
[2015.11.03-00.54.30:555][  0]LogTemp:Display: Loaded TP AndroidTargetPlatform
[2015.11.03-00.54.30:559][  0]LogTemp:Display: Loaded TP Android_ASTCTargetPlatform
[2015.11.03-00.54.30:564][  0]LogTemp:Display: Loaded TP Android_ATCTargetPlatform
[2015.11.03-00.54.30:568][  0]LogTemp:Display: Loaded TP Android_DXTTargetPlatform
[2015.11.03-00.54.30:573][  0]LogTemp:Display: Loaded TP Android_ETC1TargetPlatform
[2015.11.03-00.54.30:578][  0]LogTemp:Display: Loaded TP Android_ETC2TargetPlatform
[2015.11.03-00.54.30:583][  0]LogTemp:Display: Loaded TP Android_PVRTCTargetPlatform
[2015.11.03-00.54.30:584][  0]LogTemp:Display: Loaded TP HTML5TargetPlatform
[2015.11.03-00.54.30:603][  0]LogTemp:Display: Loaded TP IOSTargetPlatform
[2015.11.03-00.54.30:606][  0]LogTemp:Display: Loaded TP LinuxNoEditorTargetPlatform
[2015.11.03-00.54.30:611][  0]LogTemp:Display: Loaded TP LinuxServerTargetPlatform
[2015.11.03-00.54.30:615][  0]LogTemp:Display: Loaded TP LinuxTargetPlatform
[2015.11.03-00.54.30:615][  0]LogTargetPlatformManager:Display: Building Assets For Windows
[2015.11.03-00.54.30:733][  0]LogDerivedDataCache:Display: Max Cache Size: 512 MB
[2015.11.03-00.54.30:787][  0]LogDerivedDataCache: Loaded boot cache 0.05s 41MB C:/Users/zhouhui/AppData/Local/UnrealEngine/4.9/DerivedDataCache/Boot.ddc.
[2015.11.03-00.54.30:787][  0]LogDerivedDataCache:Display: Loaded Boot cache: C:/Users/zhouhui/AppData/Local/UnrealEngine/4.9/DerivedDataCache/Boot.ddc
[2015.11.03-00.54.30:787][  0]LogDerivedDataCache: FDerivedDataBackendGraph:  Pak pak cache file ../../../../../../projects/UE4Study/DerivedDataCache/DDC.ddp not found, will not use a pak cache.
[2015.11.03-00.54.30:787][  0]LogDerivedDataCache: Unable to find inner node Pak for hierarchical cache Hierarchy.
[2015.11.03-00.54.30:787][  0]LogDerivedDataCache: FDerivedDataBackendGraph:  CompressedPak pak cache file ../../../../../../projects/UE4Study/DerivedDataCache/Compressed.ddp not found, will not use a pak cache.
[2015.11.03-00.54.30:787][  0]LogDerivedDataCache: Unable to find inner node CompressedPak for hierarchical cache Hierarchy.
[2015.11.03-00.54.30:966][  0]LogDerivedDataCache:Display: Pak cache opened for reading ../../../Engine/DerivedDataCache/Compressed.ddp.
[2015.11.03-00.54.30:980][  0]LogDerivedDataCache: Using Local data cache path C:/Users/zhouhui/AppData/Local/UnrealEngine/Common/DerivedDataCache: Writable
[2015.11.03-00.54.31:231][  0]LogInit: Selected Device Profile: [Windows]
[2015.11.03-00.54.31:235][  0]LogContentStreaming: Texture pool size is 0.000000MB
[2015.11.03-00.54.31:406][  0]LogMeshUtilities: No automatic mesh reduction module available
[2015.11.03-00.54.31:406][  0]LogMeshUtilities: No automatic mesh merging module available
[2015.11.03-00.54.31:688][  0]LogInit: WinSock: version 1.1 (2.2), MaxSocks=32767, MaxUdp=65467
[2015.11.03-00.54.32:499][  0]UdpMessaging: Initializing bridge on interface 0.0.0.0:0 to multicast group 230.0.0.1:6666.
[2015.11.03-00.54.32:601][  0]LogAssetRegistry: FAssetRegistry took 0.0105 seconds to start up
[2015.11.03-00.54.32:846][  0]SourceControl: Info Source control is disabled
[2015.11.03-00.54.32:904][  0]SourceControl: Info Source control is disabled
[2015.11.03-00.54.32:922][  0]SourceControl: Info Source control is disabled
[2015.11.03-00.54.32:935][  0]SourceControl: Info Source control is disabled
[2015.11.03-00.54.33:169][  0]LogLinker:Warning: Asset '../../../Engine/Plugins/Runtime/LeapMotionController/Content/LM_PassthroughMaterial.uasset' has been saved with empty engine version. The asset will be loaded but may be incompatible.
[2015.11.03-00.54.33:289][  0]LogObj: 28361 objects as part of root set at end of initial load.
[2015.11.03-00.54.33:289][  0]LogUObjectAllocator: 6038872 out of 0 bytes used by permanent object pool.
[2015.11.03-00.54.33:365][  0]LogEngine: Initializing Engine...
[2015.11.03-00.54.33:368][  0]LogHMD: Can't find Oculus library dev build: is proper Runtime installed? Version: 0.7.0.0
[2015.11.03-00.54.33:369][  0]LogHMD: SteamVR failed to initialize.  Err: 110
[2015.11.03-00.54.33:533][  0]LogAIModule: Creating AISystem for world NewWorld
[2015.11.03-00.54.33:543][  0]LogInit: XAudio2 using '扬声器 (Conexant HD Audio)' : 2 channels at 48 kHz using 32 bits per sample (channel mask 0x3)
[2015.11.03-00.54.33:767][  0]LogInit: FAudioDevice initialized.
[2015.11.03-00.54.33:795][  0]LogDerivedDataCache: Saved boot cache 0.03s 41MB C:/Users/zhouhui/AppData/Local/UnrealEngine/4.9/DerivedDataCache/Boot.ddc.
[2015.11.03-00.54.33:797][  0]LogInit: Texture streaming: Enabled
[2015.11.03-00.54.33:806][  0]LogAnalytics: Creating configured Analytics provider AnalyticsET
[2015.11.03-00.54.33:806][  0]LogAnalytics: [UEEditor.Rocket.Release] APIServer = http://et2.epicgames.com/ET2/. AppVersion = 4.9.2-2707645+++depot+UE4-Releases+4.9
[2015.11.03-00.54.33:806][  0]LogAnalytics: [UEEditor.Rocket.Release] SetUserId b6ebb264451e50e1159cad98c2cced92|b0673e94d52d486cbdf3580f32be2351|aa830f65-14fc-42d2-8598-ea137c4336f1
[2015.11.03-00.54.33:806][  0]LogAnalytics: [UEEditor.Rocket.Release] AnalyticsET::StartSession
[2015.11.03-00.54.33:825][  0]LogWindowsTextInputMethodSystem:Display: IME system now activated using TSF (搜狗拼音输入法).
[2015.11.03-00.54.33:891][  0]LogInit: Transaction tracking system initialized
[2015.11.03-00.54.33:941][  0]BlueprintLog: New page: Editor Load
[2015.11.03-00.54.34:107][  0]LocalizationService: Info Localization service is disabled
[2015.11.03-00.54.34:564][  0]LogConsoleResponse:Display: 
[2015.11.03-00.54.34:891][  0]LogCook:Display: Done creating registry. It took  0.00s.
[2015.11.03-00.54.34:981][  0]LogFileCache: Scanning file cache for directory 'E:/UE4/projects/UE4Study/Content/' took 0.03s
[2015.11.03-00.54.34:990][  0]SourceControl: Info Source control is disabled
[2015.11.03-00.54.34:990][  0]Cmd: MAP LOAD FILE="../../../../../../projects/UE4Study/Content/StarterContent/Maps/Minimal_Default.umap" TEMPLATE=0 SHOWPROGRESS=1 FEATURELEVEL=3
[2015.11.03-00.54.34:991][  0]LightingResults: New page: Lighting Build
[2015.11.03-00.54.34:997][  0]MapCheck: New page: Map Check
[2015.11.03-00.54.34:997][  0]LightingResults: New page: Lighting Build
[2015.11.03-00.54.35:052][  0]LogParticles: Destroying 0 GPU particle simulations for FXSystem 0x0000000472AF9C60
[2015.11.03-00.54.36:674][  0]LogAIModule: Creating AISystem for world Minimal_Default
[2015.11.03-00.54.36:698][  0]LogEditorServer: Finished looking for orphan Actors (0.000 secs)
[2015.11.03-00.54.36:699][  0]Cmd: MAP CHECKDEP NOCLEARLOG
[2015.11.03-00.54.36:780][  0]MapCheck: Info Map check complete: 0 Error(s), 0 Warning(s), took 81.055ms to complete.
[2015.11.03-00.54.36:780][  0]LogFileHelpers: Loading map 'Minimal_Default' took 1.790
[2015.11.03-00.54.37:000][  0]LogCrashTracker: Crashtracker disabled due to settings.
[2015.11.03-00.54.37:012][  0]LogCollectionManager: Loaded 0 collections in 0.004015 seconds
[2015.11.03-00.54.37:067][  0]LogFileCache: Scanning file cache for directory 'E:/UE4/projects/UE4Study/Saved/Collections/' took 0.01s
[2015.11.03-00.54.37:067][  0]LogFileCache: Scanning file cache for directory 'E:/UE4/projects/UE4Study/Content/Developers/zhouhui/Collections/' took 0.01s
[2015.11.03-00.54.37:067][  0]LogFileCache: Scanning file cache for directory 'E:/UE4/projects/UE4Study/Content/Collections/' took 0.01s
[2015.11.03-00.54.37:067][  0]LogContentBrowser: Native class hierarchy populated in 0.0131 seconds. Added 1868 classes and 335 folders.
[2015.11.03-00.54.37:074][  0]LogCollectionManager: Rebuilt the GUID cache for 0 collections in 0.000004 seconds
[2015.11.03-00.54.37:086][  0]LogContentBrowser: Native class hierarchy updated for 'WidgetCarousel' in 0.0005 seconds. Added 0 classes and 0 folders.
[2015.11.03-00.54.37:143][  0]LogContentBrowser: Native class hierarchy updated for 'AddContentDialog' in 0.0005 seconds. Added 0 classes and 0 folders.
[2015.11.03-00.54.37:148][  0]LogUObjectGlobals:Warning: Failed to find object 'Class None.'
[2015.11.03-00.54.37:171][  0]LogLoad: Full Startup: 12.72 seconds (BP compile: 0.13 seconds)
[2015.11.03-00.54.37:268][  0]LogContentStreaming: Texture pool size now 200 MB
[2015.11.03-00.54.37:420][  0]LogRenderer: Reallocating scene render targets to support 860x744 (Frame:2).
[2015.11.03-00.54.37:740][  4]LogAssetRegistry: Asset discovery search completed in 5.1496 seconds
[2015.11.03-00.54.37:740][  4]LogCollectionManager: Rebuilt the object cache for 0 collections in 0.000001 seconds (found 0 objects)
[2015.11.03-00.54.37:740][  4]LogCollectionManager: Fixed up redirectors for 0 collections in 0.000029 seconds (updated 0 objects)
[2015.11.03-00.54.47:895][956]Cmd: MAP LOAD FILE="../../../../../../projects/UE4Study/Content/StarterContent/Maps/Lighting_Lesson.umap" TEMPLATE=0 SHOWPROGRESS=1 FEATURELEVEL=3
[2015.11.03-00.54.47:918][956]LightingResults: New page: Lighting Build
[2015.11.03-00.54.47:941][956]LoadErrors: New page: Loading map: Lighting_Lesson.umap
[2015.11.03-00.54.47:941][956]MapCheck: New page: Map Check
[2015.11.03-00.54.47:941][956]LightingResults: New page: Lighting Build
[2015.11.03-00.54.47:962][956]LogParticles: Destroying 0 GPU particle simulations for FXSystem 0x0000000479F8B740
[2015.11.03-00.54.48:161][956]LogAIModule: Creating AISystem for world Lighting_Lesson
[2015.11.03-00.54.48:221][956]LogEditorServer: Finished looking for orphan Actors (0.000 secs)
[2015.11.03-00.54.48:266][956]Cmd: MAP CHECKDEP NOCLEARLOG
[2015.11.03-00.54.48:344][956]MapCheck: Info Map check complete: 0 Error(s), 0 Warning(s), took 77.005ms to complete.
[2015.11.03-00.54.48:344][956]LogFileHelpers: Loading map 'Lighting_Lesson' took 0.451
[2015.11.03-00.54.53:161][302]LogEditorViewport: Clicking on Actor (LMB): StaticMeshActor (SM_Cave_Rock_Large_01b)
[2015.11.03-00.55.02:479][898]LogEditorViewport: Clicking on Actor (LMB): PointLight (PointLight)
[2015.11.03-00.55.21:411][ 42]LogEditorViewport: Clicking on Actor (LMB): StaticMeshActor (SM_Cave_Rock_Large_01a3)
[2015.11.03-00.55.42:348][505]LogEditorViewport: Clicking on Actor (LMB): StaticMeshActor (SM_Cave_Rock_Large_01b2)
[2015.11.03-00.55.44:110][574]LogEditorViewport: Clicking on Actor (LMB): StaticMeshActor (SM_Cave_Rock_Large_01a2)
[2015.11.03-00.55.54:409][226]LogEditorViewport: Clicking on Actor (LMB): StaticMeshActor (SM_Cave_Rock_Slate_01a)
[2015.11.03-00.55.58:799][384]LogEditorViewport: Clicking on Actor (LMB): StaticMeshActor (SM_Cave_Rock_Large_01a7)
[2015.11.03-00.56.15:274][987]Cmd: DELETE
[2015.11.03-00.56.15:274][987]Cmd: ACTOR DELETE
[2015.11.03-00.56.15:275][987]LogEditorActor: Deleted Actor: StaticMeshActor
[2015.11.03-00.56.15:300][987]LogEditorActor: Deleted 1 Actors (0.025 secs)
[2015.11.03-00.56.20:543][191]LogEditorViewport: Clicking on Actor (LMB): StaticMeshActor (SM_Cave_Rock_Large_01a6)
[2015.11.03-00.56.36:402][972]LogEditorViewport: Clicking on Actor (LMB): PointLight (PointLight)
[2015.11.03-00.56.48:929][567]LogEditorViewport: Clicking on Actor (LMB): StaticMeshActor (SM_Cave_Rock_Large_01b5)
[2015.11.03-00.56.50:313][606]LogEditorViewport: Clicking on Actor (LMB): StaticMeshActor (SM_Cave_Rock_Large_01a3)
[2015.11.03-00.57.04:867][956]Cmd: DELETE
[2015.11.03-00.57.04:867][956]Cmd: ACTOR DELETE
[2015.11.03-00.57.04:867][956]LogEditorActor: Deleted Actor: StaticMeshActor
[2015.11.03-00.57.04:889][956]LogEditorActor: Deleted 1 Actors (0.022 secs)
[2015.11.03-00.57.11:546][177]Cmd: TRANSACTION UNDO
[2015.11.03-00.57.11:546][177]LogEditorTransaction: Undo Delete Actors
[2015.11.03-00.57.24:590][772]LogSavePackage: Save=267.076752ms
[2015.11.03-00.57.24:590][772]LogSavePackage: Moving '../../../../../../projects/UE4Study/Saved/Lighting_Lesson4ABB580C4D0F2F1D794938828C9CBC83.tmp' to '../../../../../../projects/UE4Study/Content/StarterContent/Maps/Lighting_Lesson.umap'
[2015.11.03-00.57.24:596][772]LogSavePackage: Total save time: 344.997890ms
[2015.11.03-00.57.24:596][772]LogSavePackage:Warning: Finished SavePackage ../../../../../../projects/UE4Study/Content/StarterContent/Maps/Lighting_Lesson.umap
[2015.11.03-00.57.24:630][772]LogFileHelpers: Saving map 'Lighting_Lesson' took 0.485
[2015.11.03-01.00.05:935][767]LogEditorViewport: Clicking on Actor (LMB): StaticMeshActor (SM_Cave_Rock_Large_01a5)
[2015.11.03-01.00.12:998][275]LogSavePackage: Save=215.303894ms
[2015.11.03-01.00.12:998][275]LogSavePackage: Moving '../../../../../../projects/UE4Study/Saved/Lighting_LessonDD09F61B4C75655EFE1AF3926E59BB1A.tmp' to '../../../../../../projects/UE4Study/Content/StarterContent/Maps/Lighting_Lesson.umap'
[2015.11.03-01.00.13:004][275]LogSavePackage: Total save time: 239.131752ms
[2015.11.03-01.00.13:004][275]LogSavePackage:Warning: Finished SavePackage ../../../../../../projects/UE4Study/Content/StarterContent/Maps/Lighting_Lesson.umap
[2015.11.03-01.00.13:069][275]LogFileHelpers: Saving map 'Lighting_Lesson' took 0.411
[2015.11.03-01.00.17:336][466]LogEditorViewport: Clicking on Actor (LMB): PointLight (PointLight)
[2015.11.03-01.00.22:492][827]LogSavePackage: Save=211.085068ms
[2015.11.03-01.00.22:492][827]LogSavePackage: Moving '../../../../../../projects/UE4Study/Saved/Lighting_Lesson8F554E504ECD39D7C181CF97548E611E.tmp' to '../../../../../../projects/UE4Study/Content/StarterContent/Maps/Lighting_Lesson.umap'
[2015.11.03-01.00.22:498][827]LogSavePackage: Total save time: 230.721168ms
[2015.11.03-01.00.22:498][827]LogSavePackage:Warning: Finished SavePackage ../../../../../../projects/UE4Study/Content/StarterContent/Maps/Lighting_Lesson.umap
[2015.11.03-01.00.22:560][827]LogFileHelpers: Saving map 'Lighting_Lesson' took 0.398
[2015.11.03-01.00.28:969][447]LogSavePackage: Save=222.123047ms
[2015.11.03-01.00.28:969][447]LogSavePackage: Moving '../../../../../../projects/UE4Study/Saved/Lighting_Lesson738CBBBB45E104A244126580D933122D.tmp' to '../../../../../../projects/UE4Study/Content/StarterContent/Maps/Lighting_Lesson.umap'
[2015.11.03-01.00.28:975][447]LogSavePackage: Total save time: 244.089842ms
[2015.11.03-01.00.28:975][447]LogSavePackage:Warning: Finished SavePackage ../../../../../../projects/UE4Study/Content/StarterContent/Maps/Lighting_Lesson.umap
[2015.11.03-01.00.29:014][447]LogFileHelpers: Saving map 'Lighting_Lesson' took 0.382
[2015.11.03-01.00.34:780][844]LogSavePackage: Save=215.566376ms
[2015.11.03-01.00.34:780][844]LogSavePackage: Moving '../../../../../../projects/UE4Study/Saved/Lighting_Lesson93DF4B86494FDCD55AEB00AD0A959B76.tmp' to '../../../../../../projects/UE4Study/Content/StarterContent/Maps/Lighting_Lesson.umap'
[2015.11.03-01.00.34:786][844]LogSavePackage: Total save time: 238.568205ms
[2015.11.03-01.00.34:786][844]LogSavePackage:Warning: Finished SavePackage ../../../../../../projects/UE4Study/Content/StarterContent/Maps/Lighting_Lesson.umap
[2015.11.03-01.00.34:854][844]LogFileHelpers: Saving map 'Lighting_Lesson' took 0.406
[2015.11.03-01.00.42:360][361]LogWindowsTextInputMethodSystem:Display: IME system now activated using TSF (搜狗拼音输入法).
[2015.11.03-01.00.42:666][362]Cmd: QUIT_EDITOR
[2015.11.03-01.00.42:986][362]LogExit: Preparing to exit.
[2015.11.03-01.00.43:861][362]LogExit: Editor shut down
[2015.11.03-01.00.43:861][362]LogExit: Transaction tracking system shut down
[2015.11.03-01.00.43:862][362]LogParticles: Destroying 0 GPU particle simulations for FXSystem 0x00000004181542C0
[2015.11.03-01.00.43:863][362]LogParticles: Destroying 0 GPU particle simulations for FXSystem 0x0000000413A5B6A0
[2015.11.03-01.00.43:864][362]LogParticles: Destroying 0 GPU particle simulations for FXSystem 0x000000047BDAF880
[2015.11.03-01.00.43:864][362]LogParticles: Destroying 0 GPU particle simulations for FXSystem 0x000000047D1822A0
[2015.11.03-01.00.44:025][362]LogExit: Object subsystem successfully closed.
[2015.11.03-01.00.44:047][362]LogD3D11RHI: Shutdown
[2015.11.03-01.00.44:047][362]LogD3D11RHI: CleanupD3DDevice
[2015.11.03-01.00.44:104][362]LogD3D11RHI: ~FD3D11DynamicRHI
[2015.11.03-01.00.44:124][362]LogModuleManager: Shutting down and abandoning module WidgetCarousel (197)
[2015.11.03-01.00.44:124][362]LogModuleManager: Shutting down and abandoning module AddContentDialog (196)
[2015.11.03-01.00.44:125][362]LogModuleManager: Shutting down and abandoning module EditorWidgets (195)
[2015.11.03-01.00.44:125][362]LogModuleManager: Shutting down and abandoning module CollectionManager (194)
[2015.11.03-01.00.44:125][362]LogModuleManager: Shutting down and abandoning module CrashTracker (193)
[2015.11.03-01.00.44:125][362]LogModuleManager: Shutting down and abandoning module SuperSearch (192)
[2015.11.03-01.00.44:125][362]LogModuleManager: Shutting down and abandoning module SceneOutliner (191)
[2015.11.03-01.00.44:125][362]LogModuleManager: Shutting down and abandoning module StatsViewer (190)
[2015.11.03-01.00.44:125][362]LogModuleManager: Shutting down and abandoning module FoliageEdit (189)
[2015.11.03-01.00.44:125][362]LogModuleManager: Shutting down and abandoning module LandscapeEditor (188)
[2015.11.03-01.00.44:125][362]LogModuleManager: Shutting down and abandoning module ActorPickerMode (187)
[2015.11.03-01.00.44:125][362]LogModuleManager: Shutting down and abandoning module GeometryMode (186)
[2015.11.03-01.00.44:125][362]LogModuleManager: Shutting down and abandoning module TextureAlignMode (185)
[2015.11.03-01.00.44:125][362]LogModuleManager: Shutting down and abandoning module BspMode (184)
[2015.11.03-01.00.44:125][362]LogModuleManager: Shutting down and abandoning module PlacementMode (183)
[2015.11.03-01.00.44:125][362]LogModuleManager: Shutting down and abandoning module AutomationWorker (182)
[2015.11.03-01.00.44:125][362]LogModuleManager: Shutting down and abandoning module CharacterAI (181)
[2015.11.03-01.00.44:125][362]LogModuleManager: Shutting down and abandoning module SmartSnapping (180)
[2015.11.03-01.00.44:125][362]LogModuleManager: Shutting down and abandoning module ViewportSnapping (179)
[2015.11.03-01.00.44:125][362]LogModuleManager: Shutting down and abandoning module LogVisualizer (178)
[2015.11.03-01.00.44:126][362]LogModuleManager: Shutting down and abandoning module GameProjectGeneration (177)
[2015.11.03-01.00.44:126][362]LogModuleManager: Shutting down and abandoning module IntroTutorials (176)
[2015.11.03-01.00.44:126][362]LogModuleManager: Shutting down and abandoning module EditorLiveStreaming (175)
[2015.11.03-01.00.44:126][362]LogModuleManager: Shutting down and abandoning module IOSPlatformEditor (174)
[2015.11.03-01.00.44:126][362]LogModuleManager: Shutting down and abandoning module HTML5PlatformEditor (173)
[2015.11.03-01.00.44:126][362]LogModuleManager: Shutting down and abandoning module AndroidDeviceDetection (172)
[2015.11.03-01.00.44:428][362]LogModuleManager: Shutting down and abandoning module AndroidPlatformEditor (171)
[2015.11.03-01.00.44:428][362]LogModuleManager: Shutting down and abandoning module IOSRuntimeSettings (170)
[2015.11.03-01.00.44:428][362]LogModuleManager: Shutting down and abandoning module AndroidRuntimeSettings (169)
[2015.11.03-01.00.44:428][362]LogModuleManager: Shutting down and abandoning module MergeActors (168)
[2015.11.03-01.00.44:428][362]LogModuleManager: Shutting down and abandoning module SizeMap (167)
[2015.11.03-01.00.44:428][362]LogModuleManager: Shutting down and abandoning module TreeMap (166)
[2015.11.03-01.00.44:428][362]LogModuleManager: Shutting down and abandoning module ReferenceViewer (165)
[2015.11.03-01.00.44:428][362]LogModuleManager: Shutting down and abandoning module LocalizationService (164)
[2015.11.03-01.00.44:428][362]LogModuleManager: Shutting down and abandoning module LocalizationDashboard (163)
[2015.11.03-01.00.44:428][362]LogModuleManager: Shutting down and abandoning module HardwareTargeting (162)
[2015.11.03-01.00.44:428][362]LogModuleManager: Shutting down and abandoning module DeviceProfileEditor (161)
[2015.11.03-01.00.44:428][362]LogModuleManager: Shutting down and abandoning module UndoHistory (160)
[2015.11.03-01.00.44:428][362]LogModuleManager: Shutting down and abandoning module GameplayTagsEditor (159)
[2015.11.03-01.00.44:428][362]LogModuleManager: Shutting down and abandoning module UserFeedback (158)
[2015.11.03-01.00.44:428][362]LogModuleManager: Shutting down and abandoning module XmlParser (157)
[2015.11.03-01.00.44:428][362]LogModuleManager: Shutting down and abandoning module Blutility (156)
[2015.11.03-01.00.44:428][362]LogModuleManager: Shutting down and abandoning module ProjectTargetPlatformEditor (155)
[2015.11.03-01.00.44:428][362]LogModuleManager: Shutting down and abandoning module ProjectSettingsViewer (154)
[2015.11.03-01.00.44:428][362]LogModuleManager: Shutting down and abandoning module InputBindingEditor (153)
[2015.11.03-01.00.44:429][362]LogModuleManager: Shutting down and abandoning module EditorSettingsViewer (152)
[2015.11.03-01.00.44:429][362]LogModuleManager: Shutting down and abandoning module SettingsEditor (151)
[2015.11.03-01.00.44:429][362]LogModuleManager: Shutting down and abandoning module ProjectLauncher (150)
[2015.11.03-01.00.44:429][362]LogModuleManager: Shutting down and abandoning module SessionFrontend (149)
[2015.11.03-01.00.44:429][362]LogModuleManager: Shutting down and abandoning module ProfilerClient (148)
[2015.11.03-01.00.44:429][362]LogModuleManager: Shutting down and abandoning module TargetDeviceServices (147)
[2015.11.03-01.00.44:429][362]LogModuleManager: Shutting down and abandoning module DeviceManager (146)
[2015.11.03-01.00.44:429][362]LogModuleManager: Shutting down and abandoning module AutomationController (145)
[2015.11.03-01.00.44:429][362]LogModuleManager: Shutting down and abandoning module AutomationWindow (144)
[2015.11.03-01.00.44:429][362]LogModuleManager: Shutting down and abandoning module Layers (143)
[2015.11.03-01.00.44:429][362]LogModuleManager: Shutting down and abandoning module ComponentVisualizers (142)
[2015.11.03-01.00.44:429][362]LogModuleManager: Shutting down and abandoning module DetailCustomizations (141)
[2015.11.03-01.00.44:429][362]LogModuleManager: Shutting down and abandoning module PackagesDialog (140)
[2015.11.03-01.00.44:429][362]LogModuleManager: Shutting down and abandoning module Persona (139)
[2015.11.03-01.00.44:429][362]LogModuleManager: Shutting down and abandoning module Kismet (138)
[2015.11.03-01.00.44:429][362]LogModuleManager: Shutting down and abandoning module GraphEditor (137)
[2015.11.03-01.00.44:429][362]LogModuleManager: Shutting down and abandoning module ClassViewer (136)
[2015.11.03-01.00.44:429][362]LogModuleManager: Shutting down and abandoning module Toolbox (135)
[2015.11.03-01.00.44:429][362]LogModuleManager: Shutting down and abandoning module ModuleUI (134)
[2015.11.03-01.00.44:429][362]LogModuleManager: Shutting down and abandoning module MovieSceneTools (133)
[2015.11.03-01.00.44:429][362]LogModuleManager: Shutting down and abandoning module OutputLog (132)
[2015.11.03-01.00.44:429][362]LogModuleManager: Shutting down and abandoning module GammaUI (131)
[2015.11.03-01.00.44:429][362]LogModuleManager: Shutting down and abandoning module Documentation (130)
[2015.11.03-01.00.44:429][362]LogModuleManager: Shutting down and abandoning module GameLiveStreaming (129)
[2015.11.03-01.00.44:429][362]LogModuleManager: Shutting down and abandoning module StreamingPauseRendering (128)
[2015.11.03-01.00.44:429][362]LogModuleManager: Shutting down and abandoning module AnalyticsET (127)
[2015.11.03-01.00.44:430][362]LogModuleManager: Shutting down and abandoning module Analytics (126)
[2015.11.03-01.00.44:430][362]LogModuleManager: Shutting down and abandoning module AITestSuite (125)
[2015.11.03-01.00.44:430][362]LogModuleManager: Shutting down and abandoning module GameplayDebugger (124)
[2015.11.03-01.00.44:430][362]LogModuleManager: Shutting down and abandoning module AIModule (123)
[2015.11.03-01.00.44:430][362]LogModuleManager: Shutting down and abandoning module ProfilerService (122)
[2015.11.03-01.00.44:605][362]LogModuleManager: Shutting down and abandoning module TaskGraph (121)
[2015.11.03-01.00.44:605][362]LogModuleManager: Shutting down and abandoning module SlateRemote (120)
[2015.11.03-01.00.44:605][362]LogModuleManager: Shutting down and abandoning module SteamVRController (119)
[2015.11.03-01.00.44:605][362]LogModuleManager: Shutting down and abandoning module SteamVR (118)
[2015.11.03-01.00.44:605][362]LogModuleManager: Shutting down and abandoning module ProceduralMeshComponent (117)
[2015.11.03-01.00.44:605][362]LogModuleManager: Shutting down and abandoning module OculusRift (116)
[2015.11.03-01.00.44:605][362]LogModuleManager: Shutting down and abandoning module OculusLibrary (115)
[2015.11.03-01.00.44:605][362]LogModuleManager: Shutting down and abandoning module LeapMotionController (114)
[2015.11.03-01.00.44:627][362]LogModuleManager: Shutting down and abandoning module CustomMeshComponent (113)
[2015.11.03-01.00.44:627][362]LogModuleManager: Shutting down and abandoning module CableComponent (112)
[2015.11.03-01.00.44:627][362]LogModuleManager: Shutting down and abandoning module ArchVisCharacter (111)
[2015.11.03-01.00.44:627][362]LogModuleManager: Shutting down and abandoning module MessagingDebugger (110)
[2015.11.03-01.00.44:627][362]LogModuleManager: Shutting down and abandoning module MediaPlayerEditor (109)
[2015.11.03-01.00.44:628][362]LogModuleManager: Shutting down and abandoning module HTML5Networking (108)
[2015.11.03-01.00.44:628][362]LogModuleManager: Shutting down and abandoning module SpeedTreeImporter (107)
[2015.11.03-01.00.44:628][362]LogModuleManager: Shutting down and abandoning module PluginBrowser (106)
[2015.11.03-01.00.44:628][362]LogModuleManager: Shutting down and abandoning module EpicSurvey (105)
[2015.11.03-01.00.44:628][362]LogModuleManager: Shutting down and abandoning module DesktopPlatform (104)
[2015.11.03-01.00.44:628][362]LogModuleManager: Shutting down and abandoning module VisualStudioSourceCodeAccess (103)
[2015.11.03-01.00.44:628][362]LogModuleManager: Shutting down and abandoning module UObjectPlugin (102)
[2015.11.03-01.00.44:628][362]LogModuleManager: Shutting down and abandoning module SubversionSourceControl (101)
[2015.11.03-01.00.44:628][362]LogModuleManager: Shutting down and abandoning module PerforceSourceControl (100)
[2015.11.03-01.00.44:628][362]LogModuleManager: Shutting down and abandoning module SourceControl (99)
[2015.11.03-01.00.44:628][362]LogModuleManager: Shutting down and abandoning module GitSourceControl (98)
[2015.11.03-01.00.44:628][362]LogModuleManager: Shutting down and abandoning module LightPropagationVolumeEditor (97)
[2015.11.03-01.00.44:628][362]LogModuleManager: Shutting down and abandoning module PaperTiledImporter (96)
[2015.11.03-01.00.44:628][362]LogModuleManager: Shutting down and abandoning module PaperSpriteSheetImporter (95)
[2015.11.03-01.00.44:628][362]LogModuleManager: Shutting down and abandoning module MeshPaint (94)
[2015.11.03-01.00.44:628][362]LogModuleManager: Shutting down and abandoning module SlateReflector (93)
[2015.11.03-01.00.44:628][362]LogModuleManager: Shutting down and abandoning module HotReload (92)
[2015.11.03-01.00.44:628][362]LogModuleManager: Shutting down and abandoning module MainFrame (91)
[2015.11.03-01.00.44:628][362]LogModuleManager: Shutting down and abandoning module LevelEditor (90)
[2015.11.03-01.00.44:629][362]LogModuleManager: Shutting down and abandoning module DirectoryWatcher (89)
[2015.11.03-01.00.44:630][362]LogModuleManager: Shutting down and abandoning module AssetRegistry (88)
[2015.11.03-01.00.44:727][362]LogModuleManager: Shutting down and abandoning module ContentBrowser (87)
[2015.11.03-01.00.44:728][362]LogModuleManager: Shutting down and abandoning module Paper2DEditor (86)
[2015.11.03-01.00.44:728][362]LogModuleManager: Shutting down and abandoning module UdpMessaging (85)
[2015.11.03-01.00.44:829][362]LogModuleManager: Shutting down and abandoning module LightPropagationVolumeRuntime (84)
[2015.11.03-01.00.44:829][362]LogModuleManager: Shutting down and abandoning module Paper2D (83)
[2015.11.03-01.00.44:829][362]LogModuleManager: Shutting down and abandoning module WindowsMoviePlayer (82)
[2015.11.03-01.00.44:832][362]LogModuleManager: Shutting down and abandoning module Media (81)
[2015.11.03-01.00.44:832][362]LogModuleManager: Shutting down and abandoning module WmfMedia (80)
[2015.11.03-01.00.44:832][362]LogModuleManager: Shutting down and abandoning module OnlineBlueprintSupport (79)
[2015.11.03-01.00.44:832][362]LogModuleManager: Shutting down and abandoning module GameplayTasksEditor (78)
[2015.11.03-01.00.44:832][362]LogModuleManager: Shutting down and abandoning module PropertyEditor (77)
[2015.11.03-01.00.44:832][362]LogModuleManager: Shutting down and abandoning module BehaviorTreeEditor (76)
[2015.11.03-01.00.44:832][362]LogModuleManager: Shutting down and abandoning module FunctionalTesting (75)
[2015.11.03-01.00.44:832][362]LogModuleManager: Shutting down and abandoning module CollisionAnalyzer (74)
[2015.11.03-01.00.44:832][362]LogModuleManager: Shutting down and abandoning module WorkspaceMenuStructure (73)
[2015.11.03-01.00.44:832][362]LogModuleManager: Shutting down and abandoning module MessageLog (72)
[2015.11.03-01.00.44:832][362]LogModuleManager: Shutting down and abandoning module Sequencer (71)
[2015.11.03-01.00.44:832][362]LogModuleManager: Shutting down and abandoning module AssetTools (70)
[2015.11.03-01.00.44:832][362]LogModuleManager: Shutting down and abandoning module UMGEditor (69)
[2015.11.03-01.00.44:832][362]LogModuleManager: Shutting down and abandoning module UMG (68)
[2015.11.03-01.00.44:832][362]LogModuleManager: Shutting down and abandoning module Slate (67)
[2015.11.03-01.00.44:832][362]LogModuleManager: Shutting down and abandoning module EditorStyle (66)
[2015.11.03-01.00.44:835][362]LogModuleManager: Shutting down and abandoning module SessionServices (65)
[2015.11.03-01.00.44:835][362]LogModuleManager: Shutting down and abandoning module SourceCodeAccess (64)
[2015.11.03-01.00.44:835][362]LogModuleManager: Shutting down and abandoning module HeadMountedDisplay (63)
[2015.11.03-01.00.44:835][362]LogModuleManager: Shutting down and abandoning module XAudio2 (62)
[2015.11.03-01.00.44:835][362]LogModuleManager: Shutting down and abandoning module Networking (60)
[2015.11.03-01.00.44:835][362]LogModuleManager: Shutting down and abandoning module Core (59)
[2015.11.03-01.00.44:835][362]LogModuleManager: Shutting down and abandoning module KismetCompiler (58)
[2015.11.03-01.00.44:835][362]LogModuleManager: Shutting down and abandoning module PhysXFormats (57)
[2015.11.03-01.00.44:835][362]LogModuleManager: Shutting down and abandoning module MeshUtilities (56)
[2015.11.03-01.00.44:835][362]LogModuleManager: Shutting down and abandoning module CookingStats (55)
[2015.11.03-01.00.44:836][362]LogModuleManager: Shutting down and abandoning module DerivedDataCache (54)
[2015.11.03-01.00.44:857][362]LogDerivedDataCache: Shutdown
[2015.11.03-01.00.44:857][362]LogModuleManager: Shutting down and abandoning module ShaderFormatOpenGL (53)
[2015.11.03-01.00.44:857][362]LogModuleManager: Shutting down and abandoning module ShaderFormatD3D (52)
[2015.11.03-01.00.44:857][362]LogModuleManager: Shutting down and abandoning module MetalShaderFormat (51)
[2015.11.03-01.00.44:857][362]LogModuleManager: Shutting down and abandoning module TextureFormatUncompressed (50)
[2015.11.03-01.00.44:857][362]LogModuleManager: Shutting down and abandoning module TextureFormatPVR (49)
[2015.11.03-01.00.44:857][362]LogModuleManager: Shutting down and abandoning module TextureFormatIntelISPCTexComp (48)
[2015.11.03-01.00.44:857][362]LogModuleManager: Shutting down and abandoning module TextureFormatDXT (47)
[2015.11.03-01.00.44:857][362]LogModuleManager: Shutting down and abandoning module ImageWrapper (46)
[2015.11.03-01.00.44:857][362]LogModuleManager: Shutting down and abandoning module TextureFormatASTC (45)
[2015.11.03-01.00.44:857][362]LogModuleManager: Shutting down and abandoning module TextureFormatAndroid (44)
[2015.11.03-01.00.44:857][362]LogModuleManager: Shutting down and abandoning module AudioFormatOpus (43)
[2015.11.03-01.00.44:857][362]LogModuleManager: Shutting down and abandoning module AudioFormatOgg (42)
[2015.11.03-01.00.44:857][362]LogModuleManager: Shutting down and abandoning module AudioFormatADPCM (41)
[2015.11.03-01.00.44:857][362]LogModuleManager: Shutting down and abandoning module LinuxTargetPlatform (40)
[2015.11.03-01.00.44:857][362]LogModuleManager: Shutting down and abandoning module LinuxServerTargetPlatform (39)
[2015.11.03-01.00.44:857][362]LogModuleManager: Shutting down and abandoning module LinuxNoEditorTargetPlatform (38)
[2015.11.03-01.00.44:857][362]LogModuleManager: Shutting down and abandoning module Messaging (37)
[2015.11.03-01.00.44:857][362]LogModuleManager: Shutting down and abandoning module IOSTargetPlatform (36)
[2015.11.03-01.00.44:858][362]LogModuleManager: Shutting down and abandoning module HTML5TargetPlatform (35)
[2015.11.03-01.00.44:858][362]LogModuleManager: Shutting down and abandoning module Android_PVRTCTargetPlatform (34)
[2015.11.03-01.00.44:858][362]LogModuleManager: Shutting down and abandoning module Android_ETC2TargetPlatform (33)
[2015.11.03-01.00.44:858][362]LogModuleManager: Shutting down and abandoning module Android_ETC1TargetPlatform (32)
[2015.11.03-01.00.44:858][362]LogModuleManager: Shutting down and abandoning module Android_DXTTargetPlatform (31)
[2015.11.03-01.00.44:858][362]LogModuleManager: Shutting down and abandoning module Android_ATCTargetPlatform (30)
[2015.11.03-01.00.44:858][362]LogModuleManager: Shutting down and abandoning module Android_ASTCTargetPlatform (29)
[2015.11.03-01.00.44:858][362]LogModuleManager: Shutting down and abandoning module AndroidTargetPlatform (28)
[2015.11.03-01.00.44:858][362]LogModuleManager: Shutting down and abandoning module WindowsTargetPlatform (27)
[2015.11.03-01.00.44:858][362]LogModuleManager: Shutting down and abandoning module WindowsServerTargetPlatform (26)
[2015.11.03-01.00.44:858][362]LogModuleManager: Shutting down and abandoning module WindowsNoEditorTargetPlatform (25)
[2015.11.03-01.00.44:858][362]LogModuleManager: Shutting down and abandoning module WindowsClientTargetPlatform (24)
[2015.11.03-01.00.44:858][362]LogModuleManager: Shutting down and abandoning module AllDesktopTargetPlatform (23)
[2015.11.03-01.00.44:858][362]LogModuleManager: Shutting down and abandoning module TargetPlatform (22)
[2015.11.03-01.00.44:858][362]LogModuleManager: Shutting down and abandoning module InputCore (21)
[2015.11.03-01.00.44:858][362]LogModuleManager: Shutting down and abandoning module Settings (20)
[2015.11.03-01.00.44:858][362]LogModuleManager: Shutting down and abandoning module OnlineSubsystem (18)
[2015.11.03-01.00.44:858][362]LogModuleManager: Shutting down and abandoning module HTTP (17)
[2015.11.03-01.00.46:361][362]LogModuleManager: Shutting down and abandoning module XMPP (16)
[2015.11.03-01.00.46:361][362]LogModuleManager: Shutting down and abandoning module ExampleDeviceProfileSelector (15)
[2015.11.03-01.00.46:361][362]LogModuleManager: Shutting down and abandoning module TextureCompressor (14)
[2015.11.03-01.00.46:361][362]LogModuleManager: Shutting down and abandoning module ShaderCore (13)
[2015.11.03-01.00.46:361][362]LogModuleManager: Shutting down and abandoning module Landscape (12)
[2015.11.03-01.00.46:361][362]LogModuleManager: Shutting down and abandoning module SlateRHIRenderer (11)
[2015.11.03-01.00.46:362][362]LogModuleManager: Shutting down and abandoning module OpenGLDrv (10)
[2015.11.03-01.00.46:362][362]LogModuleManager: Shutting down and abandoning module D3D11RHI (9)
[2015.11.03-01.00.46:362][362]LogModuleManager: Shutting down and abandoning module AnimGraphRuntime (8)
[2015.11.03-01.00.46:362][362]LogModuleManager: Shutting down and abandoning module Renderer (7)
[2015.11.03-01.00.46:362][362]LogModuleManager: Shutting down and abandoning module Engine (6)
[2015.11.03-01.00.46:362][362]LogModuleManager: Shutting down and abandoning module CoreUObject (5)
[2015.11.03-01.00.46:362][362]LogModuleManager: Shutting down and abandoning module NetworkFile (4)
[2015.11.03-01.00.46:362][362]LogModuleManager: Shutting down and abandoning module StreamingFile (3)
[2015.11.03-01.00.46:362][362]LogModuleManager: Shutting down and abandoning module SandboxFile (2)
[2015.11.03-01.00.46:362][362]LogModuleManager: Shutting down and abandoning module PakFile (1)
[2015.11.03-01.00.46:363][362]LogExit: Exiting.
[2015.11.03-01.00.46:383][362]Log file closed, 11/03/15 09:00:46
