[2015.10.27-07.59.59:251][  0]Log file open, 10/27/15 15:59:59
[2015.10.27-07.59.59:251][  0]LogInit:Display: Running engine for game: Introduction
[2015.10.27-07.59.59:251][  0]LogInit:Display: RandInit(-629004904) SRandInit(-629004904).
[2015.10.27-07.59.59:251][  0]LogTaskGraph: Started task graph with 4 named threads and 5 total threads.
[2015.10.27-07.59.59:251][  0]LogStats: Stats thread started at 0.071155
[2015.10.27-07.59.59:251][  0]LogInit: Version: 4.9.2-2707645+++depot+UE4-Releases+4.9
[2015.10.27-07.59.59:251][  0]LogInit: API Version: 2672455
[2015.10.27-07.59.59:251][  0]LogInit: Compiled (64-bit): Sep 28 2015 10:25:44
[2015.10.27-07.59.59:251][  0]LogInit: Compiled with Visual C++: 18.00.21005.01
[2015.10.27-07.59.59:251][  0]LogInit: Build Configuration: Development
[2015.10.27-07.59.59:251][  0]LogInit: Branch Name: ++depot+UE4-Releases+4.9
[2015.10.27-07.59.59:251][  0]LogInit: Command line: 
[2015.10.27-07.59.59:251][  0]LogInit: Base directory: E:/UE4/app/Epic Games/4.9/Engine/Binaries/Win64/
[2015.10.27-07.59.59:251][  0]LogInit: Rocket: 1
[2015.10.27-07.59.59:263][  0]LogInit: Using libcurl 7.41.0
[2015.10.27-07.59.59:263][  0]LogInit:  - built for x86_64-pc-win32
[2015.10.27-07.59.59:263][  0]LogInit:  - supports SSL with WinSSL
[2015.10.27-07.59.59:263][  0]LogInit:  - other features:
[2015.10.27-07.59.59:263][  0]LogInit:      CURL_VERSION_SSL
[2015.10.27-07.59.59:263][  0]LogInit:      CURL_VERSION_IPV6
[2015.10.27-07.59.59:263][  0]LogInit:      CURL_VERSION_ASYNCHDNS
[2015.10.27-07.59.59:263][  0]LogInit:      CURL_VERSION_LARGEFILE
[2015.10.27-07.59.59:263][  0]LogInit:      CURL_VERSION_IDN
[2015.10.27-07.59.59:263][  0]LogInit:  CurlRequestOptions (configurable via config and command line):
[2015.10.27-07.59.59:263][  0]LogInit:  - bVerifyPeer = true  - Libcurl will verify peer certificate
[2015.10.27-07.59.59:263][  0]LogInit:  - bUseHttpProxy = false  - Libcurl will NOT use HTTP proxy
[2015.10.27-07.59.59:263][  0]LogInit:  - bDontReuseConnections = false  - Libcurl will reuse connections
[2015.10.27-07.59.59:263][  0]LogInit:  - CertBundlePath = nullptr  - Libcurl will use whatever was configured at build time.
[2015.10.27-07.59.59:273][  0]LogInit: Presizing for 0 objects not considered by GC, pre-allocating 0 bytes.
[2015.10.27-07.59.59:283][  0]LogInit: Object subsystem initialized
[2015.10.27-07.59.59:285][  0]LogInit: Selected Device Profile: [Windows]
[2015.10.27-07.59.59:285][  0]LogInit: Applying CVar settings loaded from the selected device profile: [Windows]
[2015.10.27-07.59.59:296][  0]LogInit: Computer: ZH
[2015.10.27-07.59.59:296][  0]LogInit: User: zhouhui
[2015.10.27-07.59.59:296][  0]LogInit: CPU Page size=4096, Cores=2
[2015.10.27-07.59.59:296][  0]LogInit: High frequency timer resolution =3.215353 MHz
[2015.10.27-07.59.59:296][  0]LogMemory: Memory total: Physical=8.0GB (8GB approx)
[2015.10.27-07.59.59:296][  0]LogMemory: Platform Memory Stats for Windows
[2015.10.27-07.59.59:296][  0]LogMemory: Process Physical Memory: 54.20 MB used, 54.20 MB peak
[2015.10.27-07.59.59:296][  0]LogMemory: Process Virtual Memory: 57.24 MB used, 57.24 MB peak
[2015.10.27-07.59.59:296][  0]LogMemory: Physical Memory: 4812.30 MB used, 8162.07 MB total
[2015.10.27-07.59.59:296][  0]LogMemory: Virtual Memory: 365.06 MB used, 134217728.00 MB total
[2015.10.27-07.59.59:334][  0]LogTextLocalizationManager: No specific translations for ('en-GB') exist, so ('en') translations will be used.
[2015.10.27-08.00.00:389][  0]LogD3D11RHI: Found D3D11 adapter 0: NVIDIA GeForce GT 620 (Feature Level 11_0)
[2015.10.27-08.00.00:389][  0]LogD3D11RHI: Adapter has 973MB of dedicated video memory, 0MB of dedicated system memory, and 3071MB of shared system memory, 1 output[s]
[2015.10.27-08.00.00:392][  0]LogD3D11RHI: Found D3D11 adapter 1: Microsoft Basic Render Driver (Feature Level 11_0)
[2015.10.27-08.00.00:392][  0]LogD3D11RHI: Adapter has 0MB of dedicated video memory, 0MB of dedicated system memory, and 4081MB of shared system memory, 0 output[s]
[2015.10.27-08.00.00:392][  0]LogD3D11RHI: Chosen D3D11 Adapter Id = 0
[2015.10.27-08.00.00:397][  0]LogD3D11RHI: !Direct3DDevice
[2015.10.27-08.00.00:397][  0]LogRHI: Texture pool is 681 MB (70% of 973 MB)
[2015.10.27-08.00.00:410][  0]LogD3D11RHI: Async texture creation enabled
[2015.10.27-08.00.00:434][  0]LogShaderCompilers: Guid format shader working directory is 15 characters bigger than the processId version (../../../../../../projects/UE4Study/Intermediate/Shaders/WorkingDirectory/9988/).
[2015.10.27-08.00.00:434][  0]LogShaderCompilers: Cleaned the shader compiler working directory '../../../../../../projects/UE4Study/Intermediate/Shaders/tmp/A4FB17C94E31A1CF4FFD4CA892CE73B2/'.
[2015.10.27-08.00.00:434][  0]LogShaderCompilers:Display: Using Local Shader Compiler.
[2015.10.27-08.00.01:977][  0]LogTemp:Display: Loaded TP AllDesktopTargetPlatform
[2015.10.27-08.00.01:985][  0]LogTemp:Display: Loaded TP WindowsClientTargetPlatform
[2015.10.27-08.00.01:991][  0]LogTemp:Display: Loaded TP WindowsNoEditorTargetPlatform
[2015.10.27-08.00.01:997][  0]LogTemp:Display: Loaded TP WindowsServerTargetPlatform
[2015.10.27-08.00.02:004][  0]LogTemp:Display: Loaded TP WindowsTargetPlatform
[2015.10.27-08.00.02:008][  0]LogTemp:Display: Loaded TP AndroidTargetPlatform
[2015.10.27-08.00.02:012][  0]LogTemp:Display: Loaded TP Android_ASTCTargetPlatform
[2015.10.27-08.00.02:017][  0]LogTemp:Display: Loaded TP Android_ATCTargetPlatform
[2015.10.27-08.00.02:022][  0]LogTemp:Display: Loaded TP Android_DXTTargetPlatform
[2015.10.27-08.00.02:026][  0]LogTemp:Display: Loaded TP Android_ETC1TargetPlatform
[2015.10.27-08.00.02:031][  0]LogTemp:Display: Loaded TP Android_ETC2TargetPlatform
[2015.10.27-08.00.02:037][  0]LogTemp:Display: Loaded TP Android_PVRTCTargetPlatform
[2015.10.27-08.00.02:038][  0]LogTemp:Display: Loaded TP HTML5TargetPlatform
[2015.10.27-08.00.02:057][  0]LogTemp:Display: Loaded TP IOSTargetPlatform
[2015.10.27-08.00.02:061][  0]LogTemp:Display: Loaded TP LinuxNoEditorTargetPlatform
[2015.10.27-08.00.02:067][  0]LogTemp:Display: Loaded TP LinuxServerTargetPlatform
[2015.10.27-08.00.02:072][  0]LogTemp:Display: Loaded TP LinuxTargetPlatform
[2015.10.27-08.00.02:072][  0]LogTargetPlatformManager:Display: Building Assets For Windows
[2015.10.27-08.00.02:188][  0]LogDerivedDataCache:Display: Max Cache Size: 512 MB
[2015.10.27-08.00.02:245][  0]LogDerivedDataCache: Loaded boot cache 0.06s 41MB C:/Users/zhouhui/AppData/Local/UnrealEngine/4.9/DerivedDataCache/Boot.ddc.
[2015.10.27-08.00.02:245][  0]LogDerivedDataCache:Display: Loaded Boot cache: C:/Users/zhouhui/AppData/Local/UnrealEngine/4.9/DerivedDataCache/Boot.ddc
[2015.10.27-08.00.02:245][  0]LogDerivedDataCache: FDerivedDataBackendGraph:  Pak pak cache file ../../../../../../projects/UE4Study/DerivedDataCache/DDC.ddp not found, will not use a pak cache.
[2015.10.27-08.00.02:245][  0]LogDerivedDataCache: Unable to find inner node Pak for hierarchical cache Hierarchy.
[2015.10.27-08.00.02:245][  0]LogDerivedDataCache: FDerivedDataBackendGraph:  CompressedPak pak cache file ../../../../../../projects/UE4Study/DerivedDataCache/Compressed.ddp not found, will not use a pak cache.
[2015.10.27-08.00.02:245][  0]LogDerivedDataCache: Unable to find inner node CompressedPak for hierarchical cache Hierarchy.
[2015.10.27-08.00.02:434][  0]LogDerivedDataCache:Display: Pak cache opened for reading ../../../Engine/DerivedDataCache/Compressed.ddp.
[2015.10.27-08.00.02:448][  0]LogDerivedDataCache: Using Local data cache path C:/Users/zhouhui/AppData/Local/UnrealEngine/Common/DerivedDataCache: Writable
[2015.10.27-08.00.02:711][  0]LogInit: Selected Device Profile: [Windows]
[2015.10.27-08.00.02:714][  0]LogContentStreaming: Texture pool size is 0.000000MB
[2015.10.27-08.00.02:925][  0]LogMeshUtilities: No automatic mesh reduction module available
[2015.10.27-08.00.02:925][  0]LogMeshUtilities: No automatic mesh merging module available
[2015.10.27-08.00.03:251][  0]LogInit: WinSock: version 1.1 (2.2), MaxSocks=32767, MaxUdp=65467
[2015.10.27-08.00.04:097][  0]UdpMessaging: Initializing bridge on interface 0.0.0.0:0 to multicast group 230.0.0.1:6666.
[2015.10.27-08.00.04:204][  0]LogAssetRegistry: FAssetRegistry took 0.0115 seconds to start up
[2015.10.27-08.00.04:442][  0]SourceControl: Info Source control is disabled
[2015.10.27-08.00.04:588][  0]SourceControl: Info Source control is disabled
[2015.10.27-08.00.04:603][  0]SourceControl: Info Source control is disabled
[2015.10.27-08.00.04:616][  0]SourceControl: Info Source control is disabled
[2015.10.27-08.00.04:826][  0]LogLinker:Warning: Asset '../../../Engine/Plugins/Runtime/LeapMotionController/Content/LM_PassthroughMaterial.uasset' has been saved with empty engine version. The asset will be loaded but may be incompatible.
[2015.10.27-08.00.04:945][  0]LogObj: 28361 objects as part of root set at end of initial load.
[2015.10.27-08.00.04:945][  0]LogUObjectAllocator: 6038864 out of 0 bytes used by permanent object pool.
[2015.10.27-08.00.05:021][  0]LogEngine: Initializing Engine...
[2015.10.27-08.00.05:024][  0]LogHMD: Can't find Oculus library dev build: is proper Runtime installed? Version: 0.7.0.0
[2015.10.27-08.00.05:025][  0]LogHMD: SteamVR failed to initialize.  Err: 110
[2015.10.27-08.00.05:209][  0]LogAIModule: Creating AISystem for world NewWorld
[2015.10.27-08.00.05:217][  0]LogInit: XAudio2 using '扬声器 (Conexant HD Audio)' : 2 channels at 48 kHz using 32 bits per sample (channel mask 0x3)
[2015.10.27-08.00.05:260][  0]LogInit: FAudioDevice initialized.
[2015.10.27-08.00.05:288][  0]LogDerivedDataCache: Saved boot cache 0.03s 41MB C:/Users/zhouhui/AppData/Local/UnrealEngine/4.9/DerivedDataCache/Boot.ddc.
[2015.10.27-08.00.05:291][  0]LogInit: Texture streaming: Enabled
[2015.10.27-08.00.05:298][  0]LogAnalytics: Creating configured Analytics provider AnalyticsET
[2015.10.27-08.00.05:298][  0]LogAnalytics: [UEEditor.Rocket.Release] APIServer = http://et2.epicgames.com/ET2/. AppVersion = 4.9.2-2707645+++depot+UE4-Releases+4.9
[2015.10.27-08.00.05:298][  0]LogAnalytics: [UEEditor.Rocket.Release] SetUserId b6ebb264451e50e1159cad98c2cced92|b0673e94d52d486cbdf3580f32be2351|aa830f65-14fc-42d2-8598-ea137c4336f1
[2015.10.27-08.00.05:298][  0]LogAnalytics: [UEEditor.Rocket.Release] AnalyticsET::StartSession
[2015.10.27-08.00.05:316][  0]LogWindowsTextInputMethodSystem:Display: IME system now activated using TSF (搜狗拼音输入法).
[2015.10.27-08.00.05:364][  0]LogInit: Transaction tracking system initialized
[2015.10.27-08.00.05:409][  0]BlueprintLog: New page: Editor Load
[2015.10.27-08.00.05:542][  0]LocalizationService: Info Localization service is disabled
[2015.10.27-08.00.05:900][  0]LogConsoleResponse:Display: 
[2015.10.27-08.00.07:353][  0]LogFileCache: Scanning file cache for directory 'E:/UE4/projects/UE4Study/Content/' took 0.03s
[2015.10.27-08.00.07:353][  0]LogCook:Display: Done creating registry. It took  0.00s.
[2015.10.27-08.00.07:465][  0]SourceControl: Info Source control is disabled
[2015.10.27-08.00.07:466][  0]Cmd: MAP LOAD FILE="../../../../../../projects/UE4Study/Content/StarterContent/Maps/Minimal_Default.umap" TEMPLATE=0 SHOWPROGRESS=1 FEATURELEVEL=3
[2015.10.27-08.00.07:466][  0]LightingResults: New page: Lighting Build
[2015.10.27-08.00.07:470][  0]MapCheck: New page: Map Check
[2015.10.27-08.00.07:470][  0]LightingResults: New page: Lighting Build
[2015.10.27-08.00.07:491][  0]LogParticles: Destroying 0 GPU particle simulations for FXSystem 0x000000893132DC60
[2015.10.27-08.00.10:619][  0]LogAIModule: Creating AISystem for world Minimal_Default
[2015.10.27-08.00.11:345][  0]LogEditorServer: Finished looking for orphan Actors (0.000 secs)
[2015.10.27-08.00.11:458][  0]Cmd: MAP CHECKDEP NOCLEARLOG
[2015.10.27-08.00.11:534][  0]MapCheck: Info Map check complete: 0 Error(s), 0 Warning(s), took 76.118ms to complete.
[2015.10.27-08.00.11:534][  0]LogFileHelpers: Loading map 'Minimal_Default' took 4.069
[2015.10.27-08.00.21:691][  0]LogCrashTracker: Crashtracker disabled due to settings.
[2015.10.27-08.00.22:691][  0]LogUObjectGlobals:Warning: Failed to find object 'Class None.'
[2015.10.27-08.00.23:233][  0]LogLoad: Full Startup: 24.67 seconds (BP compile: 0.07 seconds)
[2015.10.27-08.00.24:983][  0]LogContentStreaming: Texture pool size now 200 MB
[2015.10.27-08.00.25:577][  0]LogRenderer: Reallocating scene render targets to support 860x744 (Frame:2).
[2015.10.27-08.00.27:055][  1]LogEditorViewport: Clicking on Actor (context menu): StaticMeshActor (Floor)
[2015.10.27-08.00.29:833][  6]LogAssetRegistry: Asset discovery search completed in 25.6412 seconds
[2015.10.27-08.00.29:839][  6]LogCollectionManager: Loaded 0 collections in 0.002428 seconds
[2015.10.27-08.00.29:899][  6]LogFileCache: Scanning file cache for directory 'E:/UE4/projects/UE4Study/Saved/Collections/' took 0.01s
[2015.10.27-08.00.29:899][  6]LogFileCache: Scanning file cache for directory 'E:/UE4/projects/UE4Study/Content/Developers/zhouhui/Collections/' took 0.01s
[2015.10.27-08.00.29:899][  6]LogFileCache: Scanning file cache for directory 'E:/UE4/projects/UE4Study/Content/Collections/' took 0.01s
[2015.10.27-08.00.29:899][  6]LogCollectionManager: Rebuilt the object cache for 0 collections in 0.000002 seconds (found 0 objects)
[2015.10.27-08.00.29:899][  6]LogCollectionManager: Fixed up redirectors for 0 collections in 0.000068 seconds (updated 0 objects)
[2015.10.27-08.21.18:040][706]LogContentBrowser: Native class hierarchy populated in 0.0241 seconds. Added 1868 classes and 335 folders.
[2015.10.27-08.21.24:432][825]Cmd: MAP LOAD FILE="../../../../../../projects/UE4Study/Content/StarterContent/Maps/My_ComplexRoom.umap" TEMPLATE=0 SHOWPROGRESS=1 FEATURELEVEL=3
[2015.10.27-08.21.24:452][825]LightingResults: New page: Lighting Build
[2015.10.27-08.21.24:472][825]LoadErrors: New page: Loading map: My_ComplexRoom.umap
[2015.10.27-08.21.24:539][825]MapCheck: New page: Map Check
[2015.10.27-08.21.24:539][825]LightingResults: New page: Lighting Build
[2015.10.27-08.21.24:560][825]LogParticles: Destroying 0 GPU particle simulations for FXSystem 0x0000008920A0F420
[2015.10.27-08.21.25:806][825]LogTexture:Display: Building textures: HQ_Lightmap1_1 (AutoDXT)
[2015.10.27-08.21.26:845][825]LogTexture:Display: Building textures: LQ_Lightmap_1_1 (DXT1)
[2015.10.27-08.21.27:506][825]LogAIModule: Creating AISystem for world My_ComplexRoom
[2015.10.27-08.21.27:762][825]LogEditorServer: Finished looking for orphan Actors (0.000 secs)
[2015.10.27-08.21.27:808][825]Cmd: MAP CHECKDEP NOCLEARLOG
[2015.10.27-08.21.27:887][825]MapCheck: Info Map check complete: 0 Error(s), 0 Warning(s), took 78.018ms to complete.
[2015.10.27-08.21.27:887][825]LogFileHelpers: Loading map 'My_ComplexRoom' took 3.455
[2015.10.27-08.21.45:555][388]LogSavePackage: Save=511.109680ms
[2015.10.27-08.21.45:555][388]LogSavePackage: Moving '../../../../../../projects/UE4Study/Saved/My_ComplexRoom7EB0B3BB48991A2ADD401990D1D31EB1.tmp' to '../../../../../../projects/UE4Study/Content/StarterContent/Maps/My_ComplexRoom.umap'
[2015.10.27-08.21.45:605][388]LogSavePackage: Total save time: 587.222926ms
[2015.10.27-08.21.45:605][388]LogSavePackage:Warning: Finished SavePackage ../../../../../../projects/UE4Study/Content/StarterContent/Maps/My_ComplexRoom.umap
[2015.10.27-08.21.45:641][388]LogFileHelpers: Saving map 'My_ComplexRoom' took 0.749
[2015.10.27-08.21.57:559][810]LogEditorViewport: Clicking on Actor (LMB): StaticMeshActor (SM_Floor)
[2015.10.27-08.22.04:006][954]LogTexture:Display: Building textures: Texture2D_2 (G8)
[2015.10.27-08.22.19:810][388]Cmd: TRANSACTION UNDO
[2015.10.27-08.22.19:822][388]LogEditorTransaction: Undo Move Actors
[2015.10.27-08.22.24:349][538]LogEditorViewport: Clicking Background
[2015.10.27-08.22.31:910][747]Cmd: TRANSACTION UNDO
[2015.10.27-08.22.31:910][747]LogEditorTransaction: Undo Clicking on Actors
[2015.10.27-08.22.32:403][768]Cmd: TRANSACTION UNDO
[2015.10.27-08.22.32:403][768]LogEditorTransaction: Undo Clicking Background
[2015.10.27-08.22.32:941][796]Cmd: TRANSACTION UNDO
[2015.10.27-08.22.32:941][796]LogEditorTransaction: Undo Clicking on Actors
[2015.10.27-08.22.33:420][810]Cmd: TRANSACTION UNDO
[2015.10.27-08.22.33:420][810]LogEditorTransaction: Undo Clicking on Actors
[2015.10.27-08.22.56:943][466]LogEditorViewport: Clicking Background
[2015.10.27-08.23.50:402][939]LogTexture:Display: Building textures: Texture2D_3 (BGRA8)
[2015.10.27-08.23.50:506][940]Cmd: UpdateLandscapeEditorData
[2015.10.27-08.26.13:020][388]Cmd: TRANSACTION UNDO
[2015.10.27-08.26.13:020][388]LogEditorTransaction: Undo Landscape Editing: Sculpt
[2015.10.27-08.26.13:064][388]LogTexture:Display: Building textures: Texture2D_3 (BGRA8)
[2015.10.27-08.26.13:386][402]Cmd: TRANSACTION UNDO
[2015.10.27-08.26.13:386][402]LogEditorTransaction: Undo Landscape Editing: Sculpt
[2015.10.27-08.26.13:405][402]LogTexture:Display: Building textures: Texture2D_3 (BGRA8)
[2015.10.27-08.26.13:841][424]Cmd: TRANSACTION UNDO
[2015.10.27-08.26.13:841][424]LogEditorTransaction: Undo Landscape Editing: Sculpt
[2015.10.27-08.26.17:584][518]Cmd: TRANSACTION UNDO
[2015.10.27-08.26.17:584][518]LogEditorTransaction: Undo Landscape Editing: Sculpt
[2015.10.27-08.26.24:299][708]Cmd: TRANSACTION UNDO
[2015.10.27-08.26.24:299][708]LogEditorTransaction: Undo Landscape Editing: Sculpt
[2015.10.27-08.26.26:846][797]Cmd: TRANSACTION UNDO
[2015.10.27-08.26.26:846][797]LogEditorTransaction: Undo Landscape Editing: Sculpt
[2015.10.27-08.29.04:898][843]Cmd: TRANSACTION UNDO
[2015.10.27-08.29.04:898][843]LogEditorTransaction: Undo Edit Tool Strength
[2015.10.27-08.29.06:620][914]Cmd: TRANSACTION UNDO
[2015.10.27-08.29.06:621][914]LogEditorTransaction: Undo Creating New Landscape
[2015.10.27-08.29.06:731][915]Cmd: UpdateLandscapeEditorData
[2015.10.27-08.29.08:674][970]Cmd: TRANSACTION UNDO
[2015.10.27-08.29.08:674][970]LogEditorTransaction: Undo Edit Z
[2015.10.27-08.29.09:274][986]Cmd: TRANSACTION UNDO
[2015.10.27-08.29.09:274][986]LogEditorTransaction: Undo Edit Z
[2015.10.27-08.29.20:649][282]LogSavePackage: Save=366.663940ms
[2015.10.27-08.29.20:649][282]LogSavePackage: Moving '../../../../../../projects/UE4Study/Saved/My_ComplexRoomDD7F21854550F6C85FD19990B1AC78A6.tmp' to '../../../../../../projects/UE4Study/Content/StarterContent/Maps/My_ComplexRoom.umap'
[2015.10.27-08.29.20:656][282]LogSavePackage: Total save time: 386.414494ms
[2015.10.27-08.29.20:656][282]LogSavePackage:Warning: Finished SavePackage ../../../../../../projects/UE4Study/Content/StarterContent/Maps/My_ComplexRoom.umap
[2015.10.27-08.29.20:687][282]LogFileHelpers: Saving map 'My_ComplexRoom' took 0.524
[2015.10.27-08.29.22:372][328]LogTexture:Display: Building textures: Texture2D_4 (G8)
[2015.10.27-08.30.02:393][426]LogTexture:Display: Building textures: Texture2D_5 (BGRA8)
[2015.10.27-08.30.02:452][427]Cmd: UpdateLandscapeEditorData
[2015.10.27-08.33.09:647][ 50]Cmd: TRANSACTION UNDO
[2015.10.27-08.33.09:647][ 50]LogEditorTransaction: Undo Landscape Editing: Sculpt
[2015.10.27-08.33.09:688][ 50]LogTexture:Display: Building textures: Texture2D_5 (BGRA8)
[2015.10.27-08.33.10:097][ 69]Cmd: TRANSACTION UNDO
[2015.10.27-08.33.10:097][ 69]LogEditorTransaction: Undo Landscape Editing: Sculpt
[2015.10.27-08.33.10:122][ 69]LogTexture:Display: Building textures: Texture2D_5 (BGRA8)
[2015.10.27-08.36.15:002][659]Cmd: TRANSACTION UNDO
[2015.10.27-08.36.15:002][659]LogEditorTransaction: Undo Landscape Editing: Sculpt
[2015.10.27-08.36.15:046][659]LogTexture:Display: Building textures: Texture2D_5 (BGRA8)
[2015.10.27-08.36.15:285][669]Cmd: TRANSACTION UNDO
[2015.10.27-08.36.15:285][669]LogEditorTransaction: Undo Landscape Editing: Sculpt
[2015.10.27-08.36.15:306][669]LogTexture:Display: Building textures: Texture2D_5 (BGRA8)
[2015.10.27-08.36.33:096][132]Cmd: TRANSACTION UNDO
[2015.10.27-08.36.33:096][132]LogEditorTransaction: Undo Landscape Editing: Sculpt
[2015.10.27-08.36.33:138][132]LogTexture:Display: Building textures: Texture2D_5 (BGRA8)
[2015.10.27-08.37.40:545][836]Cmd: TRANSACTION UNDO
[2015.10.27-08.37.40:545][836]LogEditorTransaction: Undo Landscape Editing: Sculpt
[2015.10.27-08.37.40:583][836]LogTexture:Display: Building textures: Texture2D_5 (BGRA8)
[2015.10.27-08.37.44:975][971]Cmd: TRANSACTION UNDO
[2015.10.27-08.37.44:975][971]LogEditorTransaction: Undo Landscape Editing: Sculpt
[2015.10.27-08.37.49:036][ 94]Cmd: TRANSACTION UNDO
[2015.10.27-08.37.49:036][ 94]LogEditorTransaction: Undo Landscape Editing: Sculpt
[2015.10.27-08.39.30:053][ 79]LogTexture:Display: Building textures: Texture2D_5 (BGRA8)
[2015.10.27-08.39.31:316][ 79]LogSavePackage: Save=1268.608154ms
[2015.10.27-08.39.31:316][ 79]LogSavePackage: Moving '../../../../../../projects/UE4Study/Saved/My_ComplexRoom_Auto1941E57BA49EBFF52088AC28FEEE4A17E.tmp' to '../../../../../../projects/UE4Study/Saved/Autosaves/Game/StarterContent/Maps/My_ComplexRoom_Auto1.umap'
[2015.10.27-08.39.31:321][ 79]LogSavePackage: Total save time: 1287.572470ms
[2015.10.27-08.39.31:321][ 79]LogSavePackage:Warning: Finished SavePackage ../../../../../../projects/UE4Study/Saved/Autosaves/Game/StarterContent/Maps/My_ComplexRoom_Auto1.umap
[2015.10.27-08.39.31:324][ 79]LogFileHelpers: Editor autosave (incl. sublevels) for '/Game/StarterContent/Maps/My_ComplexRoom' took 1.331
[2015.10.27-08.39.31:324][ 79]LogFileHelpers: Editor autosave (incl. sublevels) for all levels took 1.331
[2015.10.27-08.39.31:342][ 80]Cmd: UpdateLandscapeEditorData
[2015.10.27-08.43.09:333][610]LogTexture:Display: Building textures: Texture2D_5 (BGRA8)
[2015.10.27-08.43.09:902][610]LogSavePackage: Save=574.403503ms
[2015.10.27-08.43.09:902][610]LogSavePackage: Moving '../../../../../../projects/UE4Study/Saved/My_ComplexRoom388387754E4D210AC157E9899AB3E704.tmp' to '../../../../../../projects/UE4Study/Content/StarterContent/Maps/My_ComplexRoom.umap'
[2015.10.27-08.43.09:907][610]LogSavePackage: Total save time: 587.186538ms
[2015.10.27-08.43.09:907][610]LogSavePackage:Warning: Finished SavePackage ../../../../../../projects/UE4Study/Content/StarterContent/Maps/My_ComplexRoom.umap
[2015.10.27-08.43.09:949][610]LogFileHelpers: Saving map 'My_ComplexRoom' took 0.738
[2015.10.27-08.46.49:188][718]LogCollectionManager: Rebuilt the GUID cache for 0 collections in 0.000002 seconds
[2015.10.27-08.46.49:296][718]LogContentBrowser: Native class hierarchy updated for 'WidgetCarousel' in 0.0006 seconds. Added 0 classes and 0 folders.
[2015.10.27-08.46.49:840][718]LogContentBrowser: Native class hierarchy updated for 'AddContentDialog' in 0.0004 seconds. Added 0 classes and 0 folders.
[2015.10.27-08.47.04:498][538]LogMaterial: 0.001749 seconds spent updating 1 materials, 1 interfaces, 0 instances, 0 with static permutations.
[2015.10.27-08.47.04:526][539]Cmd: UpdateLandscapeEditorData
[2015.10.27-08.47.04:527][539]Cmd: UpdateLandscapeMIC
[2015.10.27-08.47.09:153][649]LogHttp:Warning: Timeout processing Http request. 00000089390F7100
[2015.10.27-08.53.27:237][710]LogTexture:Display: Building textures: Texture2D_5 (BGRA8)
[2015.10.27-08.53.27:823][710]LogSavePackage: Save=591.168701ms
[2015.10.27-08.53.27:823][710]LogSavePackage: Moving '../../../../../../projects/UE4Study/Saved/My_ComplexRoom3541ADB34EBFD199026DD09B684C4871.tmp' to '../../../../../../projects/UE4Study/Content/StarterContent/Maps/My_ComplexRoom.umap'
[2015.10.27-08.53.27:829][710]LogSavePackage: Total save time: 611.235220ms
[2015.10.27-08.53.27:829][710]LogSavePackage:Warning: Finished SavePackage ../../../../../../projects/UE4Study/Content/StarterContent/Maps/My_ComplexRoom.umap
[2015.10.27-08.53.27:865][710]LogFileHelpers: Saving map 'My_ComplexRoom' took 0.756
[2015.10.27-08.54.24:768][164]LogTexture:Display: Building textures: Texture2D_5 (BGRA8)
[2015.10.27-08.54.25:302][164]LogSavePackage: Save=539.284485ms
[2015.10.27-08.54.25:302][164]LogSavePackage: Moving '../../../../../../projects/UE4Study/Saved/My_ComplexRoom060CCCE746E177E86C4208BF383676BA.tmp' to '../../../../../../projects/UE4Study/Content/StarterContent/Maps/My_ComplexRoom.umap'
[2015.10.27-08.54.25:307][164]LogSavePackage: Total save time: 553.804200ms
[2015.10.27-08.54.25:307][164]LogSavePackage:Warning: Finished SavePackage ../../../../../../projects/UE4Study/Content/StarterContent/Maps/My_ComplexRoom.umap
[2015.10.27-08.54.25:341][164]LogFileHelpers: Saving map 'My_ComplexRoom' took 0.690
[2015.10.27-08.54.37:702][447]LogWindowsTextInputMethodSystem:Display: IME system now activated using TSF (搜狗拼音输入法).
[2015.10.27-08.54.38:088][448]Cmd: QUIT_EDITOR
[2015.10.27-08.54.38:441][448]LogExit: Preparing to exit.
[2015.10.27-08.54.39:510][448]LogExit: Editor shut down
[2015.10.27-08.54.39:512][448]LogExit: Transaction tracking system shut down
[2015.10.27-08.54.39:515][448]LogParticles: Destroying 0 GPU particle simulations for FXSystem 0x000000892005CD60
[2015.10.27-08.54.39:517][448]LogParticles: Destroying 0 GPU particle simulations for FXSystem 0x000000893A0C8C20
[2015.10.27-08.54.39:730][448]LogParticles: Destroying 0 GPU particle simulations for FXSystem 0x0000008941706D40
[2015.10.27-08.54.39:730][448]LogParticles: Destroying 0 GPU particle simulations for FXSystem 0x000000893E80E0C0
[2015.10.27-08.54.39:730][448]LogExit: Object subsystem successfully closed.
[2015.10.27-08.54.39:757][448]LogD3D11RHI: Shutdown
[2015.10.27-08.54.39:757][448]LogD3D11RHI: CleanupD3DDevice
[2015.10.27-08.54.39:846][448]LogD3D11RHI: ~FD3D11DynamicRHI
[2015.10.27-08.54.39:869][448]LogModuleManager: Shutting down and abandoning module WidgetCarousel (197)
[2015.10.27-08.54.39:869][448]LogModuleManager: Shutting down and abandoning module AddContentDialog (196)
[2015.10.27-08.54.39:878][448]LogModuleManager: Shutting down and abandoning module CollectionManager (195)
[2015.10.27-08.54.39:878][448]LogModuleManager: Shutting down and abandoning module EditorWidgets (194)
[2015.10.27-08.54.39:878][448]LogModuleManager: Shutting down and abandoning module CrashTracker (193)
[2015.10.27-08.54.39:878][448]LogModuleManager: Shutting down and abandoning module SuperSearch (192)
[2015.10.27-08.54.39:878][448]LogModuleManager: Shutting down and abandoning module SceneOutliner (191)
[2015.10.27-08.54.39:878][448]LogModuleManager: Shutting down and abandoning module StatsViewer (190)
[2015.10.27-08.54.39:878][448]LogModuleManager: Shutting down and abandoning module FoliageEdit (189)
[2015.10.27-08.54.39:878][448]LogModuleManager: Shutting down and abandoning module LandscapeEditor (188)
[2015.10.27-08.54.39:878][448]LogModuleManager: Shutting down and abandoning module ActorPickerMode (187)
[2015.10.27-08.54.39:878][448]LogModuleManager: Shutting down and abandoning module GeometryMode (186)
[2015.10.27-08.54.39:878][448]LogModuleManager: Shutting down and abandoning module TextureAlignMode (185)
[2015.10.27-08.54.39:878][448]LogModuleManager: Shutting down and abandoning module BspMode (184)
[2015.10.27-08.54.39:878][448]LogModuleManager: Shutting down and abandoning module PlacementMode (183)
[2015.10.27-08.54.39:878][448]LogModuleManager: Shutting down and abandoning module AutomationWorker (182)
[2015.10.27-08.54.39:878][448]LogModuleManager: Shutting down and abandoning module CharacterAI (181)
[2015.10.27-08.54.39:878][448]LogModuleManager: Shutting down and abandoning module SmartSnapping (180)
[2015.10.27-08.54.39:878][448]LogModuleManager: Shutting down and abandoning module ViewportSnapping (179)
[2015.10.27-08.54.39:878][448]LogModuleManager: Shutting down and abandoning module LogVisualizer (178)
[2015.10.27-08.54.39:879][448]LogModuleManager: Shutting down and abandoning module GameProjectGeneration (177)
[2015.10.27-08.54.39:879][448]LogModuleManager: Shutting down and abandoning module IntroTutorials (176)
[2015.10.27-08.54.39:879][448]LogModuleManager: Shutting down and abandoning module EditorLiveStreaming (175)
[2015.10.27-08.54.39:879][448]LogModuleManager: Shutting down and abandoning module IOSPlatformEditor (174)
[2015.10.27-08.54.39:879][448]LogModuleManager: Shutting down and abandoning module HTML5PlatformEditor (173)
[2015.10.27-08.54.39:879][448]LogModuleManager: Shutting down and abandoning module AndroidDeviceDetection (172)
[2015.10.27-08.54.40:817][448]LogModuleManager: Shutting down and abandoning module AndroidPlatformEditor (171)
[2015.10.27-08.54.40:817][448]LogModuleManager: Shutting down and abandoning module IOSRuntimeSettings (170)
[2015.10.27-08.54.40:817][448]LogModuleManager: Shutting down and abandoning module AndroidRuntimeSettings (169)
[2015.10.27-08.54.40:817][448]LogModuleManager: Shutting down and abandoning module MergeActors (168)
[2015.10.27-08.54.40:817][448]LogModuleManager: Shutting down and abandoning module SizeMap (167)
[2015.10.27-08.54.40:817][448]LogModuleManager: Shutting down and abandoning module TreeMap (166)
[2015.10.27-08.54.40:817][448]LogModuleManager: Shutting down and abandoning module ReferenceViewer (165)
[2015.10.27-08.54.40:817][448]LogModuleManager: Shutting down and abandoning module LocalizationService (164)
[2015.10.27-08.54.40:817][448]LogModuleManager: Shutting down and abandoning module LocalizationDashboard (163)
[2015.10.27-08.54.40:817][448]LogModuleManager: Shutting down and abandoning module HardwareTargeting (162)
[2015.10.27-08.54.40:817][448]LogModuleManager: Shutting down and abandoning module DeviceProfileEditor (161)
[2015.10.27-08.54.40:817][448]LogModuleManager: Shutting down and abandoning module UndoHistory (160)
[2015.10.27-08.54.40:817][448]LogModuleManager: Shutting down and abandoning module GameplayTagsEditor (159)
[2015.10.27-08.54.40:817][448]LogModuleManager: Shutting down and abandoning module UserFeedback (158)
[2015.10.27-08.54.40:817][448]LogModuleManager: Shutting down and abandoning module XmlParser (157)
[2015.10.27-08.54.40:817][448]LogModuleManager: Shutting down and abandoning module Blutility (156)
[2015.10.27-08.54.40:817][448]LogModuleManager: Shutting down and abandoning module ProjectTargetPlatformEditor (155)
[2015.10.27-08.54.40:818][448]LogModuleManager: Shutting down and abandoning module ProjectSettingsViewer (154)
[2015.10.27-08.54.40:818][448]LogModuleManager: Shutting down and abandoning module InputBindingEditor (153)
[2015.10.27-08.54.40:818][448]LogModuleManager: Shutting down and abandoning module EditorSettingsViewer (152)
[2015.10.27-08.54.40:818][448]LogModuleManager: Shutting down and abandoning module SettingsEditor (151)
[2015.10.27-08.54.40:818][448]LogModuleManager: Shutting down and abandoning module ProjectLauncher (150)
[2015.10.27-08.54.40:818][448]LogModuleManager: Shutting down and abandoning module SessionFrontend (149)
[2015.10.27-08.54.40:818][448]LogModuleManager: Shutting down and abandoning module ProfilerClient (148)
[2015.10.27-08.54.40:818][448]LogModuleManager: Shutting down and abandoning module TargetDeviceServices (147)
[2015.10.27-08.54.40:818][448]LogModuleManager: Shutting down and abandoning module DeviceManager (146)
[2015.10.27-08.54.40:818][448]LogModuleManager: Shutting down and abandoning module AutomationController (145)
[2015.10.27-08.54.40:818][448]LogModuleManager: Shutting down and abandoning module AutomationWindow (144)
[2015.10.27-08.54.40:818][448]LogModuleManager: Shutting down and abandoning module Layers (143)
[2015.10.27-08.54.40:819][448]LogModuleManager: Shutting down and abandoning module ComponentVisualizers (142)
[2015.10.27-08.54.40:819][448]LogModuleManager: Shutting down and abandoning module DetailCustomizations (141)
[2015.10.27-08.54.40:819][448]LogModuleManager: Shutting down and abandoning module PackagesDialog (140)
[2015.10.27-08.54.40:819][448]LogModuleManager: Shutting down and abandoning module Persona (139)
[2015.10.27-08.54.40:819][448]LogModuleManager: Shutting down and abandoning module Kismet (138)
[2015.10.27-08.54.40:819][448]LogModuleManager: Shutting down and abandoning module GraphEditor (137)
[2015.10.27-08.54.40:819][448]LogModuleManager: Shutting down and abandoning module ClassViewer (136)
[2015.10.27-08.54.40:819][448]LogModuleManager: Shutting down and abandoning module Toolbox (135)
[2015.10.27-08.54.40:819][448]LogModuleManager: Shutting down and abandoning module ModuleUI (134)
[2015.10.27-08.54.40:819][448]LogModuleManager: Shutting down and abandoning module MovieSceneTools (133)
[2015.10.27-08.54.40:819][448]LogModuleManager: Shutting down and abandoning module OutputLog (132)
[2015.10.27-08.54.40:819][448]LogModuleManager: Shutting down and abandoning module GammaUI (131)
[2015.10.27-08.54.40:819][448]LogModuleManager: Shutting down and abandoning module Documentation (130)
[2015.10.27-08.54.40:819][448]LogModuleManager: Shutting down and abandoning module GameLiveStreaming (129)
[2015.10.27-08.54.40:819][448]LogModuleManager: Shutting down and abandoning module StreamingPauseRendering (128)
[2015.10.27-08.54.40:819][448]LogModuleManager: Shutting down and abandoning module AnalyticsET (127)
[2015.10.27-08.54.40:819][448]LogModuleManager: Shutting down and abandoning module Analytics (126)
[2015.10.27-08.54.40:819][448]LogModuleManager: Shutting down and abandoning module AITestSuite (125)
[2015.10.27-08.54.40:820][448]LogModuleManager: Shutting down and abandoning module GameplayDebugger (124)
[2015.10.27-08.54.40:820][448]LogModuleManager: Shutting down and abandoning module AIModule (123)
[2015.10.27-08.54.40:820][448]LogModuleManager: Shutting down and abandoning module ProfilerService (122)
[2015.10.27-08.54.41:068][448]LogModuleManager: Shutting down and abandoning module TaskGraph (121)
[2015.10.27-08.54.41:068][448]LogModuleManager: Shutting down and abandoning module SlateRemote (120)
[2015.10.27-08.54.41:068][448]LogModuleManager: Shutting down and abandoning module SteamVRController (119)
[2015.10.27-08.54.41:068][448]LogModuleManager: Shutting down and abandoning module SteamVR (118)
[2015.10.27-08.54.41:068][448]LogModuleManager: Shutting down and abandoning module ProceduralMeshComponent (117)
[2015.10.27-08.54.41:068][448]LogModuleManager: Shutting down and abandoning module OculusRift (116)
[2015.10.27-08.54.41:068][448]LogModuleManager: Shutting down and abandoning module OculusLibrary (115)
[2015.10.27-08.54.41:068][448]LogModuleManager: Shutting down and abandoning module LeapMotionController (114)
[2015.10.27-08.54.41:087][448]LogModuleManager: Shutting down and abandoning module CustomMeshComponent (113)
[2015.10.27-08.54.41:087][448]LogModuleManager: Shutting down and abandoning module CableComponent (112)
[2015.10.27-08.54.41:087][448]LogModuleManager: Shutting down and abandoning module ArchVisCharacter (111)
[2015.10.27-08.54.41:087][448]LogModuleManager: Shutting down and abandoning module MessagingDebugger (110)
[2015.10.27-08.54.41:087][448]LogModuleManager: Shutting down and abandoning module MediaPlayerEditor (109)
[2015.10.27-08.54.41:087][448]LogModuleManager: Shutting down and abandoning module HTML5Networking (108)
[2015.10.27-08.54.41:087][448]LogModuleManager: Shutting down and abandoning module SpeedTreeImporter (107)
[2015.10.27-08.54.41:087][448]LogModuleManager: Shutting down and abandoning module PluginBrowser (106)
[2015.10.27-08.54.41:087][448]LogModuleManager: Shutting down and abandoning module EpicSurvey (105)
[2015.10.27-08.54.41:087][448]LogModuleManager: Shutting down and abandoning module DesktopPlatform (104)
[2015.10.27-08.54.41:087][448]LogModuleManager: Shutting down and abandoning module VisualStudioSourceCodeAccess (103)
[2015.10.27-08.54.41:087][448]LogModuleManager: Shutting down and abandoning module UObjectPlugin (102)
[2015.10.27-08.54.41:087][448]LogModuleManager: Shutting down and abandoning module SubversionSourceControl (101)
[2015.10.27-08.54.41:087][448]LogModuleManager: Shutting down and abandoning module PerforceSourceControl (100)
[2015.10.27-08.54.41:087][448]LogModuleManager: Shutting down and abandoning module SourceControl (99)
[2015.10.27-08.54.41:087][448]LogModuleManager: Shutting down and abandoning module GitSourceControl (98)
[2015.10.27-08.54.41:087][448]LogModuleManager: Shutting down and abandoning module LightPropagationVolumeEditor (97)
[2015.10.27-08.54.41:087][448]LogModuleManager: Shutting down and abandoning module PaperTiledImporter (96)
[2015.10.27-08.54.41:087][448]LogModuleManager: Shutting down and abandoning module PaperSpriteSheetImporter (95)
[2015.10.27-08.54.41:088][448]LogModuleManager: Shutting down and abandoning module MeshPaint (94)
[2015.10.27-08.54.41:088][448]LogModuleManager: Shutting down and abandoning module SlateReflector (93)
[2015.10.27-08.54.41:088][448]LogModuleManager: Shutting down and abandoning module HotReload (92)
[2015.10.27-08.54.41:088][448]LogModuleManager: Shutting down and abandoning module MainFrame (91)
[2015.10.27-08.54.41:088][448]LogModuleManager: Shutting down and abandoning module LevelEditor (90)
[2015.10.27-08.54.41:089][448]LogModuleManager: Shutting down and abandoning module DirectoryWatcher (89)
[2015.10.27-08.54.41:091][448]LogModuleManager: Shutting down and abandoning module AssetRegistry (88)
[2015.10.27-08.54.41:246][448]LogModuleManager: Shutting down and abandoning module ContentBrowser (87)
[2015.10.27-08.54.41:247][448]LogModuleManager: Shutting down and abandoning module Paper2DEditor (86)
[2015.10.27-08.54.41:248][448]LogModuleManager: Shutting down and abandoning module UdpMessaging (85)
[2015.10.27-08.54.41:349][448]LogModuleManager: Shutting down and abandoning module LightPropagationVolumeRuntime (84)
[2015.10.27-08.54.41:349][448]LogModuleManager: Shutting down and abandoning module Paper2D (83)
[2015.10.27-08.54.41:349][448]LogModuleManager: Shutting down and abandoning module WindowsMoviePlayer (82)
[2015.10.27-08.54.41:355][448]LogModuleManager: Shutting down and abandoning module Media (81)
[2015.10.27-08.54.41:356][448]LogModuleManager: Shutting down and abandoning module WmfMedia (80)
[2015.10.27-08.54.41:356][448]LogModuleManager: Shutting down and abandoning module OnlineBlueprintSupport (79)
[2015.10.27-08.54.41:356][448]LogModuleManager: Shutting down and abandoning module GameplayTasksEditor (78)
[2015.10.27-08.54.41:356][448]LogModuleManager: Shutting down and abandoning module PropertyEditor (77)
[2015.10.27-08.54.41:356][448]LogModuleManager: Shutting down and abandoning module BehaviorTreeEditor (76)
[2015.10.27-08.54.41:356][448]LogModuleManager: Shutting down and abandoning module FunctionalTesting (75)
[2015.10.27-08.54.41:356][448]LogModuleManager: Shutting down and abandoning module CollisionAnalyzer (74)
[2015.10.27-08.54.41:356][448]LogModuleManager: Shutting down and abandoning module WorkspaceMenuStructure (73)
[2015.10.27-08.54.41:356][448]LogModuleManager: Shutting down and abandoning module MessageLog (72)
[2015.10.27-08.54.41:356][448]LogModuleManager: Shutting down and abandoning module Sequencer (71)
[2015.10.27-08.54.41:356][448]LogModuleManager: Shutting down and abandoning module AssetTools (70)
[2015.10.27-08.54.41:356][448]LogModuleManager: Shutting down and abandoning module UMGEditor (69)
[2015.10.27-08.54.41:356][448]LogModuleManager: Shutting down and abandoning module UMG (68)
[2015.10.27-08.54.41:356][448]LogModuleManager: Shutting down and abandoning module Slate (67)
[2015.10.27-08.54.41:356][448]LogModuleManager: Shutting down and abandoning module EditorStyle (66)
[2015.10.27-08.54.41:358][448]LogModuleManager: Shutting down and abandoning module SessionServices (65)
[2015.10.27-08.54.41:358][448]LogModuleManager: Shutting down and abandoning module SourceCodeAccess (64)
[2015.10.27-08.54.41:358][448]LogModuleManager: Shutting down and abandoning module HeadMountedDisplay (63)
[2015.10.27-08.54.41:358][448]LogModuleManager: Shutting down and abandoning module XAudio2 (62)
[2015.10.27-08.54.41:358][448]LogModuleManager: Shutting down and abandoning module Networking (60)
[2015.10.27-08.54.41:358][448]LogModuleManager: Shutting down and abandoning module Core (59)
[2015.10.27-08.54.41:358][448]LogModuleManager: Shutting down and abandoning module KismetCompiler (58)
[2015.10.27-08.54.41:358][448]LogModuleManager: Shutting down and abandoning module PhysXFormats (57)
[2015.10.27-08.54.41:358][448]LogModuleManager: Shutting down and abandoning module MeshUtilities (56)
[2015.10.27-08.54.41:358][448]LogModuleManager: Shutting down and abandoning module CookingStats (55)
[2015.10.27-08.54.41:361][448]LogModuleManager: Shutting down and abandoning module DerivedDataCache (54)
[2015.10.27-08.54.41:382][448]LogDerivedDataCache: Shutdown
[2015.10.27-08.54.41:382][448]LogModuleManager: Shutting down and abandoning module ShaderFormatOpenGL (53)
[2015.10.27-08.54.41:382][448]LogModuleManager: Shutting down and abandoning module ShaderFormatD3D (52)
[2015.10.27-08.54.41:382][448]LogModuleManager: Shutting down and abandoning module MetalShaderFormat (51)
[2015.10.27-08.54.41:382][448]LogModuleManager: Shutting down and abandoning module TextureFormatUncompressed (50)
[2015.10.27-08.54.41:382][448]LogModuleManager: Shutting down and abandoning module TextureFormatPVR (49)
[2015.10.27-08.54.41:382][448]LogModuleManager: Shutting down and abandoning module TextureFormatIntelISPCTexComp (48)
[2015.10.27-08.54.41:382][448]LogModuleManager: Shutting down and abandoning module TextureFormatDXT (47)
[2015.10.27-08.54.41:382][448]LogModuleManager: Shutting down and abandoning module ImageWrapper (46)
[2015.10.27-08.54.41:382][448]LogModuleManager: Shutting down and abandoning module TextureFormatASTC (45)
[2015.10.27-08.54.41:382][448]LogModuleManager: Shutting down and abandoning module TextureFormatAndroid (44)
[2015.10.27-08.54.41:382][448]LogModuleManager: Shutting down and abandoning module AudioFormatOpus (43)
[2015.10.27-08.54.41:382][448]LogModuleManager: Shutting down and abandoning module AudioFormatOgg (42)
[2015.10.27-08.54.41:382][448]LogModuleManager: Shutting down and abandoning module AudioFormatADPCM (41)
[2015.10.27-08.54.41:382][448]LogModuleManager: Shutting down and abandoning module LinuxTargetPlatform (40)
[2015.10.27-08.54.41:382][448]LogModuleManager: Shutting down and abandoning module LinuxServerTargetPlatform (39)
[2015.10.27-08.54.41:382][448]LogModuleManager: Shutting down and abandoning module LinuxNoEditorTargetPlatform (38)
[2015.10.27-08.54.41:382][448]LogModuleManager: Shutting down and abandoning module Messaging (37)
[2015.10.27-08.54.41:382][448]LogModuleManager: Shutting down and abandoning module IOSTargetPlatform (36)
[2015.10.27-08.54.41:382][448]LogModuleManager: Shutting down and abandoning module HTML5TargetPlatform (35)
[2015.10.27-08.54.41:382][448]LogModuleManager: Shutting down and abandoning module Android_PVRTCTargetPlatform (34)
[2015.10.27-08.54.41:382][448]LogModuleManager: Shutting down and abandoning module Android_ETC2TargetPlatform (33)
[2015.10.27-08.54.41:382][448]LogModuleManager: Shutting down and abandoning module Android_ETC1TargetPlatform (32)
[2015.10.27-08.54.41:382][448]LogModuleManager: Shutting down and abandoning module Android_DXTTargetPlatform (31)
[2015.10.27-08.54.41:382][448]LogModuleManager: Shutting down and abandoning module Android_ATCTargetPlatform (30)
[2015.10.27-08.54.41:382][448]LogModuleManager: Shutting down and abandoning module Android_ASTCTargetPlatform (29)
[2015.10.27-08.54.41:382][448]LogModuleManager: Shutting down and abandoning module AndroidTargetPlatform (28)
[2015.10.27-08.54.41:382][448]LogModuleManager: Shutting down and abandoning module WindowsTargetPlatform (27)
[2015.10.27-08.54.41:383][448]LogModuleManager: Shutting down and abandoning module WindowsServerTargetPlatform (26)
[2015.10.27-08.54.41:383][448]LogModuleManager: Shutting down and abandoning module WindowsNoEditorTargetPlatform (25)
[2015.10.27-08.54.41:383][448]LogModuleManager: Shutting down and abandoning module WindowsClientTargetPlatform (24)
[2015.10.27-08.54.41:383][448]LogModuleManager: Shutting down and abandoning module AllDesktopTargetPlatform (23)
[2015.10.27-08.54.41:383][448]LogModuleManager: Shutting down and abandoning module TargetPlatform (22)
[2015.10.27-08.54.41:383][448]LogModuleManager: Shutting down and abandoning module InputCore (21)
[2015.10.27-08.54.41:383][448]LogModuleManager: Shutting down and abandoning module Settings (20)
[2015.10.27-08.54.41:383][448]LogModuleManager: Shutting down and abandoning module OnlineSubsystem (18)
[2015.10.27-08.54.41:383][448]LogModuleManager: Shutting down and abandoning module HTTP (17)
[2015.10.27-08.54.42:385][448]LogModuleManager: Shutting down and abandoning module XMPP (16)
[2015.10.27-08.54.42:385][448]LogModuleManager: Shutting down and abandoning module ExampleDeviceProfileSelector (15)
[2015.10.27-08.54.42:385][448]LogModuleManager: Shutting down and abandoning module TextureCompressor (14)
[2015.10.27-08.54.42:385][448]LogModuleManager: Shutting down and abandoning module ShaderCore (13)
[2015.10.27-08.54.42:385][448]LogModuleManager: Shutting down and abandoning module Landscape (12)
[2015.10.27-08.54.42:385][448]LogModuleManager: Shutting down and abandoning module SlateRHIRenderer (11)
[2015.10.27-08.54.42:387][448]LogModuleManager: Shutting down and abandoning module OpenGLDrv (10)
[2015.10.27-08.54.42:387][448]LogModuleManager: Shutting down and abandoning module D3D11RHI (9)
[2015.10.27-08.54.42:387][448]LogModuleManager: Shutting down and abandoning module AnimGraphRuntime (8)
[2015.10.27-08.54.42:387][448]LogModuleManager: Shutting down and abandoning module Renderer (7)
[2015.10.27-08.54.42:387][448]LogModuleManager: Shutting down and abandoning module Engine (6)
[2015.10.27-08.54.42:387][448]LogModuleManager: Shutting down and abandoning module CoreUObject (5)
[2015.10.27-08.54.42:387][448]LogModuleManager: Shutting down and abandoning module NetworkFile (4)
[2015.10.27-08.54.42:387][448]LogModuleManager: Shutting down and abandoning module StreamingFile (3)
[2015.10.27-08.54.42:387][448]LogModuleManager: Shutting down and abandoning module SandboxFile (2)
[2015.10.27-08.54.42:387][448]LogModuleManager: Shutting down and abandoning module PakFile (1)
[2015.10.27-08.54.42:388][448]LogExit: Exiting.
[2015.10.27-08.54.42:409][448]Log file closed, 10/27/15 16:54:42
