[2015.10.25-11.00.39:199][  0]Log file open, 10/25/15 19:00:39
[2015.10.25-11.00.39:199][  0]LogInit:Display: Running engine for game: Introduction
[2015.10.25-11.00.39:199][  0]LogInit:Display: RandInit(837427774) SRandInit(837427774).
[2015.10.25-11.00.39:199][  0]LogTaskGraph: Started task graph with 4 named threads and 5 total threads.
[2015.10.25-11.00.39:199][  0]LogStats: Stats thread started at 0.054749
[2015.10.25-11.00.39:199][  0]LogInit: Version: 4.9.2-2707645+++depot+UE4-Releases+4.9
[2015.10.25-11.00.39:199][  0]LogInit: API Version: 2672455
[2015.10.25-11.00.39:199][  0]LogInit: Compiled (64-bit): Sep 28 2015 10:25:44
[2015.10.25-11.00.39:199][  0]LogInit: Compiled with Visual C++: 18.00.21005.01
[2015.10.25-11.00.39:199][  0]LogInit: Build Configuration: Development
[2015.10.25-11.00.39:199][  0]LogInit: Branch Name: ++depot+UE4-Releases+4.9
[2015.10.25-11.00.39:199][  0]LogInit: Command line: 
[2015.10.25-11.00.39:199][  0]LogInit: Base directory: D:/Work/UE4/Epic Games/4.9/Engine/Binaries/Win64/
[2015.10.25-11.00.39:199][  0]LogInit: Rocket: 1
[2015.10.25-11.00.39:220][  0]LogInit: Using libcurl 7.41.0
[2015.10.25-11.00.39:220][  0]LogInit:  - built for x86_64-pc-win32
[2015.10.25-11.00.39:220][  0]LogInit:  - supports SSL with WinSSL
[2015.10.25-11.00.39:220][  0]LogInit:  - other features:
[2015.10.25-11.00.39:220][  0]LogInit:      CURL_VERSION_SSL
[2015.10.25-11.00.39:220][  0]LogInit:      CURL_VERSION_IPV6
[2015.10.25-11.00.39:220][  0]LogInit:      CURL_VERSION_ASYNCHDNS
[2015.10.25-11.00.39:220][  0]LogInit:      CURL_VERSION_LARGEFILE
[2015.10.25-11.00.39:220][  0]LogInit:      CURL_VERSION_IDN
[2015.10.25-11.00.39:220][  0]LogInit:  CurlRequestOptions (configurable via config and command line):
[2015.10.25-11.00.39:220][  0]LogInit:  - bVerifyPeer = true  - Libcurl will verify peer certificate
[2015.10.25-11.00.39:220][  0]LogInit:  - bUseHttpProxy = false  - Libcurl will NOT use HTTP proxy
[2015.10.25-11.00.39:220][  0]LogInit:  - bDontReuseConnections = false  - Libcurl will reuse connections
[2015.10.25-11.00.39:220][  0]LogInit:  - CertBundlePath = nullptr  - Libcurl will use whatever was configured at build time.
[2015.10.25-11.00.39:226][  0]LogInit: Presizing for 0 objects not considered by GC, pre-allocating 0 bytes.
[2015.10.25-11.00.39:233][  0]LogInit: Object subsystem initialized
[2015.10.25-11.00.39:235][  0]LogInit: Selected Device Profile: [Windows]
[2015.10.25-11.00.39:235][  0]LogInit: Applying CVar settings loaded from the selected device profile: [Windows]
[2015.10.25-11.00.39:243][  0]LogInit: Computer: LENOVO-PC
[2015.10.25-11.00.39:243][  0]LogInit: User: user
[2015.10.25-11.00.39:243][  0]LogInit: CPU Page size=4096, Cores=2
[2015.10.25-11.00.39:243][  0]LogInit: High frequency timer resolution =2.825502 MHz
[2015.10.25-11.00.39:243][  0]LogMemory: Memory total: Physical=11.9GB (12GB approx)
[2015.10.25-11.00.39:243][  0]LogMemory: Platform Memory Stats for Windows
[2015.10.25-11.00.39:243][  0]LogMemory: Process Physical Memory: 52.34 MB used, 52.34 MB peak
[2015.10.25-11.00.39:243][  0]LogMemory: Process Virtual Memory: 57.15 MB used, 57.15 MB peak
[2015.10.25-11.00.39:243][  0]LogMemory: Physical Memory: 3030.86 MB used, 12200.27 MB total
[2015.10.25-11.00.39:243][  0]LogMemory: Virtual Memory: 349.79 MB used, 134217728.00 MB total
[2015.10.25-11.00.39:288][  0]LogTextLocalizationManager: No specific translations for ('en-AS') exist, so ('en') translations will be used.
[2015.10.25-11.00.40:145][  0]LogD3D11RHI: Found D3D11 adapter 0: NVIDIA GeForce GTX 860M   (Feature Level 11_0)
[2015.10.25-11.00.40:145][  0]LogD3D11RHI: Adapter has 1972MB of dedicated video memory, 0MB of dedicated system memory, and 2048MB of shared system memory, 1 output[s]
[2015.10.25-11.00.40:152][  0]LogD3D11RHI: Found D3D11 adapter 1: Intel(R) HD Graphics 4600 (Feature Level 11_0)
[2015.10.25-11.00.40:152][  0]LogD3D11RHI: Adapter has 0MB of dedicated video memory, 0MB of dedicated system memory, and 1792MB of shared system memory, 0 output[s]
[2015.10.25-11.00.40:153][  0]LogD3D11RHI: Found D3D11 adapter 2: Microsoft Basic Render Driver (Feature Level 11_0)
[2015.10.25-11.00.40:153][  0]LogD3D11RHI: Adapter has 0MB of dedicated video memory, 0MB of dedicated system memory, and 256MB of shared system memory, 0 output[s]
[2015.10.25-11.00.40:153][  0]LogD3D11RHI: Chosen D3D11 Adapter Id = 0
[2015.10.25-11.00.40:158][  0]LogD3D11RHI: !Direct3DDevice
[2015.10.25-11.00.40:158][  0]LogRHI: Texture pool is 1361 MB (70% of 1945 MB)
[2015.10.25-11.00.40:170][  0]LogD3D11RHI: Async texture creation enabled
[2015.10.25-11.00.40:181][  0]LogShaderCompilers: Guid format shader working directory is 15 characters bigger than the processId version (../../../../../Projects/UE4Study/Intermediate/Shaders/WorkingDirectory/4568/).
[2015.10.25-11.00.40:207][  0]LogShaderCompilers: Cleaned the shader compiler working directory '../../../../../Projects/UE4Study/Intermediate/Shaders/tmp/5128E3D44C80692D84D84B8B14B14405/'.
[2015.10.25-11.00.40:207][  0]LogShaderCompilers:Display: Using Local Shader Compiler.
[2015.10.25-11.00.41:533][  0]LogTemp:Display: Loaded TP AllDesktopTargetPlatform
[2015.10.25-11.00.41:538][  0]LogTemp:Display: Loaded TP WindowsClientTargetPlatform
[2015.10.25-11.00.41:543][  0]LogTemp:Display: Loaded TP WindowsNoEditorTargetPlatform
[2015.10.25-11.00.41:548][  0]LogTemp:Display: Loaded TP WindowsServerTargetPlatform
[2015.10.25-11.00.41:553][  0]LogTemp:Display: Loaded TP WindowsTargetPlatform
[2015.10.25-11.00.41:556][  0]LogTemp:Display: Loaded TP AndroidTargetPlatform
[2015.10.25-11.00.41:560][  0]LogTemp:Display: Loaded TP Android_ASTCTargetPlatform
[2015.10.25-11.00.41:563][  0]LogTemp:Display: Loaded TP Android_ATCTargetPlatform
[2015.10.25-11.00.41:567][  0]LogTemp:Display: Loaded TP Android_DXTTargetPlatform
[2015.10.25-11.00.41:570][  0]LogTemp:Display: Loaded TP Android_ETC1TargetPlatform
[2015.10.25-11.00.41:574][  0]LogTemp:Display: Loaded TP Android_ETC2TargetPlatform
[2015.10.25-11.00.41:578][  0]LogTemp:Display: Loaded TP Android_PVRTCTargetPlatform
[2015.10.25-11.00.41:578][  0]LogTemp:Display: Loaded TP HTML5TargetPlatform
[2015.10.25-11.00.41:596][  0]LogTemp:Display: Loaded TP IOSTargetPlatform
[2015.10.25-11.00.41:599][  0]LogTemp:Display: Loaded TP LinuxNoEditorTargetPlatform
[2015.10.25-11.00.41:604][  0]LogTemp:Display: Loaded TP LinuxServerTargetPlatform
[2015.10.25-11.00.41:608][  0]LogTemp:Display: Loaded TP LinuxTargetPlatform
[2015.10.25-11.00.41:608][  0]LogTargetPlatformManager:Display: Building Assets For Windows
[2015.10.25-11.00.41:676][  0]LogDerivedDataCache:Display: Max Cache Size: 512 MB
[2015.10.25-11.00.41:727][  0]LogDerivedDataCache: Loaded boot cache 0.05s 41MB C:/Users/user/AppData/Local/UnrealEngine/4.9/DerivedDataCache/Boot.ddc.
[2015.10.25-11.00.41:727][  0]LogDerivedDataCache:Display: Loaded Boot cache: C:/Users/user/AppData/Local/UnrealEngine/4.9/DerivedDataCache/Boot.ddc
[2015.10.25-11.00.41:727][  0]LogDerivedDataCache: FDerivedDataBackendGraph:  Pak pak cache file ../../../../../Projects/UE4Study/DerivedDataCache/DDC.ddp not found, will not use a pak cache.
[2015.10.25-11.00.41:727][  0]LogDerivedDataCache: Unable to find inner node Pak for hierarchical cache Hierarchy.
[2015.10.25-11.00.41:727][  0]LogDerivedDataCache: FDerivedDataBackendGraph:  CompressedPak pak cache file ../../../../../Projects/UE4Study/DerivedDataCache/Compressed.ddp not found, will not use a pak cache.
[2015.10.25-11.00.41:727][  0]LogDerivedDataCache: Unable to find inner node CompressedPak for hierarchical cache Hierarchy.
[2015.10.25-11.00.41:886][  0]LogDerivedDataCache:Display: Pak cache opened for reading ../../../Engine/DerivedDataCache/Compressed.ddp.
[2015.10.25-11.00.41:899][  0]LogDerivedDataCache: Using Local data cache path C:/Users/user/AppData/Local/UnrealEngine/Common/DerivedDataCache: Writable
[2015.10.25-11.00.42:099][  0]LogInit: Selected Device Profile: [Windows]
[2015.10.25-11.00.42:101][  0]LogContentStreaming: Texture pool size is 0.000000MB
[2015.10.25-11.00.42:229][  0]LogMeshUtilities: No automatic mesh reduction module available
[2015.10.25-11.00.42:229][  0]LogMeshUtilities: No automatic mesh merging module available
[2015.10.25-11.00.42:556][  0]LogInit: WinSock: version 1.1 (2.2), MaxSocks=32767, MaxUdp=65467
[2015.10.25-11.00.43:257][  0]UdpMessaging: Initializing bridge on interface 0.0.0.0:0 to multicast group 230.0.0.1:6666.
[2015.10.25-11.00.43:351][  0]LogAssetRegistry: FAssetRegistry took 0.0108 seconds to start up
[2015.10.25-11.00.43:522][  0]SourceControl: Info Source control is disabled
[2015.10.25-11.00.43:567][  0]SourceControl: Info Source control is disabled
[2015.10.25-11.00.43:575][  0]SourceControl: Info Source control is disabled
[2015.10.25-11.00.43:582][  0]SourceControl: Info Source control is disabled
[2015.10.25-11.00.43:694][  0]LogLinker:Warning: Asset '../../../Engine/Plugins/Runtime/LeapMotionController/Content/LM_PassthroughMaterial.uasset' has been saved with empty engine version. The asset will be loaded but may be incompatible.
[2015.10.25-11.00.43:758][  0]LogObj: 28361 objects as part of root set at end of initial load.
[2015.10.25-11.00.43:758][  0]LogUObjectAllocator: 6038864 out of 0 bytes used by permanent object pool.
[2015.10.25-11.00.43:815][  0]LogEngine: Initializing Engine...
[2015.10.25-11.00.43:818][  0]LogHMD: Can't find Oculus library dev build: is proper Runtime installed? Version: 0.7.0.0
[2015.10.25-11.00.43:818][  0]LogHMD: SteamVR failed to initialize.  Err: 110
[2015.10.25-11.00.43:950][  0]LogAIModule: Creating AISystem for world NewWorld
[2015.10.25-11.00.43:956][  0]LogInit: XAudio2 using '扬声器 (Realtek High Definition Audio)' : 2 channels at 48 kHz using 32 bits per sample (channel mask 0x3)
[2015.10.25-11.00.43:980][  0]LogInit: FAudioDevice initialized.
[2015.10.25-11.00.44:004][  0]LogDerivedDataCache: Saved boot cache 0.02s 41MB C:/Users/user/AppData/Local/UnrealEngine/4.9/DerivedDataCache/Boot.ddc.
[2015.10.25-11.00.44:007][  0]LogInit: Texture streaming: Enabled
[2015.10.25-11.00.44:011][  0]LogAnalytics: Creating configured Analytics provider AnalyticsET
[2015.10.25-11.00.44:011][  0]LogAnalytics: [UEEditor.Rocket.Release] APIServer = http://et2.epicgames.com/ET2/. AppVersion = 4.9.2-2707645+++depot+UE4-Releases+4.9
[2015.10.25-11.00.44:011][  0]LogAnalytics: [UEEditor.Rocket.Release] SetUserId 9f32512f489ba9d85b11adafcc898a7b|b0673e94d52d486cbdf3580f32be2351|a1368a20-e5a8-4867-a4a8-60870698c502
[2015.10.25-11.00.44:011][  0]LogAnalytics: [UEEditor.Rocket.Release] AnalyticsET::StartSession
[2015.10.25-11.00.44:022][  0]LogWindowsTextInputMethodSystem:Display: IME system now deactivated.
[2015.10.25-11.00.44:084][  0]LogInit: Transaction tracking system initialized
[2015.10.25-11.00.44:120][  0]BlueprintLog: New page: Editor Load
[2015.10.25-11.00.44:213][  0]LocalizationService: Info Localization service is disabled
[2015.10.25-11.00.44:295][  0]LogConsoleResponse:Display: 
[2015.10.25-11.00.44:838][  0]LogFileCache: Scanning file cache for directory 'D:/Work/UE4/Projects/UE4Study/Content/' took 0.01s
[2015.10.25-11.00.44:838][  0]LogCook:Display: Done creating registry. It took  0.00s.
[2015.10.25-11.00.44:968][  0]SourceControl: Info Source control is disabled
[2015.10.25-11.00.44:968][  0]Cmd: MAP LOAD FILE="../../../../../Projects/UE4Study/Content/StarterContent/Maps/Minimal_Default.umap" TEMPLATE=0 SHOWPROGRESS=1 FEATURELEVEL=3
[2015.10.25-11.00.45:025][  0]LightingResults: New page: Lighting Build
[2015.10.25-11.00.45:028][  0]MapCheck: New page: Map Check
[2015.10.25-11.00.45:028][  0]LightingResults: New page: Lighting Build
[2015.10.25-11.00.45:058][  0]LogParticles: Destroying 0 GPU particle simulations for FXSystem 0x0000005F3FB61E40
[2015.10.25-11.00.47:039][  0]LogAIModule: Creating AISystem for world Minimal_Default
[2015.10.25-11.00.47:169][  0]LogEditorServer: Finished looking for orphan Actors (0.000 secs)
[2015.10.25-11.00.47:194][  0]Cmd: MAP CHECKDEP NOCLEARLOG
[2015.10.25-11.00.47:238][  0]MapCheck: Info Map check complete: 0 Error(s), 0 Warning(s), took 43.459ms to complete.
[2015.10.25-11.00.47:238][  0]LogFileHelpers: Loading map 'Minimal_Default' took 2.269
[2015.10.25-11.00.50:667][  0]LogCrashTracker: Crashtracker disabled due to settings.
[2015.10.25-11.00.51:164][  0]LogCollectionManager: Loaded 0 collections in 0.029112 seconds
[2015.10.25-11.00.51:654][  0]LogFileCache: Scanning file cache for directory 'D:/Work/UE4/Projects/UE4Study/Saved/Collections/' took 0.01s
[2015.10.25-11.00.51:654][  0]LogFileCache: Scanning file cache for directory 'D:/Work/UE4/Projects/UE4Study/Content/Developers/user/Collections/' took 0.01s
[2015.10.25-11.00.51:654][  0]LogFileCache: Scanning file cache for directory 'D:/Work/UE4/Projects/UE4Study/Content/Collections/' took 0.01s
[2015.10.25-11.00.51:654][  0]LogContentBrowser: Native class hierarchy populated in 0.1820 seconds. Added 1868 classes and 335 folders.
[2015.10.25-11.00.52:628][  0]LogCollectionManager: Rebuilt the GUID cache for 0 collections in 0.000010 seconds
[2015.10.25-11.00.53:237][  0]LogContentBrowser: Native class hierarchy updated for 'WidgetCarousel' in 0.0007 seconds. Added 0 classes and 0 folders.
[2015.10.25-11.00.55:443][  0]LogContentBrowser: Native class hierarchy updated for 'AddContentDialog' in 0.0012 seconds. Added 0 classes and 0 folders.
[2015.10.25-11.00.55:599][  0]LogUObjectGlobals:Warning: Failed to find object 'Class None.'
[2015.10.25-11.00.55:746][  0]LogLoad: Full Startup: 17.05 seconds (BP compile: 0.06 seconds)
[2015.10.25-11.00.56:362][  0]LogContentStreaming: Texture pool size now 1000 MB
[2015.10.25-11.00.56:962][  0]LogRenderer: Reallocating scene render targets to support 1208x924 (Frame:2).
[2015.10.25-11.00.58:351][  5]LogAssetRegistry: Asset discovery search completed in 15.0108 seconds
[2015.10.25-11.00.58:351][  5]LogCollectionManager: Rebuilt the object cache for 0 collections in 0.000001 seconds (found 0 objects)
[2015.10.25-11.00.58:351][  5]LogCollectionManager: Fixed up redirectors for 0 collections in 0.000035 seconds (updated 0 objects)
[2015.10.25-11.01.09:899][643]Cmd: MAP LOAD FILE="../../../../../Projects/UE4Study/Content/StarterContent/Maps/My_ComplexRoom.umap" TEMPLATE=0 SHOWPROGRESS=1 FEATURELEVEL=3
[2015.10.25-11.01.09:948][643]LightingResults: New page: Lighting Build
[2015.10.25-11.01.09:978][643]LoadErrors: New page: Loading map: My_ComplexRoom.umap
[2015.10.25-11.01.09:979][643]MapCheck: New page: Map Check
[2015.10.25-11.01.09:979][643]LightingResults: New page: Lighting Build
[2015.10.25-11.01.10:006][643]LogParticles: Destroying 0 GPU particle simulations for FXSystem 0x0000005F30CFF880
[2015.10.25-11.01.12:001][643]LogAIModule: Creating AISystem for world My_ComplexRoom
[2015.10.25-11.01.12:147][643]LogEditorServer: Finished looking for orphan Actors (0.000 secs)
[2015.10.25-11.01.12:184][643]Cmd: MAP CHECKDEP NOCLEARLOG
[2015.10.25-11.01.12:241][643]MapCheck: Info Map check complete: 0 Error(s), 0 Warning(s), took 56.829ms to complete.
[2015.10.25-11.01.12:241][643]LogFileHelpers: Loading map 'My_ComplexRoom' took 2.344
[2015.10.25-11.01.26:220][395]LogEditorViewport: Clicking on Actor (LMB): DirectionalLight (DirectionalLight)
[2015.10.25-11.02.33:438][251]MapCheck: New page: Map Check
[2015.10.25-11.02.33:947][251]Cmd: MAP REBUILD ALLVISIBLE
[2015.10.25-11.02.33:948][251]LogEditorServer: Rebuildmap Clear paths rebuilt
[2015.10.25-11.02.34:057][251]LightingResults: New page: Lighting Build - Oct 26, 2015, 3:02:34 AM
[2015.10.25-11.02.52:366][251]LogStaticLightingSystem:Warning: No importance volume found, so the scene bounding box was used.  You can optimize your scene's quality and lighting build times by adding importance volumes.
[2015.10.25-11.02.52:366][251]LogStaticLightingSystem: Running Lightmass w/ ImmediateImport mode ENABLED
[2015.10.25-11.02.52:366][251]LogStaticLightingSystem: Running Lightmass w/ ImmediateProcess mode ENABLED
[2015.10.25-11.02.52:366][251]LogStaticLightingSystem: Running Lightmass w/ Sorting mode ENABLED
[2015.10.25-11.02.52:366][251]LogStaticLightingSystem: Running Lightmass w/ Mapping paddings ENABLED
[2015.10.25-11.02.52:366][251]LogStaticLightingSystem: Running Lightmass w/ Mapping debug paddings DISABLED
[2015.10.25-11.02.53:025][251]LogEditorBuildUtils: Build time 0:00:19
[2015.10.25-11.02.53:079][251]LogMaterial: Missing cached shader map for material FLightmassMaterialRenderer M_PaintedWood_Inst, compiling. 
[2015.10.25-11.02.53:224][251]LogMaterial: Missing cached shader map for material FLightmassMaterialRenderer M_PaintedWood_Inst, compiling. 
[2015.10.25-11.02.53:280][252]LogMaterial: Missing cached shader map for material FLightmassMaterialRenderer M_OldWood, compiling. 
[2015.10.25-11.02.53:284][252]LogMaterial: Missing cached shader map for material FLightmassMaterialRenderer M_OldWood, compiling. 
[2015.10.25-11.02.53:289][252]LogMaterial: Missing cached shader map for material FLightmassMaterialRenderer M_Brick_Clay_Old, compiling. 
[2015.10.25-11.02.53:294][252]LogMaterial: Missing cached shader map for material FLightmassMaterialRenderer M_Brick_Clay_Old, compiling. 
[2015.10.25-11.02.53:328][253]LogMaterial: Missing cached shader map for material FLightmassMaterialRenderer M_Brick_Clay_Old, compiling. 
[2015.10.25-11.02.53:333][253]LogMaterial: Missing cached shader map for material FLightmassMaterialRenderer M_Brick_Clay_Old, compiling. 
[2015.10.25-11.02.53:427][254]LogMaterial: Missing cached shader map for material FLightmassMaterialRenderer M_Concrete_Tiles, compiling. 
[2015.10.25-11.02.53:434][254]LogMaterial: Missing cached shader map for material FLightmassMaterialRenderer M_Concrete_Tiles, compiling. 
[2015.10.25-11.02.53:458][255]LogMaterial: Missing cached shader map for material FLightmassMaterialRenderer M_PaintedWood_Inst2, compiling. 
[2015.10.25-11.02.53:464][255]LogMaterial: Missing cached shader map for material FLightmassMaterialRenderer M_PaintedWood_Inst2, compiling. 
[2015.10.25-11.02.53:532][256]LogMaterial: Missing cached shader map for material FLightmassMaterialRenderer M_Concrete_Grime, compiling. 
[2015.10.25-11.02.53:540][256]LogMaterial: Missing cached shader map for material FLightmassMaterialRenderer M_Concrete_Grime, compiling. 
[2015.10.25-11.02.53:569][257]LogMaterial: Missing cached shader map for material FLightmassMaterialRenderer M_Basic_Wall, compiling. 
[2015.10.25-11.02.53:577][257]LogMaterial: Missing cached shader map for material FLightmassMaterialRenderer M_Basic_Wall, compiling. 
[2015.10.25-11.02.53:606][258]LogMaterial: Missing cached shader map for material FLightmassMaterialRenderer M_Metal_Steel, compiling. 
[2015.10.25-11.02.53:614][258]LogMaterial: Missing cached shader map for material FLightmassMaterialRenderer M_Metal_Steel, compiling. 
[2015.10.25-11.02.53:641][259]LogMaterial: Missing cached shader map for material FLightmassMaterialRenderer M_Glass, compiling. 
[2015.10.25-11.02.53:649][259]LogMaterial: Missing cached shader map for material FLightmassMaterialRenderer M_Glass, compiling. 
[2015.10.25-11.02.53:666][260]LogMaterial: Missing cached shader map for material FLightmassMaterialRenderer M_Glass, compiling. 
[2015.10.25-11.02.53:673][260]LogMaterial: Missing cached shader map for material FLightmassMaterialRenderer M_Glass, compiling. 
[2015.10.25-11.02.53:703][261]LogMaterial: Missing cached shader map for material FLightmassMaterialRenderer M_Metal_Brushed_Nickel, compiling. 
[2015.10.25-11.02.53:710][261]LogMaterial: Missing cached shader map for material FLightmassMaterialRenderer M_Metal_Brushed_Nickel, compiling. 
[2015.10.25-11.02.53:751][262]LogMaterial: Missing cached shader map for material FLightmassMaterialRenderer WorldGridMaterial, compiling. Is special engine material.
[2015.10.25-11.02.53:757][262]LogMaterial: Missing cached shader map for material FLightmassMaterialRenderer WorldGridMaterial, compiling. Is special engine material.
[2015.10.25-11.03.12:996][319]Job is a success!
[2015.10.25-11.03.13:549][320]LogMaterial:Warning: Material /Game/MyMats/M_PaintedWood.M_PaintedWood needed to have new flag set bUsedWithStaticLighting !
[2015.10.25-11.03.13:553][320]LogMaterial: Missing cached shader map for material M_PaintedWood, compiling. 
[2015.10.25-11.03.13:604][320]LogMaterial: 0.000121 seconds spent updating 1 materials, 1 interfaces, 1 instances, 0 with static permutations.
[2015.10.25-11.03.13:905][320]LogTexture:Display: Building textures: HQ_Lightmap0_1 (AutoDXT)
[2015.10.25-11.03.15:173][320]LogTexture:Display: Building textures: LQ_Lightmap_0_1 (DXT1)
[2015.10.25-11.03.15:843][320]LogTexture:Display: Building textures: ShadowMapTexture2D_0 (BGRA8)
[2015.10.25-11.03.16:284][320]Lightmass on LENOVO-PC: 12.7 sec total, 194 ms importing, 7 ms setup, 435 ms photons, 10.6 sec processing, 0 ms extra exporting [45/45 mappings]. Threads: 42.4 sec total, 22.3 sec processing.
[2015.10.25-11.03.16:363][320]LogStaticLightingSystem: Illumination: 41.9 sec (2.10 sec encoding lightmaps)
[2015.10.25-11.03.16:363][320]LogStaticLightingSystem: Lightmap texture memory:  1.3 MB (1.3 MB streaming, 0.0 MB non-streaming), 2 textures
[2015.10.25-11.03.16:363][320]LogStaticLightingSystem: Shadowmap texture memory: 2.7 MB (2.7 MB streaming, 0.0 MB non-streaming), 1 textures
[2015.10.25-11.03.17:352][321]Cmd: MAP CHECK NOTIFYRESULTS
[2015.10.25-11.03.17:352][321]MapCheck: New page: My_ComplexRoom - Oct 26, 2015, 3:03:17 AM
[2015.10.25-11.03.17:619][321]MapCheck: Info Map check complete: 0 Error(s), 0 Warning(s), took 267.231ms to complete.
[2015.10.25-11.04.11:222][938]Cmd: OBJ SAVEPACKAGE PACKAGE="/Game/StarterContent/Maps/My_ComplexRoom" FILE="../../../../../Projects/UE4Study/Content/StarterContent/Maps/My_ComplexRoom.umap" SILENT=true AUTOSAVING=false KEEPDIRTY=false
[2015.10.25-11.04.11:857][938]LogSavePackage: Save=459.851379ms
[2015.10.25-11.04.11:857][938]LogSavePackage: Moving '../../../../../Projects/UE4Study/Saved/My_ComplexRoom242AC531489823E74AFE868AFC72B175.tmp' to '../../../../../Projects/UE4Study/Content/StarterContent/Maps/My_ComplexRoom.umap'
[2015.10.25-11.04.11:862][938]LogSavePackage: Total save time: 593.093190ms
[2015.10.25-11.04.11:862][938]LogSavePackage:Warning: Finished SavePackage ../../../../../Projects/UE4Study/Content/StarterContent/Maps/My_ComplexRoom.umap
[2015.10.25-11.04.11:891][938]LogFileHelpers: Saving map 'My_ComplexRoom' took 0.791
[2015.10.25-11.04.11:995][938]Cmd: OBJ SAVEPACKAGE PACKAGE="/Game/MyMats/M_PaintedWood_Inst" FILE="../../../../../Projects/UE4Study/Content/MyMats/M_PaintedWood_Inst.uasset" SILENT=true
[2015.10.25-11.04.12:023][938]LogSavePackage: Save=17.468401ms
[2015.10.25-11.04.12:023][938]LogSavePackage: Moving '../../../../../Projects/UE4Study/Saved/M_PaintedWood_Inst9018DE8F44D05F124D811BBF0F9D8461.tmp' to '../../../../../Projects/UE4Study/Content/MyMats/M_PaintedWood_Inst.uasset'
[2015.10.25-11.04.12:029][938]LogSavePackage: Total save time: 31.819832ms
[2015.10.25-11.04.12:029][938]LogSavePackage:Warning: Finished SavePackage ../../../../../Projects/UE4Study/Content/MyMats/M_PaintedWood_Inst.uasset
[2015.10.25-11.04.12:052][938]Cmd: OBJ SAVEPACKAGE PACKAGE="/Game/MyMats/M_PaintedWood" FILE="../../../../../Projects/UE4Study/Content/MyMats/M_PaintedWood.uasset" SILENT=true
[2015.10.25-11.04.12:099][938]LogSavePackage: Save=38.667465ms
[2015.10.25-11.04.12:099][938]LogSavePackage: Moving '../../../../../Projects/UE4Study/Saved/M_PaintedWoodF50A14B147F008330FA6D3A4AC593150.tmp' to '../../../../../Projects/UE4Study/Content/MyMats/M_PaintedWood.uasset'
[2015.10.25-11.04.12:104][938]LogSavePackage: Total save time: 49.552608ms
[2015.10.25-11.04.12:104][938]LogSavePackage:Warning: Finished SavePackage ../../../../../Projects/UE4Study/Content/MyMats/M_PaintedWood.uasset
[2015.10.25-11.04.19:102][338]LogWindowsTextInputMethodSystem:Display: IME system now deactivated.
[2015.10.25-11.04.19:462][339]Cmd: QUIT_EDITOR
[2015.10.25-11.04.19:786][339]LogExit: Preparing to exit.
[2015.10.25-11.04.20:545][339]LogExit: Editor shut down
[2015.10.25-11.04.20:546][339]LogExit: Transaction tracking system shut down
[2015.10.25-11.04.20:546][339]LogParticles: Destroying 0 GPU particle simulations for FXSystem 0x0000005F4FCBC860
[2015.10.25-11.04.20:547][339]LogParticles: Destroying 0 GPU particle simulations for FXSystem 0x0000005F47B06160
[2015.10.25-11.04.20:548][339]LogParticles: Destroying 0 GPU particle simulations for FXSystem 0x0000005F456E2980
[2015.10.25-11.04.20:548][339]LogParticles: Destroying 0 GPU particle simulations for FXSystem 0x0000005F46AB9120
[2015.10.25-11.04.20:679][339]LogExit: Object subsystem successfully closed.
[2015.10.25-11.04.20:692][339]LogD3D11RHI: Shutdown
[2015.10.25-11.04.20:692][339]LogD3D11RHI: CleanupD3DDevice
[2015.10.25-11.04.20:744][339]LogD3D11RHI: ~FD3D11DynamicRHI
[2015.10.25-11.04.20:759][339]LogModuleManager: Shutting down and abandoning module WidgetCarousel (197)
[2015.10.25-11.04.20:759][339]LogModuleManager: Shutting down and abandoning module AddContentDialog (196)
[2015.10.25-11.04.20:769][339]LogModuleManager: Shutting down and abandoning module EditorWidgets (195)
[2015.10.25-11.04.20:769][339]LogModuleManager: Shutting down and abandoning module CollectionManager (194)
[2015.10.25-11.04.20:769][339]LogModuleManager: Shutting down and abandoning module CrashTracker (193)
[2015.10.25-11.04.20:769][339]LogModuleManager: Shutting down and abandoning module SuperSearch (192)
[2015.10.25-11.04.20:769][339]LogModuleManager: Shutting down and abandoning module SceneOutliner (191)
[2015.10.25-11.04.20:779][339]LogModuleManager: Shutting down and abandoning module StatsViewer (190)
[2015.10.25-11.04.20:779][339]LogModuleManager: Shutting down and abandoning module FoliageEdit (189)
[2015.10.25-11.04.20:779][339]LogModuleManager: Shutting down and abandoning module LandscapeEditor (188)
[2015.10.25-11.04.20:779][339]LogModuleManager: Shutting down and abandoning module ActorPickerMode (187)
[2015.10.25-11.04.20:779][339]LogModuleManager: Shutting down and abandoning module GeometryMode (186)
[2015.10.25-11.04.20:779][339]LogModuleManager: Shutting down and abandoning module TextureAlignMode (185)
[2015.10.25-11.04.20:779][339]LogModuleManager: Shutting down and abandoning module BspMode (184)
[2015.10.25-11.04.20:779][339]LogModuleManager: Shutting down and abandoning module PlacementMode (183)
[2015.10.25-11.04.20:779][339]LogModuleManager: Shutting down and abandoning module AutomationWorker (182)
[2015.10.25-11.04.20:779][339]LogModuleManager: Shutting down and abandoning module CharacterAI (181)
[2015.10.25-11.04.20:779][339]LogModuleManager: Shutting down and abandoning module SmartSnapping (180)
[2015.10.25-11.04.20:779][339]LogModuleManager: Shutting down and abandoning module ViewportSnapping (179)
[2015.10.25-11.04.20:779][339]LogModuleManager: Shutting down and abandoning module LogVisualizer (178)
[2015.10.25-11.04.20:779][339]LogModuleManager: Shutting down and abandoning module GameProjectGeneration (177)
[2015.10.25-11.04.20:779][339]LogModuleManager: Shutting down and abandoning module IntroTutorials (176)
[2015.10.25-11.04.20:779][339]LogModuleManager: Shutting down and abandoning module EditorLiveStreaming (175)
[2015.10.25-11.04.20:779][339]LogModuleManager: Shutting down and abandoning module IOSPlatformEditor (174)
[2015.10.25-11.04.20:779][339]LogModuleManager: Shutting down and abandoning module HTML5PlatformEditor (173)
[2015.10.25-11.04.20:779][339]LogModuleManager: Shutting down and abandoning module AndroidDeviceDetection (172)
[2015.10.25-11.04.21:378][339]LogModuleManager: Shutting down and abandoning module AndroidPlatformEditor (171)
[2015.10.25-11.04.21:378][339]LogModuleManager: Shutting down and abandoning module IOSRuntimeSettings (170)
[2015.10.25-11.04.21:378][339]LogModuleManager: Shutting down and abandoning module AndroidRuntimeSettings (169)
[2015.10.25-11.04.21:378][339]LogModuleManager: Shutting down and abandoning module MergeActors (168)
[2015.10.25-11.04.21:378][339]LogModuleManager: Shutting down and abandoning module SizeMap (167)
[2015.10.25-11.04.21:378][339]LogModuleManager: Shutting down and abandoning module TreeMap (166)
[2015.10.25-11.04.21:378][339]LogModuleManager: Shutting down and abandoning module ReferenceViewer (165)
[2015.10.25-11.04.21:378][339]LogModuleManager: Shutting down and abandoning module LocalizationService (164)
[2015.10.25-11.04.21:378][339]LogModuleManager: Shutting down and abandoning module LocalizationDashboard (163)
[2015.10.25-11.04.21:379][339]LogModuleManager: Shutting down and abandoning module HardwareTargeting (162)
[2015.10.25-11.04.21:379][339]LogModuleManager: Shutting down and abandoning module DeviceProfileEditor (161)
[2015.10.25-11.04.21:379][339]LogModuleManager: Shutting down and abandoning module UndoHistory (160)
[2015.10.25-11.04.21:379][339]LogModuleManager: Shutting down and abandoning module GameplayTagsEditor (159)
[2015.10.25-11.04.21:379][339]LogModuleManager: Shutting down and abandoning module UserFeedback (158)
[2015.10.25-11.04.21:379][339]LogModuleManager: Shutting down and abandoning module XmlParser (157)
[2015.10.25-11.04.21:379][339]LogModuleManager: Shutting down and abandoning module Blutility (156)
[2015.10.25-11.04.21:379][339]LogModuleManager: Shutting down and abandoning module ProjectTargetPlatformEditor (155)
[2015.10.25-11.04.21:379][339]LogModuleManager: Shutting down and abandoning module ProjectSettingsViewer (154)
[2015.10.25-11.04.21:379][339]LogModuleManager: Shutting down and abandoning module InputBindingEditor (153)
[2015.10.25-11.04.21:380][339]LogModuleManager: Shutting down and abandoning module EditorSettingsViewer (152)
[2015.10.25-11.04.21:380][339]LogModuleManager: Shutting down and abandoning module SettingsEditor (151)
[2015.10.25-11.04.21:380][339]LogModuleManager: Shutting down and abandoning module ProjectLauncher (150)
[2015.10.25-11.04.21:380][339]LogModuleManager: Shutting down and abandoning module SessionFrontend (149)
[2015.10.25-11.04.21:380][339]LogModuleManager: Shutting down and abandoning module ProfilerClient (148)
[2015.10.25-11.04.21:380][339]LogModuleManager: Shutting down and abandoning module TargetDeviceServices (147)
[2015.10.25-11.04.21:380][339]LogModuleManager: Shutting down and abandoning module DeviceManager (146)
[2015.10.25-11.04.21:380][339]LogModuleManager: Shutting down and abandoning module AutomationController (145)
[2015.10.25-11.04.21:380][339]LogModuleManager: Shutting down and abandoning module AutomationWindow (144)
[2015.10.25-11.04.21:380][339]LogModuleManager: Shutting down and abandoning module Layers (143)
[2015.10.25-11.04.21:380][339]LogModuleManager: Shutting down and abandoning module ComponentVisualizers (142)
[2015.10.25-11.04.21:381][339]LogModuleManager: Shutting down and abandoning module DetailCustomizations (141)
[2015.10.25-11.04.21:381][339]LogModuleManager: Shutting down and abandoning module PackagesDialog (140)
[2015.10.25-11.04.21:396][339]LogModuleManager: Shutting down and abandoning module Persona (139)
[2015.10.25-11.04.21:396][339]LogModuleManager: Shutting down and abandoning module Kismet (138)
[2015.10.25-11.04.21:396][339]LogModuleManager: Shutting down and abandoning module GraphEditor (137)
[2015.10.25-11.04.21:396][339]LogModuleManager: Shutting down and abandoning module ClassViewer (136)
[2015.10.25-11.04.21:396][339]LogModuleManager: Shutting down and abandoning module Toolbox (135)
[2015.10.25-11.04.21:396][339]LogModuleManager: Shutting down and abandoning module ModuleUI (134)
[2015.10.25-11.04.21:396][339]LogModuleManager: Shutting down and abandoning module MovieSceneTools (133)
[2015.10.25-11.04.21:396][339]LogModuleManager: Shutting down and abandoning module OutputLog (132)
[2015.10.25-11.04.21:396][339]LogModuleManager: Shutting down and abandoning module GammaUI (131)
[2015.10.25-11.04.21:396][339]LogModuleManager: Shutting down and abandoning module Documentation (130)
[2015.10.25-11.04.21:397][339]LogModuleManager: Shutting down and abandoning module GameLiveStreaming (129)
[2015.10.25-11.04.21:397][339]LogModuleManager: Shutting down and abandoning module StreamingPauseRendering (128)
[2015.10.25-11.04.21:397][339]LogModuleManager: Shutting down and abandoning module AnalyticsET (127)
[2015.10.25-11.04.21:397][339]LogModuleManager: Shutting down and abandoning module Analytics (126)
[2015.10.25-11.04.21:397][339]LogModuleManager: Shutting down and abandoning module AITestSuite (125)
[2015.10.25-11.04.21:397][339]LogModuleManager: Shutting down and abandoning module GameplayDebugger (124)
[2015.10.25-11.04.21:397][339]LogModuleManager: Shutting down and abandoning module AIModule (123)
[2015.10.25-11.04.21:397][339]LogModuleManager: Shutting down and abandoning module ProfilerService (122)
[2015.10.25-11.04.21:603][339]LogModuleManager: Shutting down and abandoning module TaskGraph (121)
[2015.10.25-11.04.21:603][339]LogModuleManager: Shutting down and abandoning module SlateRemote (120)
[2015.10.25-11.04.21:603][339]LogModuleManager: Shutting down and abandoning module SteamVRController (119)
[2015.10.25-11.04.21:603][339]LogModuleManager: Shutting down and abandoning module SteamVR (118)
[2015.10.25-11.04.21:603][339]LogModuleManager: Shutting down and abandoning module ProceduralMeshComponent (117)
[2015.10.25-11.04.21:603][339]LogModuleManager: Shutting down and abandoning module OculusRift (116)
[2015.10.25-11.04.21:603][339]LogModuleManager: Shutting down and abandoning module OculusLibrary (115)
[2015.10.25-11.04.21:603][339]LogModuleManager: Shutting down and abandoning module LeapMotionController (114)
[2015.10.25-11.04.21:639][339]LogModuleManager: Shutting down and abandoning module CustomMeshComponent (113)
[2015.10.25-11.04.21:639][339]LogModuleManager: Shutting down and abandoning module CableComponent (112)
[2015.10.25-11.04.21:639][339]LogModuleManager: Shutting down and abandoning module ArchVisCharacter (111)
[2015.10.25-11.04.21:639][339]LogModuleManager: Shutting down and abandoning module MessagingDebugger (110)
[2015.10.25-11.04.21:639][339]LogModuleManager: Shutting down and abandoning module MediaPlayerEditor (109)
[2015.10.25-11.04.21:639][339]LogModuleManager: Shutting down and abandoning module HTML5Networking (108)
[2015.10.25-11.04.21:639][339]LogModuleManager: Shutting down and abandoning module SpeedTreeImporter (107)
[2015.10.25-11.04.21:639][339]LogModuleManager: Shutting down and abandoning module PluginBrowser (106)
[2015.10.25-11.04.21:639][339]LogModuleManager: Shutting down and abandoning module EpicSurvey (105)
[2015.10.25-11.04.21:639][339]LogModuleManager: Shutting down and abandoning module DesktopPlatform (104)
[2015.10.25-11.04.21:639][339]LogModuleManager: Shutting down and abandoning module VisualStudioSourceCodeAccess (103)
[2015.10.25-11.04.21:639][339]LogModuleManager: Shutting down and abandoning module UObjectPlugin (102)
[2015.10.25-11.04.21:639][339]LogModuleManager: Shutting down and abandoning module SubversionSourceControl (101)
[2015.10.25-11.04.21:639][339]LogModuleManager: Shutting down and abandoning module PerforceSourceControl (100)
[2015.10.25-11.04.21:639][339]LogModuleManager: Shutting down and abandoning module SourceControl (99)
[2015.10.25-11.04.21:639][339]LogModuleManager: Shutting down and abandoning module GitSourceControl (98)
[2015.10.25-11.04.21:639][339]LogModuleManager: Shutting down and abandoning module LightPropagationVolumeEditor (97)
[2015.10.25-11.04.21:639][339]LogModuleManager: Shutting down and abandoning module PaperTiledImporter (96)
[2015.10.25-11.04.21:639][339]LogModuleManager: Shutting down and abandoning module PaperSpriteSheetImporter (95)
[2015.10.25-11.04.21:639][339]LogModuleManager: Shutting down and abandoning module MeshPaint (94)
[2015.10.25-11.04.21:639][339]LogModuleManager: Shutting down and abandoning module SlateReflector (93)
[2015.10.25-11.04.21:639][339]LogModuleManager: Shutting down and abandoning module HotReload (92)
[2015.10.25-11.04.21:639][339]LogModuleManager: Shutting down and abandoning module MainFrame (91)
[2015.10.25-11.04.21:639][339]LogModuleManager: Shutting down and abandoning module LevelEditor (90)
[2015.10.25-11.04.21:641][339]LogModuleManager: Shutting down and abandoning module DirectoryWatcher (89)
[2015.10.25-11.04.21:641][339]LogModuleManager: Shutting down and abandoning module AssetRegistry (88)
[2015.10.25-11.04.21:773][339]LogModuleManager: Shutting down and abandoning module ContentBrowser (87)
[2015.10.25-11.04.21:774][339]LogModuleManager: Shutting down and abandoning module Paper2DEditor (86)
[2015.10.25-11.04.21:774][339]LogModuleManager: Shutting down and abandoning module UdpMessaging (85)
[2015.10.25-11.04.21:875][339]LogModuleManager: Shutting down and abandoning module LightPropagationVolumeRuntime (84)
[2015.10.25-11.04.21:875][339]LogModuleManager: Shutting down and abandoning module Paper2D (83)
[2015.10.25-11.04.21:875][339]LogModuleManager: Shutting down and abandoning module WindowsMoviePlayer (82)
[2015.10.25-11.04.21:882][339]LogModuleManager: Shutting down and abandoning module Media (81)
[2015.10.25-11.04.21:882][339]LogModuleManager: Shutting down and abandoning module WmfMedia (80)
[2015.10.25-11.04.21:882][339]LogModuleManager: Shutting down and abandoning module OnlineBlueprintSupport (79)
[2015.10.25-11.04.21:882][339]LogModuleManager: Shutting down and abandoning module GameplayTasksEditor (78)
[2015.10.25-11.04.21:882][339]LogModuleManager: Shutting down and abandoning module PropertyEditor (77)
[2015.10.25-11.04.21:882][339]LogModuleManager: Shutting down and abandoning module BehaviorTreeEditor (76)
[2015.10.25-11.04.21:883][339]LogModuleManager: Shutting down and abandoning module FunctionalTesting (75)
[2015.10.25-11.04.21:883][339]LogModuleManager: Shutting down and abandoning module CollisionAnalyzer (74)
[2015.10.25-11.04.21:883][339]LogModuleManager: Shutting down and abandoning module WorkspaceMenuStructure (73)
[2015.10.25-11.04.21:883][339]LogModuleManager: Shutting down and abandoning module MessageLog (72)
[2015.10.25-11.04.21:883][339]LogModuleManager: Shutting down and abandoning module Sequencer (71)
[2015.10.25-11.04.21:883][339]LogModuleManager: Shutting down and abandoning module AssetTools (70)
[2015.10.25-11.04.21:883][339]LogModuleManager: Shutting down and abandoning module UMGEditor (69)
[2015.10.25-11.04.21:883][339]LogModuleManager: Shutting down and abandoning module UMG (68)
[2015.10.25-11.04.21:884][339]LogModuleManager: Shutting down and abandoning module Slate (67)
[2015.10.25-11.04.21:884][339]LogModuleManager: Shutting down and abandoning module EditorStyle (66)
[2015.10.25-11.04.21:890][339]LogModuleManager: Shutting down and abandoning module SessionServices (65)
[2015.10.25-11.04.21:890][339]LogModuleManager: Shutting down and abandoning module SourceCodeAccess (64)
[2015.10.25-11.04.21:890][339]LogModuleManager: Shutting down and abandoning module HeadMountedDisplay (63)
[2015.10.25-11.04.21:890][339]LogModuleManager: Shutting down and abandoning module XAudio2 (62)
[2015.10.25-11.04.21:890][339]LogModuleManager: Shutting down and abandoning module Networking (60)
[2015.10.25-11.04.21:890][339]LogModuleManager: Shutting down and abandoning module Core (59)
[2015.10.25-11.04.21:890][339]LogModuleManager: Shutting down and abandoning module KismetCompiler (58)
[2015.10.25-11.04.21:890][339]LogModuleManager: Shutting down and abandoning module PhysXFormats (57)
[2015.10.25-11.04.21:890][339]LogModuleManager: Shutting down and abandoning module MeshUtilities (56)
[2015.10.25-11.04.21:890][339]LogModuleManager: Shutting down and abandoning module CookingStats (55)
[2015.10.25-11.04.21:892][339]LogModuleManager: Shutting down and abandoning module DerivedDataCache (54)
[2015.10.25-11.04.21:934][339]LogDerivedDataCache: Shutdown
[2015.10.25-11.04.21:934][339]LogModuleManager: Shutting down and abandoning module ShaderFormatOpenGL (53)
[2015.10.25-11.04.21:934][339]LogModuleManager: Shutting down and abandoning module ShaderFormatD3D (52)
[2015.10.25-11.04.21:934][339]LogModuleManager: Shutting down and abandoning module MetalShaderFormat (51)
[2015.10.25-11.04.21:934][339]LogModuleManager: Shutting down and abandoning module TextureFormatUncompressed (50)
[2015.10.25-11.04.21:934][339]LogModuleManager: Shutting down and abandoning module TextureFormatPVR (49)
[2015.10.25-11.04.21:934][339]LogModuleManager: Shutting down and abandoning module TextureFormatIntelISPCTexComp (48)
[2015.10.25-11.04.21:934][339]LogModuleManager: Shutting down and abandoning module TextureFormatDXT (47)
[2015.10.25-11.04.21:934][339]LogModuleManager: Shutting down and abandoning module ImageWrapper (46)
[2015.10.25-11.04.21:934][339]LogModuleManager: Shutting down and abandoning module TextureFormatASTC (45)
[2015.10.25-11.04.21:934][339]LogModuleManager: Shutting down and abandoning module TextureFormatAndroid (44)
[2015.10.25-11.04.21:934][339]LogModuleManager: Shutting down and abandoning module AudioFormatOpus (43)
[2015.10.25-11.04.21:934][339]LogModuleManager: Shutting down and abandoning module AudioFormatOgg (42)
[2015.10.25-11.04.21:934][339]LogModuleManager: Shutting down and abandoning module AudioFormatADPCM (41)
[2015.10.25-11.04.21:934][339]LogModuleManager: Shutting down and abandoning module LinuxTargetPlatform (40)
[2015.10.25-11.04.21:934][339]LogModuleManager: Shutting down and abandoning module LinuxServerTargetPlatform (39)
[2015.10.25-11.04.21:934][339]LogModuleManager: Shutting down and abandoning module LinuxNoEditorTargetPlatform (38)
[2015.10.25-11.04.21:934][339]LogModuleManager: Shutting down and abandoning module Messaging (37)
[2015.10.25-11.04.21:934][339]LogModuleManager: Shutting down and abandoning module IOSTargetPlatform (36)
[2015.10.25-11.04.21:934][339]LogModuleManager: Shutting down and abandoning module HTML5TargetPlatform (35)
[2015.10.25-11.04.21:934][339]LogModuleManager: Shutting down and abandoning module Android_PVRTCTargetPlatform (34)
[2015.10.25-11.04.21:934][339]LogModuleManager: Shutting down and abandoning module Android_ETC2TargetPlatform (33)
[2015.10.25-11.04.21:934][339]LogModuleManager: Shutting down and abandoning module Android_ETC1TargetPlatform (32)
[2015.10.25-11.04.21:935][339]LogModuleManager: Shutting down and abandoning module Android_DXTTargetPlatform (31)
[2015.10.25-11.04.21:935][339]LogModuleManager: Shutting down and abandoning module Android_ATCTargetPlatform (30)
[2015.10.25-11.04.21:935][339]LogModuleManager: Shutting down and abandoning module Android_ASTCTargetPlatform (29)
[2015.10.25-11.04.21:935][339]LogModuleManager: Shutting down and abandoning module AndroidTargetPlatform (28)
[2015.10.25-11.04.21:935][339]LogModuleManager: Shutting down and abandoning module WindowsTargetPlatform (27)
[2015.10.25-11.04.21:935][339]LogModuleManager: Shutting down and abandoning module WindowsServerTargetPlatform (26)
[2015.10.25-11.04.21:935][339]LogModuleManager: Shutting down and abandoning module WindowsNoEditorTargetPlatform (25)
[2015.10.25-11.04.21:935][339]LogModuleManager: Shutting down and abandoning module WindowsClientTargetPlatform (24)
[2015.10.25-11.04.21:935][339]LogModuleManager: Shutting down and abandoning module AllDesktopTargetPlatform (23)
[2015.10.25-11.04.21:935][339]LogModuleManager: Shutting down and abandoning module TargetPlatform (22)
[2015.10.25-11.04.21:935][339]LogModuleManager: Shutting down and abandoning module InputCore (21)
[2015.10.25-11.04.21:935][339]LogModuleManager: Shutting down and abandoning module Settings (20)
[2015.10.25-11.04.21:935][339]LogModuleManager: Shutting down and abandoning module OnlineSubsystem (18)
[2015.10.25-11.04.21:935][339]LogModuleManager: Shutting down and abandoning module HTTP (17)
[2015.10.25-11.23.17:773][339]LogHttp:Warning: Timeout processing Http request. 0000005F30918F00
[2015.10.25-11.23.18:338][339]LogModuleManager: Shutting down and abandoning module XMPP (16)
[2015.10.25-11.23.18:338][339]LogModuleManager: Shutting down and abandoning module ExampleDeviceProfileSelector (15)
[2015.10.25-11.23.18:338][339]LogModuleManager: Shutting down and abandoning module TextureCompressor (14)
[2015.10.25-11.23.18:338][339]LogModuleManager: Shutting down and abandoning module ShaderCore (13)
[2015.10.25-11.23.18:338][339]LogModuleManager: Shutting down and abandoning module Landscape (12)
[2015.10.25-11.23.18:338][339]LogModuleManager: Shutting down and abandoning module SlateRHIRenderer (11)
[2015.10.25-11.23.18:340][339]LogModuleManager: Shutting down and abandoning module OpenGLDrv (10)
[2015.10.25-11.23.18:340][339]LogModuleManager: Shutting down and abandoning module D3D11RHI (9)
[2015.10.25-11.23.18:340][339]LogModuleManager: Shutting down and abandoning module AnimGraphRuntime (8)
[2015.10.25-11.23.18:341][339]LogModuleManager: Shutting down and abandoning module Renderer (7)
[2015.10.25-11.23.18:341][339]LogModuleManager: Shutting down and abandoning module Engine (6)
[2015.10.25-11.23.18:341][339]LogModuleManager: Shutting down and abandoning module CoreUObject (5)
[2015.10.25-11.23.18:341][339]LogModuleManager: Shutting down and abandoning module NetworkFile (4)
[2015.10.25-11.23.18:345][339]LogModuleManager: Shutting down and abandoning module StreamingFile (3)
[2015.10.25-11.23.18:345][339]LogModuleManager: Shutting down and abandoning module SandboxFile (2)
[2015.10.25-11.23.18:345][339]LogModuleManager: Shutting down and abandoning module PakFile (1)
[2015.10.25-11.23.18:346][339]LogExit: Exiting.
[2015.10.25-11.23.18:348][339]Log file closed, 10/25/15 19:23:18
